




<!DOCTYPE html>
<html>
<head>
	<meta charset='UTF-8' /> 
	<meta name='description' content='' />
	<meta name='robots' content='noodp, noydir' />
	<meta name='viewport' content='width=device-width, initial-scale=1' />
	<meta id="timeStampFormat" name="timeStampFormat" content='MMM d, yyyy hh:mm:ss a'/>
	
        <link href='http://fonts.googleapis.com/css?family=Source+Sans+Pro:400,600' rel='stylesheet' type='text/css' />
        <link href="http://fonts.googleapis.com/icon?family=Material+Icons" rel="stylesheet" />
        <link href='http://cdn.jsdelivr.net/gh/extent-framework/extent-github-cdn@ff53917fbbdb5ef820abbbe4d199a6942dc771ff/v3html/css/extent.css' type='text/css' rel='stylesheet' />
	
	<title></title>

	<style type='text/css'>
		/* json-tree */
		.jstBracket,.jstComma,.jstValue{white-space:pre-wrap}.jstValue{font-size:10px;font-weight:400;font-family:"Lucida Console",Monaco,monospace}.jstProperty{color:#666;word-wrap:break-word}.jstBool{color:#2525CC}.jstNum{color:#D036D0}.jstNull{color:gray}.jstStr{color:#2DB669}.jstFold:after{content:' -';cursor:pointer}.jstExpand{white-space:normal}.jstExpand:after{content:' +';cursor:pointer}.jstFolded{white-space:normal!important}.jstHiddenBlock{display:none}
			
	</style>
	
	<script type="text/javascript">
		/*! json-tree - v0.2.2 - 2017-09-25, MIT LICENSE */
		var JSONTree=function(){var n={"&":"&amp;","<":"&lt;",">":"&gt;",'"':"&quot;","'":"&#x27;","/":"&#x2F;"},t=0,r=0;this.create=function(n,t){return r+=1,N(u(n,0,!1),{class:"jstValue"})};var e=function(t){return t.replace(/[&<>'"]/g,function(t){return n[t]})},s=function(){return r+"_"+t++},u=function(n,t,r){if(null===n)return f(r?t:0);switch(typeof n){case"boolean":return l(n,r?t:0);case"number":return i(n,r?t:0);case"string":return o(n,r?t:0);default:return n instanceof Array?a(n,t,r):c(n,t,r)}},c=function(n,t,r){var e=s(),u=Object.keys(n).map(function(r){return j(r,n[r],t+1,!0)}).join(m()),c=[g("{",r?t:0,e),N(u,{id:e}),p("}",t)].join("\n");return N(c,{})},a=function(n,t,r){var e=s(),c=n.map(function(n){return u(n,t+1,!0)}).join(m());return[g("[",r?t:0,e),N(c,{id:e}),p("]",t)].join("\n")},o=function(n,t){var r=e(JSON.stringify(n));return N(v(r,t),{class:"jstStr"})},i=function(n,t){return N(v(n,t),{class:"jstNum"})},l=function(n,t){return N(v(n,t),{class:"jstBool"})},f=function(n){return N(v("null",n),{class:"jstNull"})},j=function(n,t,r){var s=v(e(JSON.stringify(n))+": ",r),c=N(u(t,r,!1),{});return N(s+c,{class:"jstProperty"})},m=function(){return N(",\n",{class:"jstComma"})},N=function(n,t){return d("span",t,n)},d=function(n,t,r){return"<"+n+Object.keys(t).map(function(n){return" "+n+'="'+t[n]+'"'}).join("")+">"+r+"</"+n+">"},g=function(n,t,r){return N(v(n,t),{class:"jstBracket"})+N("",{class:"jstFold",onclick:"JSONTree.toggle('"+r+"')"})};this.toggle=function(n){var t=document.getElementById(n),r=t.parentNode,e=t.previousElementSibling;""===t.className?(t.className="jstHiddenBlock",r.className="jstFolded",e.className="jstExpand"):(t.className="",r.className="",e.className="jstFold")};var p=function(n,t){return N(v(n,t),{})},v=function(n,t){return Array(2*t+1).join(" ")+n};return this}();
	</script>
</head>
	<body class='extent standard default hide-overflow bdd-report'>
		<div id='theme-selector' alt='Click to toggle theme. To enable by default, use theme configuration.' title='Click to toggle theme. To enable by default, use theme configuration.'>
			<span><i class='material-icons'>desktop_windows</i></span>
		</div>
<nav>
	<div class="nav-wrapper">
        <a href="#!" class="brand-logo black"><img src="http://cdn.jsdelivr.net/gh/extent-framework/extent-github-cdn@ff53917fbbdb5ef820abbbe4d199a6942dc771ff/commons/img/logo.png"></a>
		<!-- slideout menu -->
		<ul id='slide-out' class='side-nav fixed hide-on-med-and-down'>
			<li class='waves-effect active'><a href='#!' view='test-view' onclick="configureView(0);chartsView('test');"><i class='material-icons'>dashboard</i></a></li>
			<li class='waves-effect'><a href='#!' view='category-view' onclick="configureView(1)"><i class='material-icons'>label_outline</i></a></li>
			<li class='waves-effect'><a href='#!' view='exception-view' onclick="configureView(2)"><i class='material-icons'>bug_report</i></a></li>
			<li class='waves-effect'><a href='#!' onclick="configureView(-1);chartsView('dashboard');" view='dashboard-view'><i class='material-icons'>track_changes</i></a></li>
		</ul>
		<!-- report name -->
		<span class='report-name'></span>
		<!-- report headline -->
		<span class='report-headline'></span>
		<!-- nav-right -->
		<ul id='nav-mobile' class='right hide-on-med-and-down nav-right'>
			<a href='#!'>
			<span class='label blue darken-3 suite-start-time'>Sep 28, 2023 04:06:26 PM</span>
			</a>
		</ul>
	</div>
</nav>		<!-- container -->
		<div class='container'>
<div id='test-view' class='view'>
	<section id='controls'>
		<div class='controls grey lighten-4'>
			<!-- test toggle -->
			<div class='chip transparent'>
				<a class='dropdown-button tests-toggle' data-activates='tests-toggle' data-constrainwidth='true' data-beloworigin='true' data-hover='true' href='#'>
				<i class='material-icons'>warning</i> Status
				</a>
				<ul id='tests-toggle' class='dropdown-content'>
										<li status='fail'><a href='#!'>Fail <i class='material-icons red-text'>cancel</i></a></li>
					<li class='divider'></li>
					<li status='clear' clear='true'><a href='#!'>Clear Filters <i class='material-icons'>clear</i></a></li>
				</ul>
			</div>
			<!-- test toggle -->
			<!-- category toggle -->
			<div class='chip transparent'>
				<a class='dropdown-button category-toggle' data-activates='category-toggle' data-constrainwidth='false' data-beloworigin='true' data-hover='true' href='#'>
				<i class='material-icons'>local_offer</i> Category
				</a>
				<ul id='category-toggle' class='dropdown-content'>
					<li><a href='#'>@UserCreation</a></li>
					<li><a href='#'>@UserCreationValidation</a></li>
					<li><a href='#'>@CreatingUserByLocation</a></li>
					<li><a href='#'>@Invalid_Credential</a></li>
					<li><a href='#'>@ValidatingUserByLocationInOraganization</a></li>
					<li><a href='#'>@ValidatingGeneralInfo</a></li>
					<li><a href='#'>@Valid_Credential</a></li>
					<li><a href='#'>@ValidatingPayGrade</a></li>
					<li class='divider'></li>
					<li class='clear'><a href='#!' clear='true'>Clear Filters</a></li>
				</ul>
			</div>
			<!-- category toggle -->
			<!-- clear filters -->
			<div class='chip transparent hide'>
				<a class='' id='clear-filters' alt='Clear Filters' title='Clear Filters'>
				<i class='material-icons'>close</i> Clear
				</a>
			</div>
			<!-- clear filters -->
			<!-- enable dashboard -->
			<div id='toggle-test-view-charts' class='chip transparent'>
				<a class='pink-text' id='enable-dashboard' alt='Enable Dashboard' title='Enable Dashboard'>
				<i class='material-icons'>track_changes</i> Dashboard
				</a>
			</div>
			<!-- enable dashboard -->
			<!-- search -->
			<div class='chip transparent' alt='Search Tests' title='Search Tests'>
				<a href="#" class='search-div'>
				<i class='material-icons'>search</i> Search
				</a>
				<div class='input-field left hide'>
					<input id='search-tests' type='text' class='validate browser-default' placeholder='Search Tests...'>
				</div>
			</div>
			<!-- search -->
		</div>
	</section>

<div id='test-view-charts' class='subview-full'>
    <div id='charts-row' class='row nm-v nm-h'>
        <div class='col s12 m4 l4 np-h'>
            <div class='card-panel nm-v'>
                <div class='left panel-name'>Features</div>
                <div class='chart-box' style="max-height:94px;">
                    <canvas id='parent-analysis' width='90' height='70'></canvas>
                </div>
                <div class='block text-small'>
                    <span class='tooltipped' data-position='top' data-tooltip='$0%'>
                    <span class='strong'>0</span> features passed</span>
                </div>
                <div class='block text-small'>
                    <span class='strong tooltipped' data-position='top' data-tooltip='100%'>
                    4</span> features failed, 
                    <span class='strong tooltipped' data-position='top' data-tooltip='0%'>
                    0</span> skipped
                </div>
            </div>
        </div>
        <div class='col s12 m4 l4 np-h'>
            <div class='card-panel nm-v'>
                <div class='left panel-name'>Scenarios</div>
                <div class='chart-box' style="max-height:94px;">
                    <canvas id='child-analysis' width='90' height='70'></canvas>
                </div>
                <div class='block text-small'>
                    <span class='tooltipped' data-position='top' data-tooltip='0%'>
                    <span class='strong'>0</span> scenarios passed</span>
                </div>
                <div class='block text-small'>
                    <span class='strong tooltipped' data-position='top' data-tooltip='100%'>
                    8</span> scenarios failed, 
                    <span class='strong tooltipped' data-position='top' data-tooltip='0%'>
                    0</span> skipped, 
                    <span class='strong tooltipped' data-position='top' data-tooltip='0%'>
                    0</span> others
                </div>
            </div>
        </div>
        <div class='col s12 m4 l4 np-h'>
            <div class='card-panel nm-v'>
                <div class='left panel-name'>Steps</div>
                <div class='chart-box' style="max-height:94px;">
                    <canvas id='grandchild-analysis' width='90' height='70'></canvas>
                </div>
                <div class='block text-small'>
                    <span class='tooltipped' data-position='top' data-tooltip='1%'>
                    <span class='strong'>1</span> steps passed</span>
                </div>
                <div class='block text-small'>
                    <span class='strong tooltipped' data-position='top' data-tooltip='33%'>
                    23</span> steps failed, 
                    <span class='strong tooltipped' data-position='top' data-tooltip='65%'>
                    45</span> skipped, 
                    <span class='strong tooltipped' data-position='top' data-tooltip='0%'>
                    0</span> others
                </div>
            </div>
        </div>
    </div>
    <div id="timeline-chart" class="row nm-v nm-h">
        <div class="col s12 m12 l12 np-h">
            <div class="card-panel">
                <div class='left panel-name'>Timeline (seconds)</div>
                <div class="chart-box" style="width:98%;max-height:145px;">
                    <canvas id="timeline" height="120"></canvas>
                </div>
            </div>
        </div>
    </div>
</div>	
	<div class='subview-left left'>
		<div class='view-summary'>
			<ul id='test-collection' class='test-collection'>
				<li class='test displayed active has-leaf fail' status='fail' bdd='true' test-id='1'>
					<div class='test-heading'>
						<span class='test-name'>Validating the Admin Functionality in Pay Grades</span>
						<span class='test-time'>Sep 28, 2023 04:06:28 PM</span>
						<span class='test-status right fail'>Fail</span>
					</div>
					<div class='test-content hide'>
<div class="sr-filters bdd-filters">
	<a class="btn-floating waves-effect waves-light pass green" title="pass"><i class='material-icons'>check_circle</i></a>
	<a class="btn-floating waves-effect waves-light fail red" title="fail"><i class='material-icons'>cancel</i></a>
	<a class="btn-floating waves-effect waves-light skip blue" title="skip"><i class='material-icons'>redo</i></a>
	<a class="btn-floating waves-effect waves-light clear grey" title="clear"><i class='material-icons'>clear</i></a>
</div>

<div class='scenario node' test-id='2' status='fail'>

	<span class='duration right label'>00 00 50.280</span>
	<div class="bdd-test">
		<div class="scenario-name"><span class='status fail' title='Fail'><i class='material-icons'>cancel</i></span> Scenario: Checking the functionality Pay Grades in Job</div>
	</div>
	
	
		<div class='category-list'>
				<span class='category label'>@ValidatingPayGrade</span>
		</div>
	
	<ul class='steps'>
		<li test-id='3' class='node given Fail' status='Fail'>
			<div class="step-name" title="(com.stepdefinition.OrangeLoginStepDefinition.open_browser_orange_hrm(java.lang.String))"><span class='status fail' title='Fail'><i class='material-icons'>cancel</i></span>Given Open Browser OrangeHRM "https://opensource-demo.orangehrmlive.com/web/index.php/auth/login"</div>


					<textarea disabled class="code-block">org.openqa.selenium.WebDriverException: unknown error: net::ERR_CONNECTION_TIMED_OUT
  (Session info: chrome=117.0.5938.92)
Build info: version: '4.12.1', revision: '8e34639b11'
System info: os.name: 'Windows 10', os.arch: 'amd64', os.version: '10.0', java.version: '17.0.7'
Driver info: org.openqa.selenium.chrome.ChromeDriver
Command: [aa84f62aea6a9863ef17d746000ba9b3, get {url=https://opensource-demo.orangehrmlive.com/web/index.php/auth/login}]
Capabilities {acceptInsecureCerts: false, browserName: chrome, browserVersion: 117.0.5938.92, chrome: {chromedriverVersion: 117.0.5938.92 (67649b10b92b..., userDataDir: C:\Users\sjamadar\AppData\L...}, fedcm:accounts: true, goog:chromeOptions: {debuggerAddress: localhost:56077}, networkConnectionEnabled: false, pageLoadStrategy: normal, platformName: windows, proxy: Proxy(), se:cdp: ws://localhost:56077/devtoo..., se:cdpVersion: 117.0.5938.92, setWindowRect: true, strictFileInteractability: false, timeouts: {implicit: 0, pageLoad: 300000, script: 30000}, unhandledPromptBehavior: dismiss and notify, webauthn:extension:credBlob: true, webauthn:extension:largeBlob: true, webauthn:extension:minPinLength: true, webauthn:extension:prf: true, webauthn:virtualAuthenticators: true}
Session ID: aa84f62aea6a9863ef17d746000ba9b3
	at java.base/jdk.internal.reflect.NativeConstructorAccessorImpl.newInstance0(Native Method)
	at java.base/jdk.internal.reflect.NativeConstructorAccessorImpl.newInstance(NativeConstructorAccessorImpl.java:77)
	at java.base/jdk.internal.reflect.DelegatingConstructorAccessorImpl.newInstance(DelegatingConstructorAccessorImpl.java:45)
	at java.base/java.lang.reflect.Constructor.newInstanceWithCaller(Constructor.java:499)
	at java.base/java.lang.reflect.Constructor.newInstance(Constructor.java:480)
	at org.openqa.selenium.remote.codec.w3c.W3CHttpResponseCodec.createException(W3CHttpResponseCodec.java:200)
	at org.openqa.selenium.remote.codec.w3c.W3CHttpResponseCodec.decode(W3CHttpResponseCodec.java:133)
	at org.openqa.selenium.remote.codec.w3c.W3CHttpResponseCodec.decode(W3CHttpResponseCodec.java:52)
	at org.openqa.selenium.remote.HttpCommandExecutor.execute(HttpCommandExecutor.java:191)
	at org.openqa.selenium.remote.service.DriverCommandExecutor.invokeExecute(DriverCommandExecutor.java:196)
	at org.openqa.selenium.remote.service.DriverCommandExecutor.execute(DriverCommandExecutor.java:171)
	at org.openqa.selenium.remote.RemoteWebDriver.execute(RemoteWebDriver.java:602)
	at org.openqa.selenium.remote.RemoteWebDriver.get(RemoteWebDriver.java:304)
	at com.utils.DriverClass.openPage(DriverClass.java:28)
	at com.stepdefinition.OrangeLoginStepDefinition.open_browser_orange_hrm(OrangeLoginStepDefinition.java:20)
	at âœ½.Open Browser OrangeHRM "https://opensource-demo.orangehrmlive.com/web/index.php/auth/login"(file:///C:/Users/sjamadar/Desktop/SeleniumGit/Pilot_Project/PilotProjectOrangeHRM/src/test/resources/Features/Admin_Job.feature:4)
</textarea>
		</li>
		<li test-id='4' class='node when Skip' status='Skip'>
			<div class="step-name" title="(com.stepdefinition.HooKs.Use_enter_login_details())"><span class='status skip' title='Skip'><i class='material-icons'>redo</i></span>When Use enter login details</div>


					<div class="node-step">Step skipped</div>
		</li>
		<li test-id='5' class='node and Skip' status='Skip'>
			<div class="step-name" title="(com.stepdefinition.OrangeLoginStepDefinition.click_the_login_btn())"><span class='status skip' title='Skip'><i class='material-icons'>redo</i></span>And click the Login btn</div>


					<div class="node-step">Step skipped</div>
		</li>
		<li test-id='6' class='node given Skip' status='Skip'>
			<div class="step-name" title="(com.stepdefinition.Admin_UserManagementStd.select_admin())"><span class='status skip' title='Skip'><i class='material-icons'>redo</i></span>Given Select Admin</div>


					<div class="node-step">Step skipped</div>
		</li>
		<li test-id='7' class='node and Skip' status='Skip'>
			<div class="step-name" title="(com.stepdefinition.Admin_JobStd.select_job_and_click_on_pay_grades())"><span class='status skip' title='Skip'><i class='material-icons'>redo</i></span>And Select Job and click on Pay Grades</div>


					<div class="node-step">Step skipped</div>
		</li>
		<li test-id='8' class='node when Skip' status='Skip'>
			<div class="step-name" title="(com.stepdefinition.Admin_JobStd.click_on_add_and_filling_the_details_of_Pay_Grades())"><span class='status skip' title='Skip'><i class='material-icons'>redo</i></span>When Click on Add and fill the details of Pay Grades</div>


					<div class="node-step">Step skipped</div>
		</li>
		<li test-id='9' class='node and Skip' status='Skip'>
			<div class="step-name" title="(com.stepdefinition.Admin_JobStd.click_on_save_pay_grades())"><span class='status skip' title='Skip'><i class='material-icons'>redo</i></span>And Click on Save Pay Grades</div>


					<div class="node-step">Step skipped</div>
		</li>
		<li test-id='10' class='node then Skip' status='Skip'>
			<div class="step-name" title="(com.stepdefinition.Admin_JobStd.user_validate_the_saved_successfully_Pay_Grades())"><span class='status skip' title='Skip'><i class='material-icons'>redo</i></span>Then User validate the saved successfully Pay Grades</div>


					<div class="node-step">Step skipped</div>
		</li>
		<li test-id='11' class='node * Pass' status='Pass'>
			<div class="step-name" title="(AFTER)"><span class='status pass' title='Pass'><i class='material-icons'>check_circle</i></span>com.stepdefinition.HooKs.takeScreenshot(io.cucumber.java.Scenario)</div>


					<div class="node-step">Screenshot</div>
					<div class='screenshots'>
						<a href='data:image/png;base64,iVBORw0KGgoAAAANSUhEUgAABVYAAAI+CAYAAABXOVGrAAAAAXNSR0IArs4c6QAAIABJREFUeJzs3X+QlfWdJ/q3Iwkju2HLmjRp+TG5iZg7/shYjYRSMzvXFNeoXII4GjPZ2A43AhHiZuP4A8dlL8uGccQfScZhQBu1GNtsJmoiItcf8VK6uRlNOUBfE5XZESfrgNB2j2UtSeGQ6HD/OD/6nO7T3eeBhkZ5vaqs6nOe53yfz/P9PqetfvN9vs8x+/fv3x8AAAAAAJr2G6NdAAAAAADAe41gFQAAAACgIMEqAAAAAEBBglUAAAAAgIIEqwAAAAAABQlWAQAAAAAKEqwCAAAAABQkWAUAAAAAKEiwCgAAAABQkGAVAAAAAKAgwSoAAAAAQEGCVQAAAACAggSrAAAAAAAFCVYBAAAAAAoSrAIAAAAAFCRYBQAAAAAoSLAKAAAAAFCQYBUAAAAAoCDBKgAAAABAQYJVAAAAAICCBKsAAAAAAAUJVgEAAAAAChKsAgAAAAAUJFgFAAAAAChIsAoAAAAAUJBgFQAAAACgIMEqAAAAAEBBglUAAAAAgIIEqwAAAAAABQlWAQAAAAAKEqwCAAAAABQkWAUAAAAAKEiwCgAAAABQkGAVAAAAAKAgwSoAAAAAQEGCVQAAAACAggSrAAAAAAAFCVYBAAAAAAoSrAIAAAAAFCRYBQAAAAAoSLAKAAAAAFCQYBUAAAAAoCDBKgAAAABAQYJVAAAAAICCBKsAAAAAAAUJVgEAAAAAChKsAgAAAAAUJFgFAAAAAChIsAoAAAAAUJBgFQAAAACgIMEqAAAAAEBBglUAAAAAgIIEqwAAAAAABQlWAQAAAAAKEqwCAAAAABQkWAUAAAAAKEiwCgAAAABQkGAVAAAAAKAgwSoAAAAAQEGCVQAAAACAggSrAAAAAAAFCVYBAAAAAAoSrAIAAAAAFCRYBQAAAAAoSLAKAAAAAFCQYBUAAAAAoCDBKgAAAABAQYJVAAAAAICCBKsAAAAAAAUJVgEAAAAAChKsAgAAAAAUJFgFAAAAAChIsAoAAAAAUJBgFQAAAACgIMEqAAAAAEBBglUAAAAAgIIEqwAAAAAABQlWAQAAAAAKEqwCAAAAABQkWAUAAAAAKEiwCgAAAABQkGAVAAAAAKAgwSoAAAAAQEGCVQAAAACAggSrAAAAAAAFCVYBAAAAAAoSrAIAAAAAFCRYBQAAAAAoSLAKAAAAAFCQYBUAAAAAoCDBKgAAAABAQYJVAAAAAICCBKsAAAAAAAUJVgEAAAAAChKsAgAAAAAUJFgFAAAAAChIsAoAAAAAUJBgFQAAAACgIMEqAAAAAEBBglUAAAAAgIIEqwAAAAAABQlWAQAAAAAKEqwCAAAAABQkWAUAAAAAKEiwCgAAAABQkGAVAAAAAKAgwSoAAAAAQEGCVQAAAACAggSrAAAAAAAFjRntAgA4/C655JLDdqyHHnrosB0LAAAADhczVgEAAAAAChKsAgAAAAAUZCkAgKPcwdyqX7ukwGDtNLMPAAAAvNeYsQoAAAAAUJBgFQAAAACgIEsBAHBI1d7+b1kAAAAA3i/MWAUAAAAAKEiwCgAAAABQkKUAAGjIbfsAAAAwODNWAQAAAAAKEqwCAAAAABRkKQAARkTt0gEAAADwfmfGKgAAAABAQYJVAAAAAICCLAUAQEMPPfTQiOxTy3IBAAAAvF+YsQoAAAAAUJBgFQAAAACgIMEqAAAAAEBBglUAAAAAgIIEqwAAAAAABQlWAQAAAAAKEqwCAAAAABQkWAUAAAAAKEiwCgAAAABQkGAVAAAAAKAgwSoAAAAAQEFjRrsAAI58l1xySVP7PfTQQ4e4EgAAADgymLEKAAAAAFCQYBUAAAAAoCBLAQDQUO3t/83e4n8gnwEAAID3IjNWAQAAAAAKEqwCAAAAABRkKQAAGjqQW/nd/g8AAMDRwoxVAAAAAICCBKsAAAAAAAUJVgEAAAAAChKsAgAAAAAUJFgFAAAAAChozGgXAMDouuSSS0a7BAAAAHjPMWMVAAAAAKAgwSoAAAAAQEHH7N+/f/9oFwEAAAAA8F5ixioAAAAAQEGCVQAAAACAggSrAAAAAAAFCVYBAAAAAAoSrAIAAAAAFCRYBQAAAAAoSLAKAAAAAFCQYBUAAAAAoCDBKgAAAABAQYJVAAAAAICCBKsAAAAAAAUJVgEAAAAAChKsAgAAAAAUJFgFAAAAAChIsAoAAAAAUJBgFQAAAACgIMEqAAAAAEBBglUAAAAAgIIEqwAAAAAABQlWAQAAAAAKEqwCAAAAABQkWAUAAAAAKEiwCgAAAABQkGAVAAAAAKAgwSoAAAAAQEGCVQAAAACAggSrAAAAAAAFCVYBAAAAAAoSrAIAAAAAFCRYBQAAAAAoSLAKAAAAAFCQYBUAAAAAoCDBKgAAAABAQYJVAAAAAICCBKsAAAAAAAUJVgEAAAAAChKsAgAAAAAUJFgFAAAAAChIsAoAAAAAUJBgFQAAAACgIMEqAAAAAEBBglUAAAAAgIIEqwAAAAAABQlWAQAAAAAKEqwCAAAAABQkWAUAAAAAKEiwCgAAAABQkGAVAAAAAKAgwSoAAAAAQEGCVQAAAACAggSrAAAAAAAFCVYBAAAAAAoSrAJQQFdu+vhJ+djHT8rHvvxgepv+XG8eueqMfOzjJ+Xcm7uy7xBWOJR9Xasz+7ST8rHTFuR7O0epiKPOgV4zHFl9dyTVAgAARwbBKsBRqPehBaWApNn/DjZI6X4mjzy2J0myvePJvDQiZ1HcS09+Ky/tTbL3mTz5E9FQI1tvPi0f+/hJ+f2/eHm0SwEAADiiCVYBOPRaz8mlf3hKxmZ8pl19Xk4dpTJOnXNDzj4+Gdv6uVx4Zkv9xn0789Kj92fZovOzavPo1Df6Xs6zj+1LMjmXzjylfpP+AQAAqDNmtAsA4PAbf+bifOe+L9e880955tY/ztqfJclnc+N9l9WHn/9qSsYf1BFbcv5Nj+TvbjqoRg7a2FOuyHe2XNFwW++jyzP7+meSJAsa7/L+9+rWPLEzSdsVubBfrqp/AAAA6glWAY5CYye35ezJte/0Zse9lZ+n5IzfOyvTDn9ZjLI9/31rXkrymS+elymjXQwAAMARzlIAAECSfdny3KNJPpsLZ7YMuzcAAMDRTrAKwEHp/fE9+fqlZ+d3Pn5SPnba2bn4mnvy7IDnQg39RPHezQ/mpkUXZsZp5X1OOzuzL//jrN28p/k6mmij9qFdN22uf29G+Tb3JFl7aeXBXQvyve764+x5+dG64/zO2Rdm0c2P5qXmS+3z7p5s33RPvn55v7oX3Zynu/vvd3+WLbow555Rqe20zJj91dz06KvZ178v+p/nnpfzyM1frX729HO/mlU/7j8KY/OZb7ySn//DX+bC4we21Wz/NGPPyw9m2eXn5/SPn5SPffyMnHv58nzv5cE7cET6fPPN1T758kO9Se9zWbWgdN3+zlWP1l+T5f6affZpdWPyyCA19m5+MLdfc3nf/h8/Kaefe3m+3vFcet8dpJ5mx77/sZr6vvXbv9rXTdTV/VzWXnN59Vr5nbMvzbKHXs6ewfYHAICjmKUAADhgrzy0IF++/pm+YG9vb7Y+fHO+9NPefP+RGzJt3HAt9OaJ69uz6KFX69/e25uXfvxoJsz5kyyYfjjaaMa+vLSmPRff2lUXZO7rfjlPdPxxnnjwiXz7kb/MhZMHbaBffV25/dL2rHq5Xyy6tzcvPXlPnrvihnymtfTW1jvOzsV/0T8+3Zfel3+Ytf/hh3n6pQey8Ya2jG10nP/ZlZsuvjRra7pnz6s/zO2X/7dsvf3p3HvR4Z2d+srDX82ia36YvohyT7b/+P7cMHtDnrn9kay5qLYDR7jPq4d8Mss+szz37S2/3vvPfW3/bHX+3Re/la17a/Yvj8nXn3wwT/SrsffhBZlxzTPpb8+rz+WRm5/LE397U5668/OZcmxte82Pfa1C37d3d+aJP5k/4HtRrWvD4vzXB66u+8y+zd/KxfNW56Wac9/X3ZX7rr8wz26/ImcMLAkAAI5qZqwCcGCeX54v/+eeXP7nT+T5LVvy/FPfzOUnlre9ek/+9OGdwzax78er8/Vy8DP1j9bmRy++kp//wyv5+bZn89TaqzO1YVI4sm20fO72vLBlSzYuO6v63uVrt+SFLVvywpbbM7ecO/Y+fFU54Bubaf/+vvxoW+k4LzyyLJ8Zl+StH+br/9fA2bgNvftq7mu/tBqsTT3vhtz71LOlYz77RL7zjc+npTaI25ec+rnSPn/3Sum4f/ej+3LV9NLJbe9YnfWDzHK87z+05+m2Zfn+01vywpZns/Ebny0/iGxfnv7Wg3lpmJmIzfZPU7avzg3XvJoLvvFAfrRlS17Y8nS+/43PZ2qSZE+e+E/fzBNv9e0+on1e49lv3pzvnbUsG7eUr5V7P5+WJOl+NIvKoerY6YvznR+9WNq+5ZEsnzm2VOM1y+tn6b6bjP+9K3LzA0/nhXJ9P9/ySG6+pPRl2LdpeTq7avcvOPYVhb5v+7L1jkqoemK+cMsjeeGVV/LzV17Mj9ZelqlJ9r28Ol+/oyawfuuHWVINVU/MF/qNUTruyfcK9jMAALzfCVYBODB7ky+seiA3fu7EtBw/Pi0nfi7Lv3l19aFHW/9u+4Bb1Pvb072zus9n/o9zMqUye25sS6bOXJwbPzd8anfQbYwdn/HHj8+Ef9WXwI79N6X3xh8/PmOPTbLvuaz6T6WZgmO/tCr/9eqzMqW8+/hPXpZv/9lnSy+euT+PvzrgCANrfuybWVYO26YufCAb11yRz5zYUjpm64k5+0s3ZUFb3/5Tr3g6G/+8tM/Ycug2dvJZuebqy8p7PJOX/65xb++bsSz3/tllmfbR8Rl/fEtO/dI38+1Lyht3Ppkt/2OYYpvpn2bt7M20VQ/k5i+1Zcrx4zP++MmZ9qWbcu9N55S27300D2wqx6Qj3Oe19uXzWfPnl+XU4+vfffauP8nTe5OMuyxr1l2dsyeXD3j8Kbn8lj/L+aUDpvPJvgOO/99uyvP33ZAvTJ+c8ZUuOv6UfOFrV+TsSrsv9e1fdOyrinzfXnswf/oXpWNOW/aXufmSUzL+2CTHjs2Umcvy7atLM253dGzIs+UP7Xjs7jyyN0nG5sIGY7Tx3ssaz4gGAICjmGAVgAMz7rJc+G/7RS2fPKscPiV5vTfDLYHZ8r+2VYOh+/7zjblv887sK7iW40i0MayXf5LvlW+PvnzWOQMCpvFt55RDtJfzzE+Hmz/Zm6c3/LD047jLsvzqQW7hr22/pSXZ15vtm5/J9zq+lZuuuTyzLzw/p3/pnuo+O/6pcW9feMl59behZ2xOm3FO5cSy860GHzpUJi/OgvPGD3h7yqzP58Lyz09vL8+8HNE+7+cPP1ua8Vrn5Tz34L7Btx/flnPKk3Zf+vHL1VmyY1taMvbdfdnxs+fyyHe+ldv/01cz+8ILM+P8G/NseZ+XdlfGpvjYVxX4vvVu/W/ZmiQ5K5fOPDH9nTr9vPJPD2bry6W6tj5TTnsHGaOx//azubzZWgEA4ChhjVUADsyME/sFdgfgk1fk2//+yfy7v3g5+15+MMsufTDLxrXkM1+5KTf+0TmZOjDfOTRtDKP31ZerswHXfumkrB1q52FD3Z15aVP5xxmn5KQmkrUdj92YRdc/WLf2ZTI+U08cnz2vDh1fT5gwAh0wUqa2ZEKja2Z8SyZUfv777elNWzKifV7vM78zdeCb3dv7+vfey/Oxe4c6Xu2arPfky/NuzrN1AfXYtJzYkrGv9vabtV187KsKfN92/PfKmq/P5YbfPyk3DLrnvvI/QtTUNdgYHfubzdcKAABHCTNWARhFYzPt6kfy/FNrc+NFbaW1P/f25ulvLci5Z1+aVT8bbjGBkWrjyLWv61v58lWlUHXqJcvynaeezQsvvpKf/8OWPPVnnx/t8kbepJYcQVHw0LofzaIvlkLVsdMX59uPPJ0X/r8X8/N/eDHPd15dnlELAAC8X5mxCsCoG3/iOVlw+zlZcFNvXnr0W/n69Q9m+96u3P7Ve/KZHy3OqYepjcG0TDoxSWkW4IIHXsmN0w+isYzP5E8m+VmS7b3peTeNH1ZUtuX/Xp3tSZLLcuM3LsvZtbMcf30wdYyCN/flfyYZsOrtqy9Vb5ufMnFCxmak+7wJLZMzNcnTSbLwgfz8hkYLndbb8cyDpTVZc0pu/LOrc2HtXffvpMEaw8XG/kC1/C9nJXkuyTm5+dm1+ULrcJ8Ym/GTk+zM4GO0pzc9I14pAAC8t5mxCsCRY2xLTr3kpiz/cvn1zq68OMjT7g9pG/39zqnVtSzve+SZYR/KNbQTc8b/Xnp4UHauzu11T3Pvrzc7/qHy89iMrfvn0H15dtOTB1XJYfez+/PEz/q/uS/PfveevJQkGZvzP3VK6e0R7fMmHHtqTp1V/vn+DeXAdGi9/+O58k//JmP73da/48c/rIbFfYqM/YGbcuqZ5XWHn8kDTzbzZK8TM21m+QR+dk8eeG5gb+947ME8MoI1AgDA+4FgFYBR0/vozbnpoa7s2NMX5Ox77Zk8+d/KLya35bRhZtuNRBtJMnbch6o/P/HID7PjrT3p3fxonu5Ocvxns2BhKRDb952rcvGN92fra3uyZ1+Sd/dlT/erefahm/PlNV3DHyjJqZf9SS4clyT78vT15+fiFQ+W2ntrT/Z0v5qnO/44a7uSpCUnfaKS2N2fu+9/Ob37kuzdma1rrsqX7z00wVwjQ/ZP017N7V+8NLdvejW9lXP9VnvfeZyzLAsqM1NHuM+HNz7nz7uiFEjuvT+LLi09CG1P+bra91Zvtv/4wdy0YHX5wVDJlKmVh4A9l7vveSY79qb0kLFHl+fLNz4z8BApMvYH4ZOfz1fLpW1dfmm+9BfPZHv3ntJ6qvv2ZM9rL+eRjj/Oskerj+DK2Z9fnNLKszuzdkF7/Rj9xeWZveK55h+0BQAARwlLAQAweva9mrXXX5q11zfaeGIWfPOK4W/hH4k2kow/6/xcOO7RPLI32fGdr+b3v5OUbqX+XJKxmfa1v8w1Wy/N7Zv35aW/Xp6L/3r5wEYWnjfwvUaO/2xWfvfq7Pjit7J1775svffGXHzvjXW7LHjgm0mSaZ+/IdM6lmdr9uXp5RdmRuWw487JzTddkRtuvKe5Yx6kofunSedcnRs/fE9uWnB+VvXfdvxn8+3/8vmaW9BHuM+bMHb61Vlz3dZcfGtX34PQBux1RXUmbcusL+Xy//xM7tubbP+rBfn9v6rsc2IW3HJDplx/c2lpgVoFxv7AteQL/+Uv0/V/fjXfe3VPnv3Wgpz7rYF7feaWP+l7ccoVWVl5CNzerqyqG6MTs+CBVcmlC4Z+iBgAABxlzFgFYNSMb/t8rrrorJza2jcXbvyJp+T8hTfl+88+kRunDz9HbiTaSFIKvH5wUy6f3lKemTc2LdNPyZRx5e3jTslV3302G/98cS78vRP7HrA0riWnfvKzufwba/PU4uHX5awY+8nF+f6zT+TeGz6Xs0/se1zT+BPPyoX//pu5tHxHfE68LP/1iW9mwXmVY47P1POuznf+n7X5QoOH2x8yw/VPU1oy98+eyHdu+FymlcdrbOspOX/hN7Px6b/MhZP77T7CfT68sTl10QN5fuM3c9VFZ2Xq8X3vt5xySs7/0rLc+9TiTKvWcU6WP31fbryoLS3jyvtNvyw3b3wgN/7e4I/ganrsD8bkz+bmJ57Nd75xWc4/paVvtunxJ+bU3/tcrrrlgay8qHYl1dJD4P7f+27IhdUxHp+p512Rb298IDdO/zcjUBQAALy/HLN///79o10EAAAAAMB7iRmrAAAAAAAFCVYBAAAAAAoSrAIAAAAAFCRYBQAAAAAoSLAKAAAAAFCQYBUAAAAAoCDBKgAAAABAQYJVAAAAAICCBKsAAAAAAAUJVgEAAAAAChKsAgAAAAAUJFgFAAAAAChIsAoAAAAAUJBgFQAAAACgIMEqAAAAAEBBglUAAAAAgIIEqwAAAAAABQlWAQAAAAAKEqwCAAAAABQkWAUAAAAAKEiwCgAAAABQkGAVAAAAAKAgwSoAAAAAQEGCVQAAAACAggSrAAAAAAAFCVYBAAAAAAoSrALA4dD9eFbMX5R585dnU/doF/M+NRp9POCYXemcvyjz5i9K59bDVMP7UO/G5Zm39PH0jnYh/W3tyLz5Hdk22nUwwLY7F2XFRr9cAYDDS7AKAMAB6M6mpUdGgNy7cXnm3dk12mUcRkdO3wMAHM3GjHYBAADvH21pv3tN2ke7DAAA4JATrAIcxXo3Ls9162tunWydk1tXXJCW8sttdy7Kys1Jpi/MrZM39O3bb790P54VSzdke4N2qsdonZNb/2BHrlvd1bCNIWvp335a075iWWa2Dqxz3ZVtDd+rrWPJmc9n5fruzFy8Ju3TktLt2x3Z1Kj9Ic5taPVtzpw7p+Fe1Tor+1VrGrz/p85dlqWzd9e0X98fw/bnYAr085J0ZOXm8vZdHZm3un62YKnG1vpahrkGsrW2nba0z92dzsrnqvt1Z9PS5emsntrAcy/pGqR/+t6fuXhhsrojm1rn5NYVrXmi+v6yTPxB5RgNznHIvqxtf03O31UZh7YsuXthTu7Xz9Xx3tqvD2uu5YYGjFVN+wOu5/rrqu+zrWlfMSe7llb2LbXx4dprZ7A6ao+/elE2DXatNDp+wxpr6x+ocg0NbKf2eujIvPn1197wdTS3z5CG/B1Rqu+5M5fl4p3Lq8eprXFgG61pXzwjz63ekYsb9cmQfV+sX0vXXbJkcbJydVffePc7p/p6+30Hq+dbOnbqvj8NzjXD9HmlphVT8v1qDQPPo66N6QuzZLBzBAA4hCwFAHCU2nbnovrgLUm6N+S6RusHbu6o37d7Q66r3HY7IOApb++/PmL3hr5Arfz6rvJ6eANCwFpbOzKvf/vpTueB3gbbvSEr687l8azoF0LVbWvm3AZ+MJuW1re5aX3/cxgYLiTJptUNzqtf/29fvzzz6mruTueqvpoKjW1FkX7e3FFXd++u3QOa275++cDPDXENDAgW01UKVfvVUx+qVmrsv6ZqdzqXDt4/FZtWNx73Tatrj1Hqg3mD1T2MlukzMrV8Ppsr/bFrRzUsmt4oVE2SzR2D39recKwqtTW+njetbrT+ZP9+6srK+f2unc0djb9nrRdk6d3L0t5aCsXW3V0J9kq3qK/Mwqy7e03pvxVz8lrtdV2uMYvXVPe5de7urBzs+tzakevWJ+0rGgWerZm5Yk1undtaCgXvXlMO8Zqoo6l9hrG1I/OWPp+zVvSdy5LJA39HbF+/PJtnlPdZ3Jbt6+/qu2bLv2c+Wu2PryQ/GGR8h+r7ov1a1ZWVz3+q9JlqqFp7Tgvz0Zrv87Y7l6dzcl+fLTmzvrVNq+9Krqr/bN+112yfd2XlquQrd5fOr721Kytrvg/b7lyUlTvn5NZKGzP+dsDvUgCAw0GwCnA06n483y//ETpzcd8ft5UA6PsDApi2LKn+oV6eebT5b7MtybZKYDh9YfUP6ZlJ0v18flrXTGvaV1T+SC69s31nKZD7p501s+Oqf2xfkJZ0Z9MPuvpt6/v8ph8c2MNtKufcPq2m/ppzXLd4RlLo3PrZuqFmtmO/fquojsHAfTY93z9QK9dWHaO+mqrtdu/IP9W12+zYJincz31jObM1aZm9rG/c7l6TJdMzyHkMfg1se75mNmi/4w/s176xKh2rO89trj+vqXOXNe6funLKx+o/+7R/36YvwOpf97Ba23JWpR/L51g91+mfysk1fV+puTpe5e9YvZqxau0Llm6dO6XUduWardlWGY/t6zcMaK9yzMo+fWNUvtaTvLarwAOBtm5IZ3dbltTOcm29IF+Z29p3/us3ZPv0hXUhacvsr6S9tSZ8rp7u41mxuiszFzealXxwdTS1z5BKYzF17lfqajv5yoWZ2f93RO35TpuT9tbu7NpVejmwP1oz86qa73qTCvVrnda0z+3rg23rNyR159SW8/v1ydTJJ1R/Pnl2/fdnaoPPbv9JV+l3SNN93pr2qyrttmbmH7QlO7tLbXQ/nu9vrt2eZNrCmmsYAODwsRQAwNGoMmOudU7Or/wR3npBLp6+ISs3V0KjmqRg+qeqt2C2TJ+RqdUwsju7dpY3bC7dhtunFBz8buVl64z8bmuStOZ3z2xN1ndX/1D+8OTWZHN3XxvVW0t3Z1cloKz+4V/6I7tzdVfjsGw4tedcU//UuXP6bjOddkFmpjubhjm3pPEtwKnM4Kyec9Iye05mrq+ZHVidtVieFVrbfCVAqKj0f2trPpqUbiGfUeqPloknJKlJcIqObZIU7efpc+pDrkYzexsZ9BqoGYcz2+rClM6amZx9M2NLMytrbd+5O6kJB8+a3tq4f2rM/IPGt/MP7NvyzNK0ZuLkQZsb7KT7nWtXNlcC9bltSbpSyS23r1+eeetrP1sal5NbB77Xv/6W2eV/iNg5cNvJc+dk6uYN2V5pr6a2Sj9Vv4PVMTohE1uLnmt5jFpn5MP93m+ZeELyk76xnnrmCf32KPXtc7u6k2mVE34+dy3tzkeL3prfVB0pfU+H2WfoJT9K/fnRif2/TydkYiU4LW+qDSIrXtvVnUzLIP1RVJF+7a881jXtbN/c/1pM0lrqk5NntGX76uWZt77xMgP9+6P0PSppZlxaBtRUKa30e6hl145szwm5uEjQDgBwiAhWAY5CjW7dblo1EExqQ55G6+iVjjV8ky2zl2Xd9JpwrntDrpu/I0tWTMlrB15pE/rqHxiODH9ug4VO1Rm4k1tr1qHtrjuXvjEYfA3EwqFxDnBs+9VWTFc6l9bMklxxQf6pwRIHQ2s8Dv3Ppdqvg61x2v14sdIPk+o/RnQ/n59unVHq60qAWdP3Ta3tWd2/NRMn9t/Y14+jqva6H8TA71sD3UlaSzN926cNsd7sQdTR1D5DajQOxTXVH4dJNYe6AAAgAElEQVSxnUF/5yXJtIVZd3d5CZf5i4ZfD7i/g+7zJK1TBoSzAACjwVIAAEeh6rqP3RvyRM26h9VbyGf0+yO55pbkvlu2p+TDNbOK6m8z7krnYOtDDqb1giytu219d3alcht1dzrXV9qrvW29NJPzw5PrlydIdVbgcNoyvXLb+uqadQi3Pp5N3U2cW6XmuuULauvZUF1HsXfz83UzOvtmcdXfnt+7saPfeqHFFB7bpOZ29aH7uaFq0NeWJeXlG6qzmJvW19d9yw5056c/qe+Iar/WnluSbXcOt4bkKKvp3+d+ULoOqjNzy7OQk35LLnQ/ns5GyzbUjlXNurG9Gx/PttrruaatvuUB+mZQHyotE09ouIRB767d5UCtNINy4K32peumLhhsnZGvrFiYmZs7GqwPe7B1NLfP0EozU/svQ1EKuJsNXAfpj7p/wDqIdhr1axPtNLPURWkJkIWZWfN7rpGR7fMkE6dk6oDlWA7k9w4AwMEzYxXgaFRza/im1YvqH3RTd6t8xcBbryu3Gvfdrt1vn+kL095kOY0e4lQKLVpzcqX9Abfj99223nfL9sA6h9N3m3TtZ1vTvuKCAz63vuUSGtzmXzFtTtpbu9LZ3f8W8Na0H8xagc2M7YCn0tfcdj9EPw+teN/XHqNv2YENuW7+hoZ71S6nUH9ubUf4E8H7lgPY3l2ahlm5Bb+6fuX67gHnPnVuW+oe2FWeGdi4r9qyZHbN9dygHwdb+uBgvVZ7m/m0OWlvXZ6Vd3b1zWLsfjx3rU/aV5Renzx3TqYu7Ujn1r4Zur0b70pn5uTWAb972tK+Yk5WLF2eFRliFmVSXUKjpck6mtpnSJXr9q5smt63Buy2OzuyafrCrGsyyzx5RluyekM2dbeV2+gq/94Zvobavi/Wr0PU06CdbO1IZxamfVp3Nt3Zld+9snwtlf9hpTZD3rS6I9Mrs/BHvM9T/seFDelc35WZ5TZ6N96Vzu70rUtbfQBXwbV5AQAKMmMV4Ch18pVrBj7sY/rCgQ/yKb9fu+/UuctqHsSysP6hSkmaD+MGU3N7/LSFWbe4f1ttWXJ3zR/M0wbW1/SDTFovyNIB9ZdnUB7ouQ1oszXtiwe2M3NFozGYc9BBQKGxrWimnxspP3imolDf9zt+3QO+pi8c+MCvtKW9wUOt6tbHPUJVZxInA2aOtsxe1rDvLx7qVuz++1dujW54PZceSFV0ndLhlYLF7euXZ9785eVZi62ZuWJZ2nd2ZN78RaX/+gdc5RpfW72ous91P5nReHmHyv6Ly8cZZCZ8y+w5mdm9IdfNX1Se3dpEHU3tM4xpC7Nu8QnpXNp3LitT8Nb4AW38baYPGMP+GvR90X4dtOlSf2+qaWfeD6aU/8GtNRNT6ufB+mvm4k9lc3X7hnx08Qj3eYM27spXPLwKABgVx+zfv3//aBcBwJGpOpO06Bp6cLBqZtUOud4jvB9t7ci8H0wpHoqOqq50zu9IDuBhYwAA71WWAgAARt/Wjsxb3Wg24hAzN+F9qbQUwNS5c95DoSoAwNFJsAoAHJnMlOZo0OAfFWYuXpOlZn0CABzxLAUAAAAAAFCQh1cBAAAAABQkWAUAAAAAKEiwCgAAAABQkGAVAAAAAKAgwSoAAAAAQEGCVQAAAACAggSrAAAAAAAFCVYBAAAAAAoSrAIAAAAAFCRYBQAAAAAoSLAKAAAAAFCQYBUAAAAAoCDBKgAAAABAQYJVAAAAAICCBKsAAAAAAAUJVgEAAAAAChKsAgAAAAAUJFgFAAAAAChIsAoAAAAAUJBgFQAAAACgIMEqAAAAAEBBglUAAAAAgIIEqwAAAAAABQlWAQAAAAAKGjPaBQBw+G27c1FWbm68bercZVk6u/XwFgQAAADvMcfs379//2gXAcDo2Xbnonx/sjAVAAAAirAUAAAAAABAQYJVAOpt7ci8+R3ZtrUj8+Yvyrw7n86mpYuyYmP3wP2WPp7e7sezYv6idG4dnXIBAABgNAhWAWigKyuf/1TW3b0m6678TH73zNZs/0lXemv22PZ8V6ae2ZaW1tZ8dNTqBAAAgNEhWAWggda0z22rvmqZPiNTu5/PT6uTVruyeXNrzpremqQt7XevSfu00agTAAAARodgFYAGTsjE2mdZtbblrNbuPLe5lKz2btyQTdPnZKbnXQEAAHCUEqwC0ITWzPyDtmzfuTtJd376k+7MnNE27KcAAADg/UqwCkBzpn0qMzf/bbZ1d+W57rZMd+s/AAAARzHBKgBNasv06V35/qrns336p3Jy9f2udM5flM6to1gaAAAAHGaCVQCadvKMtmzvTt2DrQAAAOBodMz+/fv3j3YRALxHbO3IvB9Mya0rLkjLaNcCAAAAo8iMVQCa1JXO1V2ZemabUBUAAICj3pjRLgCAI113Ni1dns7uZOrcZVk6u3W0CwIAAIBRZykAAAAAAICCLAUAAAAAAFCQYBUAAAAAoCDBKgAAAABAQYJVAAAAAICCBKsAAAAAAAUJVgEAAAAAChKsAgAAAAAUJFgFAAAAAChIsAoAAAAAUJBgFYAj29aOzJu/qO6/zq2lTb0bl2fe0sfTe8iO25FtDTd2pXP+osy7s+tQHHlIh/Sc3ye23bloiLEDAAAYGWNGuwAAGMy2Oxdl5ea2LLl7TU6uvNn9eDo3dyfTWkexsra0370m7Yf6MFs7Mu8HU3LrigvScqiP9V7VoI9OvnJN1o1qUQAAwNFAsArAEal34/Ks3Dknt97dL1RsvSDts0erKgAAACgRrAJwBOrKE+u7M3NxkzM1t3Zk3urybfmtc/rN8OzOpqXL09mdQbZ3pXN+RzZlsO31x5g6d1mWzk42LV2e585clqWzW6ttZPGyTPxB37FmLl6T9mmD1Jm2LFmcrBxkRmpptm6pvuvmb0imL8y6K9tG6Jz7G6oP+m1LW5bcvbA6g7h34/Jc95MZufUPduS6hvUcSN802N79eFYs3ZDtldfTF2ZJOhr2UbWmmnPu688G7W/tyLzVyZIVU/L96jHqzxMAAKA/wSoAI+r113flr+7/bv7+le35xElT80eXfTGTJk0s1kh3d15LWy6eNvyu6d6Q655fmHV3L0wlxLtrY1s58OyuBqDrZpeWDth256Jcd2drOaQs7f/a3JrtGx9vcIzHs2J1V00Y1z1wnySbVt+V9hVrsq61HDiu7sj0Sji3tSPzVu9O+4o1mdma6rHTOqVhWydfuSbrBlsK4KDOub8h+qAcZn508ZqsK49F78bluW5+R33oOGQ9zfZN+pZ86H48K5Yuz6YVy0p9VVPH0nL/b9q4OyfPHqKP+jqrFDJPXph1d7fVnNeidNaFt11ZuWpKbr17TVrKn1l5Z9cgfQYAAODhVQCMsEqomiR//8r2/NX93y3eyK4d2d46JR9uaue2LKmGX205f25rtv+kq/Rwp60b0pk5+UpNwHfy3DmZuvlvsy1J78YN2TR9YV0AePLs/gFdVzqXbkjmLqufQdnA1LlfKYemScvsOZmZ3dnVnSTd2fSDrrrtSVvaFx9oaHfg59zfUH2wbf2GbJ++sO68W2Z/Je2tXdm8dZh6du6uO85wfTNzcU1Q23pBLp7enec2lwLsbev7939rZs5usu+2bkhnd219pfa/Mrc1m56vffhYa9qvqox9a2b+QVuys9tDwgAAgEGZsQrAiKqEqoO9blr3jvxTMvxSAEMEsL27difd5dvE6z+UXd3d2fWT7kw984QhGt+d7y/tSOYuqwseB/PRif336c6uXUlaSyHiwO0H6IDPOTm5roTu/HTQPujOrp1psK01Eycnz+2qeYBYo3rKoWRl/Ibrm02rF9UsN1CxO8nubN6cfHTGgfVd767dSeuMAfW1TDwh+UltjSdkYIlNXoMAAMBRSbAKwIj6xElT68LUT5w0tXgjE6dkap5vEAQegEHXF+3OpjQXdm7/SVd6B8xkLVxIJhZcEeHADzXcmqr1huqDEQuDhzFgTdWqrhx0301uFY4CAAAjzlIAAIyoP7rsi9UwtbLGamHlW8E713cNv+8QWiaeUJ112OAgmTg5/W4H7++EXLxiWdqzIdfdeTC1nJCJrX23tlf07to9yP4Hbuhz7m+oPhhsW2km68gFrqWZoq/tarxu7WB916yWiSckDZZB6N21W+AKAAAcFMEqACNq0qSJuXHJNVl395rcuOSa4g+uKjv5yoWZubkj85Y+Xr/OZffj6dzYZMg2bU7aW7uysi4U7Upn+XVp7dGOdNasF7ptY7/jpTUzV5RrOeBwtTW/e2Zrtq/f0BfwdT+eu9Y3cR5Nh6Rlw5xzf0P1QaNtvRvvSmfm5PxmHizWlNJ6ptvX35VNNd3Ru7Gj/LrR9u5s2lhzPkP1UaP+6H48d61P2ud6MBUAAHDgLAUAwBGqLe13r8n0Oxf1Wy+0LUvuvqDJNkqh6K75HZk3v++99hXLyj9ekKUrkhVLF2VeZfP0hVnXqJYVc/La0o7MWzont64oHsi1zF6WW7M8181fVD72nNy6uC3X/WCID02bk/bW5Vk5f1GprqaeUD/MOQ/YfYg+aLSt4DIDTZm2MLfOXZ7rli5KZ20Ns/u2r1vckXk126fOXZaZSRN91JqZK5YlS5cP6I+Zh2eVAwAA4H3qmP379+8f7SIA4GjUu3F5rts5p8nAFAAAgCOJpQAAYDSUlwKYOUOoCgAA8F5kKQAAOAx6Ny7PdXVrqramfcUat6MDAAC8R1kKAAAAAACgIEsBAAAAAAAUJFgFAAAAAChIsAoAAAAAUJBgFQAAAACgIMEqAAAAAEBBglUAAAAAgIIEqwAAAAAABQlWAQAAAAAKEqwCAAAAABQkWAXgyPbim5l07Rt1/93xYmlTz1M9mXTLW+k5ZMd9M1sabtyTO659I5M69xyKIw/pkJ7zUWVvHr6l71pqTmnci32mCT1vZUH12h69a2ugUh8teGpv+fUhOn8AAHiPGjPaBQDAYLZ0vpE5L4zJhts+kjMqb/a8lTte2JucNm4UKxufr902Pl871Id58c1Meuw30nX98ZlwqI/FAD1P9aSt+zfzevv4Q3iUPbnjll/lk/M+krWnld86HNcWAABw0ASrAByRep7qyZzdH0zXbf1CxQnH52vnjlZVcCgckymScwAAeM8RrAJwBNqTv35yf5bMa3Km5otvZtK6d0o/T/hgvxmee/PwLb/IVZV75wds35M7rn07KzPY9vpjzDrvQ1l7bvLwLb/IY20fytpzx1XbyLwPZcpjfcdaMu8j+dppA9soGZMN85I5g8xILc3WLf3cdu0byenH1c+cPKhz7l9TsuH638idt/wqjyVJjsmq6yfkogn99pmXzFn3Tl0ttXXWn3OpT352XqWPyjNAnzy23E6y4bbf6puJXK55x6x+fdaw71Ieh5p2uz6Qrln/krYm+2TWecdlVqP+GLDv25n0wtvVcW/U1tDj3GB7Rc9bWVDp81veyFUZkw23HZd/rL22Bu37wca4QT+++GYmrXu3Zkzr96kfw35jDwAADEqwCsCIev31Xfmr+7+bv39lez5x0tT80WVfzKRJE4s10vNufpYxubJRGDVg31+lreu4vH7bb6US5v3Hp/aWQ7e91QD09XIIt6XzjbR17imHU33hX3X7U281OMZbWbDunZqAbO/AfZKsXPfLrLr+I3l9QjnsW/dmPl0JD6vh1kfKoVU5jJ3wwYZtndH+kbzeNshSAAd1zo28kznrPpiu2z6StZVab+lJ6gK2dzKnesxUj3PVCcfl9dvG9/XTLW/kjnkfyddOG5+vzft1Jq17O1vOHZczsid//WSy6vrfyhkT9mRJ3s7fvJicURnjnn15rGfwMd/Slb4lIXreyoJbfpmHTx/XV18TfXLVCcfl9etLtfY81ZO2nmRJw6ONy0XXj8unBywFUFr3dPhx7l9rTx5uFFZOOD5rb9uTO67950ypCT3/sdH4NOj7wcb4022/TFvXnnzttPK57n43yf7s6ElKF9I72dFTmSW7J3+TvjEsnc9b+bTlJwAAYFgeXgXAiKqEqkny969sz1/d/93ijfT8Sx6b8BuZ0tTOY7KhGnyNzx+ed0we69pXerjTi2/nqnwwf3pu33qsZ5z3wcx64dfZkqTnqX/OytOPq858TJIzzu0fKJXWwMx5H2o867DGrPP+dTU8m3Dub2ZJ3s0/9iTJ3jz82Dt125Px+dq8A/33zQM/58aOyara2cGnHZdVE/bnsRf21u9zXu2M2bdzVU9tHUkmHJ8/Pe+YrOwqP3jptN/KhtPfyZ1P7S339W+Wz398Pn16+vZL0vPCr/PY6R+omcFa74z2mtmtE8Zm1oRyUDhUn3S/M2itE87911l1gMnhwHF+J3/zYlIZ5yXzams9Plee3r8vi2rQ90OM8YQTjk2q4703f9OVLDm9Zlxe/HVWTvhAPl0ei6/V9svpH8isnn/JjoOoFgAAjhZmrAIwoiqh6mCvm1YOd4bNvoYIYHt2v5v0vFO6lb7OMZnVszf/2LU/s9qG+l/hu7nzlneSmtvOh/LJE/rvU5kl+E529DTafoAO+JyTMxp26LH57br3x+W3T/jFkPv07H43mfCBAXVMOOHYpOvdVCZHnnHeB5NbfpG2jMmG2/oCvDPaxiTrfp0t7amZzTrUQ6L63fqefrNNG/XJ7lIdGaTWAzX4OJbGeeW6N/qWlqjZduAa9P1QY3zaB7Ik/5x/7EnOyL48lg/kT89Lfraurz9mtR3X992qXZIgSTImVx5EtQAAcLQQrAIwoj5x0tS6MPUTJ00t3siE38is/LoUDB3s/ciDri+6Nw+nubDzsa596Tl33EHeGn0YH1A01JqqI+mEY5sIvo/NJ5Oa0K7stOOyasIvS2PcU5pB2TVYY+XgL9UlG8prhI50rSNk0DVVR9KQYzw+nz797dz5wt58Or9O2v51Jkx4J5/s+ef8Tc/epGt/Pjmrdt3bZNX1H8naCSn39b8c4uIBAOD9wVIAAIyoP7rsi9UwtbLGamHl26evenLP8PsO1cwJx1Znvg40Lr99Qv3t6AMdmyuv/1BW5Vdp6zyYWsZkyoBb6ytrX46soc+5WXvzj7uHDp3rbzfv07P73boQc0tnaQ3bypIAfcbl023JYy/szZaudzKrbeygwWdpmYDjmpo13Hyt7/RbSmAkjMmUCcnPdh/Mbf/Da2aMp7SWlkLY0Z3MOn1cSmHr/uzoeSc7esbk0+W1gv+ma3+WzPOwKgAAOBCCVQBG1KRJE3Pjkmuy7u41uXHJNcUfXFV2RvtxWfLC25l0y1upy7963sodTzUZXJ12XFZNeCdz6kLRPbmj/Lq0LuXbuePFvq1bnup3vIzLRdeXazngcHVcPt12TB578u2+cK/nrfzHJ/cP/9GiIekw59xY/f49T/0yV+WD+cOhZl02Ok7PW/mPT6ZvPdAX38ycF8bkynPHlZYEePKXebimcyec/oGk65e584VjyuFfY/2D0Z6nflm3JMCwTvtAlqQ+2N3S+XaD2/UbqCwn0JRxuWjWmDzW7zx7nnqz7vVBa2KMJ5z+gcx64e3MeaFvGYEz2sZk5bq3s7K6lm3/f1zYm4fX/Wrg7GIAAKAhSwEAcIQan6/dNj6f7nyj31qSY7LhtmZnLo7LRde/kx3Xvp1JL7xdfu+YrLq+8uSh47P2+tKT7CdVPnL6cXm9US3Xv5uf3fJ2Ju1+N13Xjy18NhPOnZCu9PSdy4QPpmvemDw2VIp12nFZNeEXmXPtG6W62odag7RimHNuaEw2tP06k6r9PCYbbhtuKYFxuej6JLf8IpOurT/ORZVbyte9kyXzPlIK8SYcnz89rydtt7yZ376t/HCnCWMzK7/KVacfV7oNfTCn/VY2nP5GqR+SzDrvuKya8HaBwHl8vnZbcse1v8ikJ0trxy6Z96Gs2j30cgITzv3NLHny7bRd+0ZmnfehrD23iUOd9lvpOq8nbbe8kasq751+XF5v5rNNa2KMJ4zNrAm/ymMn1DwQbMJvZFaST7bVrHXbflyWVNs5JqvmfTCz1lkKAAAAmnHM/v37m5guAwCMtJ6netLW/ZtNBqaHyItvZtK6ZMNtNU+yP2zKa6XOOgxrkgIAAIwwSwEAwGgoLwWwpG0UQ9VRVrqlv7LeJwAAwHuLpQAA4DAoPX299iaRY7Lq+o8cnQ8NevHNTFr3TkpLDozGTFkAAICDZykAAAAAAICCLAUAAAAAAFCQYBUAAAAAoCDBKgAAAABAQYJVAAAAAICCBKsAAAAAAAUJVgEAAAAAChKsAgAAAAAUJFgFAAAAAChIsAoAAAAAUJBgFYAj0pbONzLp2vr/Fjy197DX0fNUTyZd25OHew7VAd7Kgkbt97yVBde+kTteHHz/kaltbx6+pcFxDrfy+U7q3NNg4xFS43BefDOTrn0zWwrt38R1Xu6b0bj+R8oh/x4BAMAoGDPaBQDAYGad96GsPXdc+dWe3PH/t3f/IVbdd97A38YZE90quGmuo2MaWkwXd01kzI+2CNmCG2zmyQ6xC+0WVnb+sEazISysVdi1Cfaxf2j8Yyk+iTH5Y5Z5IJtCmzCbZ6xkhd1CaLdJHGwFoQktafwx3tQVtOskOmaeP+69M3d+OmccMya+XiB4zzn3nM/5nusfeef7/Zwt5/PtpG7btVd6sJQTD17LC9yc1tLFdB+5kHX191X+KN1JunvO5YkVC4ZvLzXm+6WPobaZcKQvP2hZkCdWXN1pyq+V09J7S06sX3Dlg2dSaU56ti5MaXBD5Xfe3PPh0PbSwjy/Z8YqnIILeXn3+bzXumjwOX4qf6sAANzwzFgF4BNiQf567ax09/bPdCHTbF4+tzij7uutnv60lmYlpy6nPGJ7Fs+uC+I+TRqyd+2s7OooMOvzU2dBntgzP3tzMf/0CZ6hCgAANwIzVgH4hDqXH2zpS9oX1c1uHDFT7uiZNHckXVtvyr7dF9OdJGlI155bc0/d8d0t87Op93zajlTOMmymbO0ce27NPZM5Pqks3R683qzsbW9Md8dH2TR43eHuaWlIOi7lrfWp7j+X14/MSmt7Y9JxKa+Xk3WlSr2/O5Vsa10wRm3VWZo9jelp/SgtHdWgdtSMyMo9PF6u1T43reOM7a7Bz3VjdvRMmrtvqjtn9XyL5w7NDq0/5uiZNHcMhcbbhj2v0T734Geyt+d82jrPXWG26fD7GLrP+u19aT7Sl9a1N6e158NhMygrY3c5e7eWBsd2+CzLCcYgQ2Pd1XIpbQcHKr+BxSNKrN77qN/HFc3Luta+PN79YcoPzktp1G99xL2PqC2ptNKo/T6zcm660pd9TbU6auebn9u7h84z6tkM+x1n9G9prGdbqvtOx+nsyqzKGJeH/1YHx/DgwPDvrxjnvFc5gxkAAK4FwSoA0+rEiZP5l//7Yn799jv54p3L8rd/8600Ny+5+hOXz+afDiZ7txZd2t2fto456dmzKM9XA6mRoV33wfO5q31RTqxPNdT5Q15eOa8auI024fHVMOqu9kV5vi4E605DNo1X4orGbMsH+V05uaeUpHw5v8rsrF5RaRPwXjlJKUn5w3SXZ6V1oumq5Ytp6ZmbE3tuTS1A+6fXLlQDtboQtDqO5dfKaSkn2wa/P1T/iWqYVX6tnJYtZyqh2IrGbOv4oC7s7a/Ul8rM2lKS8qnLyeLGlMpn8+2Oy9m7ddHg2Fy5x+a8rGv/MN27P8jLaxeM8wyGAu4T1cDyrc7Taak+13Vb52X1iFYA5ZTTUtdWoXzqcpKBobFNf94rz8rtI57hmGNQN9b7Mj8n9tRC+L6653A23+7on3ooWLopreWP8l6tvHrlD/PeiHuv/02/1Xk6bafmpGdPNQStBvCtTcNPs6vjD9m7dVFOlKr313Emq+sD9Oqze75awFudp9Oy+2wlXB3v2ZYW5vk9o1sBZMRzr4Sqs4fGs/b9Kf1mAABgZmgFAMC0qoWqSfLrt9/Jv/zfF6d8ru6D54de6tORfH9Padywc3yzsre9NstuXta1NoxaXp+Vc4cCoBVzs7dUDdzGM8Hxbx28mO76/ZmXde1zxpgVWq8ht5cG0n2ksvS7fORSulc25p7My+qWWdnVU32hU7W/6uoJx6AhXYOh8Yj2CUf78ni5fn9SevAz2Vt3vtH1147pz+tHR9eao5eya2VDtpUrM2uTC3m9ZyDbWmrXmJ3P1c5fWph1kwkZSwvz/bXJ4x1nR+ZxQ/eROfl+3SzQe9bOSeuRS+O2ECgtnp0M7r+Q13uSbSvrxvbopeyqju2Vx6CmIZvGnIl6Lj/YfTFZO/8qZ1pezu/GGoDSwjxRf+8tdb/p8tnsO1L/m0+y4tZ0rRx9mta1nxn891R68JZsG7zehbzc3T9sf5Lcs35u3XNOpvRskyTn8q8Hk71b60LqYd+f6nkBAODjJVgFYFrVQtXxPhfRunZ+TuxZlBNb56S1fDH/OqW3wteFNDXVmYCD12kavYDjV6fG7285/vGVpfpj7Z9YJUDt7vkw5RHBZGnx7MHQ7K2e/rS23Dxxf9XSTbl95Lbq98unLo+9f9B49Vf6wFbusVprNax9q6c/21puzeqVtXC5P++VG7J6Raov5upP2xTeaF968JZsK4/dZ7R86nJlZm4tdN9yOs27L6Z7vCAyqc4Kru4vf5juNOav1zamtW5sKmM7mTGoFTnWWF7Ovt19+VXh5f9jGeO3W3P0TN3/dKjrz1v+KN0Tfa/OXYtH1lf/DMfaXwnVK7N8p/5sc/RSdo1X49WcFwAAPmaCVQCm1RfvXDbh5ykpLczz7Q2fmJcajQ6krqy0srG69LtuSXpSCQTLl/J6uRL4TeXcw0zixVdXukZpZWN1dui5vH6kEqLe3lSd/Xn0UnYNBo7zsm7ropzYMzd3HTyf5i3lAsu6F+SJ9oZ0H+wb+5mXKu0dTgz7M9GM5gVZvbIy07Z85FLScnNKpdm5qzq2r/cMDBUccKoAABZmSURBVLvvqx3nSkg+deUjl9I9Tgj+Vufpar/S6n23jwiBJwzPJ6vuNzimq3m2maDGqzwvAAB8jASrAEyrv/2bbw2GqbUeq9NixdzsLfVn3+AstoYxgp/+iZfwX3OVWY2Dy8tryh8NvQBoPKXZuSv9eb1zaEl6RXXp/cG+dNdmgk7R8OXwNfVjNk79GRHqlmbnrlzO745ezq9WNuaeVMPWU5fz1uDMz3oL8sSeRelZmzx+cOS5J7Di1nSt7E9b54ej72PErOPJuL2pMtP2vd6kdeW81MLW98p1s2wnOwbjmp1NW+dnby6mpbPAvQ5zLv96cCDbWheOEYJXXmw2bBl9vdJNaR22XH+o9skb0e5h0IjQP8mUnu2YNY40xd8MAAB8jASrAEyr5uYl+cdt/5COF57NP277h+l5cVWSWn/U7oN/qM5gqwZg3UN9ON/qrH+L+8y4p6UhOfJB3Sy7c/lB/VLtcS3I6pXJriP9I2aVVpfeH+mv9l29Cisasy314fToMav0Ku3LD+raLpRf+0Mez5z89WCoWwkkH++4mNSWzJduTmsupu1gLbRMcvTMsPO81zv0BvjJqtRzcfDN9ZX7qITsbcOCy3P5wcggc0Qv3cpM2760HRlahn5PS0N2dfRlV93YTm4MJjIv67bOzbYjfWkuGq6Wz+bbWyqtBMbuzzoy9Bzx+yrdnNbSwLAwsvzaH4aP32TqH/ZvreKtzr7sWnlLZVbwJJ7tuO00SguzaeXA8B665bN5+ejkzgsAANeLok3gAGDmrJibvaXzebzjbFZvXVh5mc6WvrRsOZ0k2dY+P3tPnS88k3F6a7w1J9rPpHn36TyeJGlI19Y5ad390RW/Wgll++te/FRRWtmY1oN1IeaULcgTe5IfbDmf5oPnk4wxZqWFeX7r2Xx79+k0D26bU3kT/KhaLw+FqJmXzy0+n6Rutm3ppvyq/jwr5w6+uX7SSgvz/bXldB+sD9jmZd3W/ry3pS/NR/qq22Zl79ahCksP3pJtByu/jdZav9PSzWktXUz34rqAunRTWpPcVT/mkxyDiS3IE1sv51e7+9J86vL43632ih3SkK49iyYI0OdlXfuH6d5de4YN6WpvyNCU6HlZtzXJ7vNp3lIZm9a189O18nz2Tbr2jPE7zvDnN+GznZd1rX15vON8mg/+IXu3lrJuxOnvWb8oXZ2n6+59VvZuTZJp+M0AAMDHZNbAwICpAABwLR09k+bumwoGczBdLuTl3efzXuuicWbBAgAAU6EVAABcU5Wl2qP7jsLHo9IK4Or68wIAAKNpBQAA0+nomTSP6Km6rX1Rnhdq8bGozE4d1lO1NCc9e8yWBgCA6aYVAAAAAABAQVoBAAAAAAAUJFgFAAAAAChIsAoAAAAAUJBgFQAAAACgIMEqAAAAAEBBglUAAAAAgIIEqwAAAAAABQlWAQAAAAAKEqwCAAAAABQkWAUAAAAAKEiwCgAAAABQkGAVAAAAAKAgwSoAAAAAQEGCVQAAAACAggSrAAAAAAAFCVYBAAAAAAoSrAIAAAAAFCRYBQAAAAAoSLAKAAAAAFCQYBUAAAAAoCDBKgAAAABAQYJVAAAAAICCBKsAAAAAAAUJVgEAAAAAChKsAgAAAAAU1DDTBQAwE3pzaPuOdPYObVnz2LNZv2q87ZW/v//qjnznlbqd925Mx6aWK17t2L7N2fVm9UNTW57e+VBuS5L0pHPD/hwaPLIl217YmOW1j4f3p/2ZU1m/86msaRo63/uv7shPljxVqWvSx/QM7RxWw1j1teSXI8ahujPrdz6Vu9/ckefyaLY/XLvgNNzHSCNrrrl3Yzo2JZ0b3si9L2zM8tqzXDr2szi2b3N2pbZvZJ1N1ZpGbs+kn216D2Tn9q68M3jK0WP75v3PDrvH91+tjt+SrgnucRLXBgAAmEGCVYAbVtOooG/U9t4D2bl9f47VhYTLHnmqGihWA73Dz44dDCapBXnvPvJUOjZVL9R7IIcOJ2tWVfblsWfTUft+74Hs3LAjX6mra1lT0rn3QO6uC+tGmswxY4d149XXlDU7n82apBJw/uK+Yd99f4xzTMd9DLNqYzpeSCrj/FzyeP2zGhlGNmXZ8TdyLC1DYW61jh8db8qypfUbR4S+42w/tm9z2rcPD0lH6T2Qndt/ka/sfDbba7Ud3p/2DfvHuUaRewQAALi+aQUAwPiaWvKVplM5OWrmZpI05e4vN+XdsXcmSd5/tSvvDgaxta89lDWrkmP7KoHmsFC26aFsf2xxOl8ZCg7fWdqWbUu78pPD45c5mWOK1jdZ03kfV+OOpafyo1eHP4v33/xF7vjy/VM63/JNz16h3t4c2tuVOx4bEYau2pinHxldCwAAwKeNYBWA8fX25Ge5P3ePOYuwN7/8efKVe8ebYjjR/t6cPN409r4lt2fZ8d5hs0KXP9KWd5/Zn2MTlDqZY4rVP7lzTPd9TNWS++9Pft5Td72e/OSVxbl3yXtDy/QLWn5/Sw79Yoyl+kmSUznZ25J7xwihb1uyOO8cPzXFqwIAAHwyCFYBbli96dy+Oe0bNqd9w44c6h1j+97k0RFLwd95ZUf1O1daun0qJ3sXZ8mY+yfY19SUO3rfy++HbXsojz5yKrv2jRfyTeKYN/dX696c9n09V6hvsq7BfUzVkofyV/UzTA+/kXcfaRtjOX5PdtXGYcNVhLy9vXm36fZ8dsxaRofKAAAAnzZ6rALcsK7UY7UnnRu68sveh4YdU+uxemzf5vzozd6seXi8ZHJxllTbCCwfdchE+5KMEdjd9vCjWb/9uRzqbcnd41xxwmNG9VjtnbiGSbk29zFVy+9vya5f9GT9qsU59ONT+crjTcnJkUeN12N1bMuWLh57R1NT7uh9I79Pxu7BurQptyXDg2UAAIBPETNWARhHS9aP6BNab/mmjbnjla4JZjw2ZcnS3vzszbF6bU6w7/AbOVQN5UZ+Z83XF6dz74EJwrrJHDOZ+ibrWt3HFK1qy/rjXTl0uCc/W9p2lS+C6s2hH/fkjnGn9C7OkqaevDlGD9b33/xFUg1kP7t04j68AAAAn1SCVQDGt6ot64/vT+eYLzBqydeusKx9+SNtySs7hn//cOV84+1rf+ZU1j/SMvJU1Xo2ZtvSrvzo5xPVPIljJlHfZF2z+5iSptz95aTzma7ccf84156U3hzaviOdSzcOfynXiGut+XpLDj1T30Yief/VHfnOK4vzV9WZzLctWZx36gP43gN57pWr7W0LAAAw87QCALhhVXqpdlY/VZb4jzymEp61P7M/976wcYxl7W1Zs2F/Og8/O3YA1/RQtr/QlM4Nm9Ne23bvxnRsSpIx9qUl2154asJl6ssfaUu2d014Z2Me8+b+tG+ov87GLJ+wvkka6xzTdB9TcdvDbVnz8958bdxAtNJjtWbNY7VnN3z7skeeSse4bR6qVm1Mx84D2Vn3O0pTW55+oa4v76qNefqRHfnOiGte3WxaAACAmTdrYGBgYKaLAAAAAAD4JDFjFYCrVln+PbyPZu0lV1zZ9T5+x/Ztzq43h28bmukKAABwYzJjFQAAAACgIC+vAgAAAAAoSLAKAAAAAFCQYBUAAAAAoCDBKgAAAABAQYJVAAAAAICCBKsAAAAAAAUJVgEAAAAAChKsAgAAAAAUJFgFAAAAAChIsAoAAAAAUJBgFQAAAACgIMEqAAAAAEBBglUAAAAAgIIEqwAAAAAABQlWAQAAAAAKEqwCAAAAABQkWAUAAAAAKEiwCgAAAABQkGAVAAAAAKAgwSoAAAAAQEGCVQAAAACAggSrAAAAAAAFCVYBAAAAAAoSrAIAAAAAFCRYBQAAAAAoSLAKAAAAAFCQYBUAAAAAoCDBKgAAAABAQYJVAAAAAICCBKsAAAAAAAUJVgEAAAAAChKsAgAAAAAUJFgFAAAAAChIsAoAAAAAUJBgFQAAAACgIMEqAAAAAEBBglUAAAAAgIIEqwAAAAAABQlWAQAAAAAKEqwCAAAAABQkWAUAAAAAKEiwCgAAAABQkGAVAAAAAKAgwSoAAAAAQEGCVQAAAACAggSrAAAAAAAFCVYBAAAAAAoSrAIAAAAAFCRYBQAAAAAoSLAKAAAAAFCQYBUAAAAAoCDBKgAAAABAQYJVAAAAAICCBKsAAAAAAAUJVgEAAAAACmqY6QIAmBm/PH4p//za/+Q/f30xH1wamOlyrgu3NM7Kn39xTv7+wT/K3UsbZ7ocALhu/P7Mf+fwkaM5cbI3/Zcvz3Q514WG2bPTvKQpq1auyGdv/eOZLgeAGTBrYGDAf00D3GB+efxS1v2fswLVcdzSOCsv/91C4SoApBKq/tuBf8+X7mvJnV/4fBobzc9JkkuX+vP2b36b/3qjJ3/50F8IVwFuQFoBANyA/vm1/xGqTuCDSwP559f+Z6bLAIDrwuEjR/Ol+1ryp39yp1C1TmNjQ/70T+7Ml+5ryeEjR2e6HABmgGAV4Ab0n7++ONMlXPeMEQBUnDjZmzu/8PmZLuO6decXPp8TJ3tnugwAZoBgFeAGZLbqlRkjAKjov3zZTNUJNDY26DsLcIMSrAIAAAAAFCRYBQAAAAAoSLAKAAAAAFCQYBUAAAAAoCDBKgAAAABAQV7tCMAULMh/7JmbO8fY8/Ybp/PVlyZxim/emhP3JS9uOZMt01jZo5tKebL5Ur733bN5bhrPCwAAAPUEqwBM2cgQ9dFNpTx5363Z89L0hqUAwCddTzo37M+hkZub2vL0zody2zRf7di+zdmVjenY1DLs7wAwnbQCAGDaPLfvg7ydhtz7zZmuBAC4Hq157Nl0vFD781TWpyvf2X4g70/my70HsnPDjhzqvdZVAsDkmLEKwDX16KZSnlw2q/Kh7+L4S/QfWJhjbXOyIEkykNe7yvnGT8fal6Tcl+bd56of5uWH/3t+Vs+tfO/t8jW6EQBgmjVlzc6NOblhf35y+KGsXzV9Z16+6dl0TN/pAGBMZqwCMG0e3XRL7kx/3qy1B/jmrXly2eW8uOV0mreczovn5+TJrQvG+OaC/EfbnJx+o3Lc995JVrfdmj1Jknn54YND+5q7LuZc6Zb88IHaNT+T1bmY7205neYtHySlWR/LvQIA02FxljQl754cmoZ6bN/mtG+o/tnXU93ak87tXXknvencXpu12ptD2+uO3bA/x+rPMfjdOr0HsnPD0Hc6D1/j2wPgU02wCsCU3XnfopzYM/TnyWXJ611D/VX33NGQc+/0DX7e8vOLOVdqrAamdb7ZOCyQHd5S4EK+8d26Xq6LbxqauZp5WdM8K+dOfFidBXsuL74zcE3uFQC4FpqyZGnyzvFTSZL3X92RXcfb8nStVcDx/dn5am+Slqzf2ZZlacr6nU9lTVPy/qvPpXPpxqG2Ak09+dGrE/UJ6M2hvV25o9aOYGdb3n1mKIwFgKK0AgBgyoZeXlVdjn/+g6Hl+5mXz81PFpTm58Se+XXfGsjnHhh+nkcXzk76LuXtca6zZ+uifKtU/dA3kHODexpSmpucPnthcMtzZy/nyearui0AYEb05pc/782ar9deZtWUNV9vSeePe/L+w6NfcHXbw0/VLfc/lZOT7L166McH8rVVD+W2poey/YVpKh2AG5JgFYBpcCHf+G5D/mPP3Bzb1J/l+y4kuZDfnZ+fu06cr34eoe4FV8+dvZwnl92UO8c69QML879KdT1XH1iYY22N1Z39Kfcldy2cl6RyjUcXzk7y0XTeHABwzfTm5PFk2ZcXpxaOHnpmcw6NOOr3yahgNYf3p/2Z2nL/pixrutK1mrJm51PJ9h35zoau6qa2PL1zdGgLAJMhWAVgmpzLV99ozIn7PpMfPnAh3/hpsuXd/nzrvrnZkwvZktqLrC7nxS1D7QKSJC9dytv3za0s/X9pqFfriy8leSBJZqW0uHLoni/PyYLUlvtfyKETn8nqZbVrVFoDAACfEL09+VlvcseSSiq6pClZ8/VnJ/Eiq94c+nFPlj3yVLY/3FT5vH1HfnbFCzZlzc5nsyZJ0pPODfvz3Kst1XMAQDF6rAIwfV7qy+t9s4ZePPXSmXzvndn51jg9WIecy1e7LmbRfWMc99Oz+X/loX6u977bl7frgtbn9pXzYrmheo35KZ3v/xhvGACYukrP03ea2vK1VUnSlLu/3JRDPz6Q96tHHNu3Oe3bhz6PVOvNmsNd6bxiK4CedA57YVXlxVm1UBcAijJjFYApOJevbjk3xvYL+cZ3hy/7f25fufpiqRFeOpPml+o+//Rslv90rAOTLbtPj5jhem7i/QDAdWnUMv97N6ZjU8vgx9sefirbjm8eWqqflmx7obpUv6klX2nqSuf2zTn52LNZ//WWdD6zP+0bKufZdm9Pdh0/lWS8oLTyAqyd2zenvf76V5wdCwBjmzUwMOD1yQA3mOYtp2e6hE+EE3sWzXQJADDjnv+XF/Ptv/3WTJdxXTNGADcmrQAAAAAAAAoSrAIAAAAAFCRYBQAAAAAoSLAKAAAAAFCQYBUAAAAAoCDBKsAN6JbGWTNdwnXPGAEAADARwSrADejPvzhnpku47hkjAAAAJiJYBbgB/f2Df2RG5gRuaZyVv3/wj2a6DAC4LjTMnp1Ll/pnuozr1qVL/WmYPXumywBgBghWAW5Ady9tzMt/tzBr/+xmAWudWxpnZe2f3ZyX/25h7l7aONPlAMB1oXlJU97+zW9nuozr1tu/+W2alzTNdBkAzIBZAwMDAzNdBAAAANen35/57/zbgX/Pl+5ryZ1f+HwaGxtmuqTrwqVL/Xn7N7/Nf73Rk7986C/y2Vv/eKZLAuBjJlgFAABgQr8/8985fORoTpzsTf/lyzNdznWhYfbsNC9pyqqVK4SqADcowSoAAAAAQEF6rAIAAAAAFCRYBQAAAAAoSLAKAAAAAFCQYBUAAAAAoCDBKgAAAABAQYJVAAAAAICCBKsAAAAAAAUJVgEAAAAAChKsAgAAAAAUJFgFAAAAAChIsAoAAAAAUJBgFQAAAACgIMEqAAAAAEBBglUAAAAAgIIEqwAAAAAABQlWAQAAAAAKEqwCAAAAABQkWAUAAAAAKEiwCgAAAABQkGAVAAAAAKAgwSoAAAAAQEGCVQAAAACAggSrAAAAAAAFCVYBAAAAAAoSrAIAAAAAFCRYBQAAAAAoSLAKAAAAAFCQYBUAAAAAoCDBKgAAAABAQYJVAAAAAICCBKsAAAAAAAUJVgEAAAAAChKsAgAAAAAUJFgFAAAAAChIsAoAAAAAUJBgFQAAAACgIMEqAAAAAEBBglUAAAAAgIIEqwAAAAAABQlWAQAAAAAKEqwCAAAAABQkWAUAAAAAKEiwCgAAAABQkGAVAAAAAKAgwSoAAAAAQEGCVQAAAACAggSrAAAAAAAFCVYBAAAAAAoSrAIAAAAAFCRYBQAAAAAoSLAKAAAAAFCQYBUAAAAAoCDBKgAAAABAQYJVAAAAAICCBKsAAAAAAAUJVgEAAAAAChKsAgAAAAAUJFgFAAAAAChIsAoAAAAAUJBgFQAAAACgIMEqAAAAAEBBglUAAAAAgIIEqwAAAAAABQlWAQAAAAAKEqwCAAAAABQkWAUAAAAAKEiwCgAAAABQkGAVAAAAAKAgwSoAAAAAQEGCVQAAAACAggSrAAAAAAAFCVYBAAAAAAr6/7y+fjtar5qtAAAAAElFTkSuQmCC' data-featherlight='image'><span class='label grey badge white-text text-white'>base64-img</span></a>
					</div>
		</li>
		<li test-id='12' class='node * Fail' status='Fail'>
			<div class="step-name" title="(AFTER)"><span class='status fail' title='Fail'><i class='material-icons'>cancel</i></span>com.stepdefinition.HooKs.setLogout()</div>


					<textarea disabled class="code-block">org.openqa.selenium.NoSuchElementException: Unable to find element with locator By.xpath: //button[@type="submit"]
For documentation on this error, please visit: https://www.selenium.dev/documentation/webdriver/troubleshooting/errors#no-such-element-exception
Build info: version: '4.12.1', revision: '8e34639b11'
System info: os.name: 'Windows 10', os.arch: 'amd64', os.version: '10.0', java.version: '17.0.7'
Driver info: driver.version: RemoteWebDriver
	at org.openqa.selenium.remote.ElementLocation$ElementFinder$2.findElement(ElementLocation.java:168)
	at org.openqa.selenium.remote.ElementLocation.findElement(ElementLocation.java:59)
	at org.openqa.selenium.remote.RemoteWebDriver.findElement(RemoteWebDriver.java:359)
	at org.openqa.selenium.remote.RemoteWebDriver.findElement(RemoteWebDriver.java:353)
	at org.openqa.selenium.support.pagefactory.DefaultElementLocator.findElement(DefaultElementLocator.java:68)
	at org.openqa.selenium.support.pagefactory.internal.LocatingElementHandler.invoke(LocatingElementHandler.java:38)
	at jdk.proxy2/jdk.proxy2.$Proxy23.click(Unknown Source)
	at com.pageactions.OrangeHRMLoginPageActions.setLogOut(OrangeHRMLoginPageActions.java:26)
	at com.utils.BugStriker.setLogoutBS(BugStriker.java:15)
	at com.stepdefinition.HooKs.setLogout(HooKs.java:36)
</textarea>
		</li>
	</ul>
</div>
					</div>
				</li>
				<li class='test displayed active has-leaf fail' status='fail' bdd='true' test-id='13'>
					<div class='test-heading'>
						<span class='test-name'>Validating the Admin Functionality in Organization</span>
						<span class='test-time'>Sep 28, 2023 04:07:18 PM</span>
						<span class='test-status right fail'>Fail</span>
					</div>
					<div class='test-content hide'>
<div class="sr-filters bdd-filters">
	<a class="btn-floating waves-effect waves-light pass green" title="pass"><i class='material-icons'>check_circle</i></a>
	<a class="btn-floating waves-effect waves-light fail red" title="fail"><i class='material-icons'>cancel</i></a>
	<a class="btn-floating waves-effect waves-light skip blue" title="skip"><i class='material-icons'>redo</i></a>
	<a class="btn-floating waves-effect waves-light clear grey" title="clear"><i class='material-icons'>clear</i></a>
</div>

<div class='scenario node' test-id='14' status='fail'>

	<span class='duration right label'>00 00 00.047</span>
	<div class="bdd-test">
		<div class="scenario-name"><span class='status fail' title='Fail'><i class='material-icons'>cancel</i></span> Scenario: Checking the functionality of General Informationf in Organization</div>
	</div>
	
	
		<div class='category-list'>
				<span class='category label'>@ValidatingGeneralInfo</span>
		</div>
	
	<ul class='steps'>
		<li test-id='15' class='node given Fail' status='Fail'>
			<div class="step-name" title="(com.stepdefinition.OrangeLoginStepDefinition.open_browser_orange_hrm(java.lang.String))"><span class='status fail' title='Fail'><i class='material-icons'>cancel</i></span>Given Open Browser OrangeHRM "https://opensource-demo.orangehrmlive.com/web/index.php/auth/login"</div>


					<textarea disabled class="code-block">org.openqa.selenium.NoSuchWindowException: no such window: target window already closed
from unknown error: web view not found
  (Session info: chrome=117.0.5938.92)
Build info: version: '4.12.1', revision: '8e34639b11'
System info: os.name: 'Windows 10', os.arch: 'amd64', os.version: '10.0', java.version: '17.0.7'
Driver info: org.openqa.selenium.chrome.ChromeDriver
Command: [aa84f62aea6a9863ef17d746000ba9b3, get {url=https://opensource-demo.orangehrmlive.com/web/index.php/auth/login}]
Capabilities {acceptInsecureCerts: false, browserName: chrome, browserVersion: 117.0.5938.92, chrome: {chromedriverVersion: 117.0.5938.92 (67649b10b92b..., userDataDir: C:\Users\sjamadar\AppData\L...}, fedcm:accounts: true, goog:chromeOptions: {debuggerAddress: localhost:56077}, networkConnectionEnabled: false, pageLoadStrategy: normal, platformName: windows, proxy: Proxy(), se:cdp: ws://localhost:56077/devtoo..., se:cdpVersion: 117.0.5938.92, setWindowRect: true, strictFileInteractability: false, timeouts: {implicit: 0, pageLoad: 300000, script: 30000}, unhandledPromptBehavior: dismiss and notify, webauthn:extension:credBlob: true, webauthn:extension:largeBlob: true, webauthn:extension:minPinLength: true, webauthn:extension:prf: true, webauthn:virtualAuthenticators: true}
Session ID: aa84f62aea6a9863ef17d746000ba9b3
	at java.base/jdk.internal.reflect.NativeConstructorAccessorImpl.newInstance0(Native Method)
	at java.base/jdk.internal.reflect.NativeConstructorAccessorImpl.newInstance(NativeConstructorAccessorImpl.java:77)
	at java.base/jdk.internal.reflect.DelegatingConstructorAccessorImpl.newInstance(DelegatingConstructorAccessorImpl.java:45)
	at java.base/java.lang.reflect.Constructor.newInstanceWithCaller(Constructor.java:499)
	at java.base/java.lang.reflect.Constructor.newInstance(Constructor.java:480)
	at org.openqa.selenium.remote.codec.w3c.W3CHttpResponseCodec.createException(W3CHttpResponseCodec.java:200)
	at org.openqa.selenium.remote.codec.w3c.W3CHttpResponseCodec.decode(W3CHttpResponseCodec.java:133)
	at org.openqa.selenium.remote.codec.w3c.W3CHttpResponseCodec.decode(W3CHttpResponseCodec.java:52)
	at org.openqa.selenium.remote.HttpCommandExecutor.execute(HttpCommandExecutor.java:191)
	at org.openqa.selenium.remote.service.DriverCommandExecutor.invokeExecute(DriverCommandExecutor.java:196)
	at org.openqa.selenium.remote.service.DriverCommandExecutor.execute(DriverCommandExecutor.java:171)
	at org.openqa.selenium.remote.RemoteWebDriver.execute(RemoteWebDriver.java:602)
	at org.openqa.selenium.remote.RemoteWebDriver.get(RemoteWebDriver.java:304)
	at com.utils.DriverClass.openPage(DriverClass.java:28)
	at com.stepdefinition.OrangeLoginStepDefinition.open_browser_orange_hrm(OrangeLoginStepDefinition.java:20)
	at âœ½.Open Browser OrangeHRM "https://opensource-demo.orangehrmlive.com/web/index.php/auth/login"(file:///C:/Users/sjamadar/Desktop/SeleniumGit/Pilot_Project/PilotProjectOrangeHRM/src/test/resources/Features/Admin_Organization.feature:4)
</textarea>
		</li>
		<li test-id='16' class='node when Skip' status='Skip'>
			<div class="step-name" title="(com.stepdefinition.HooKs.Use_enter_login_details())"><span class='status skip' title='Skip'><i class='material-icons'>redo</i></span>When Use enter login details</div>


					<div class="node-step">Step skipped</div>
		</li>
		<li test-id='17' class='node and Skip' status='Skip'>
			<div class="step-name" title="(com.stepdefinition.OrangeLoginStepDefinition.click_the_login_btn())"><span class='status skip' title='Skip'><i class='material-icons'>redo</i></span>And click the Login btn</div>


					<div class="node-step">Step skipped</div>
		</li>
		<li test-id='18' class='node given Skip' status='Skip'>
			<div class="step-name" title="(com.stepdefinition.Admin_UserManagementStd.select_admin())"><span class='status skip' title='Skip'><i class='material-icons'>redo</i></span>Given Select Admin</div>


					<div class="node-step">Step skipped</div>
		</li>
		<li test-id='19' class='node when Skip' status='Skip'>
			<div class="step-name" title="(com.stepdefinition.Admin_Organization_General_InformationStd.click_on_organization_and_select_general_informationf())"><span class='status skip' title='Skip'><i class='material-icons'>redo</i></span>When Click on Organization and select General Informationf</div>


					<div class="node-step">Step skipped</div>
		</li>
		<li test-id='20' class='node and Skip' status='Skip'>
			<div class="step-name" title="(com.stepdefinition.Admin_Organization_General_InformationStd.click_on_edit_and_fill_the_details())"><span class='status skip' title='Skip'><i class='material-icons'>redo</i></span>And Click on Edit and fill the details</div>


					<div class="node-step">Step skipped</div>
		</li>
		<li test-id='21' class='node then Skip' status='Skip'>
			<div class="step-name" title="(com.stepdefinition.Admin_Organization_General_InformationStd.take_screeshot_user_validate_the_saved_succesfully())"><span class='status skip' title='Skip'><i class='material-icons'>redo</i></span>Then Take screeshotUser succesfully</div>


					<div class="node-step">Step skipped</div>
		</li>
		<li test-id='22' class='node * Fail' status='Fail'>
			<div class="step-name" title="(AFTER)"><span class='status fail' title='Fail'><i class='material-icons'>cancel</i></span>com.stepdefinition.HooKs.takeScreenshot(io.cucumber.java.Scenario)</div>


					<textarea disabled class="code-block">org.openqa.selenium.NoSuchWindowException: no such window: target window already closed
from unknown error: web view not found
  (Session info: chrome=117.0.5938.92)
Build info: version: '4.12.1', revision: '8e34639b11'
System info: os.name: 'Windows 10', os.arch: 'amd64', os.version: '10.0', java.version: '17.0.7'
Driver info: org.openqa.selenium.chrome.ChromeDriver
Command: [aa84f62aea6a9863ef17d746000ba9b3, screenshot {}]
Capabilities {acceptInsecureCerts: false, browserName: chrome, browserVersion: 117.0.5938.92, chrome: {chromedriverVersion: 117.0.5938.92 (67649b10b92b..., userDataDir: C:\Users\sjamadar\AppData\L...}, fedcm:accounts: true, goog:chromeOptions: {debuggerAddress: localhost:56077}, networkConnectionEnabled: false, pageLoadStrategy: normal, platformName: windows, proxy: Proxy(), se:cdp: ws://localhost:56077/devtoo..., se:cdpVersion: 117.0.5938.92, setWindowRect: true, strictFileInteractability: false, timeouts: {implicit: 0, pageLoad: 300000, script: 30000}, unhandledPromptBehavior: dismiss and notify, webauthn:extension:credBlob: true, webauthn:extension:largeBlob: true, webauthn:extension:minPinLength: true, webauthn:extension:prf: true, webauthn:virtualAuthenticators: true}
Session ID: aa84f62aea6a9863ef17d746000ba9b3
	at java.base/jdk.internal.reflect.NativeConstructorAccessorImpl.newInstance0(Native Method)
	at java.base/jdk.internal.reflect.NativeConstructorAccessorImpl.newInstance(NativeConstructorAccessorImpl.java:77)
	at java.base/jdk.internal.reflect.DelegatingConstructorAccessorImpl.newInstance(DelegatingConstructorAccessorImpl.java:45)
	at java.base/java.lang.reflect.Constructor.newInstanceWithCaller(Constructor.java:499)
	at java.base/java.lang.reflect.Constructor.newInstance(Constructor.java:480)
	at org.openqa.selenium.remote.codec.w3c.W3CHttpResponseCodec.createException(W3CHttpResponseCodec.java:200)
	at org.openqa.selenium.remote.codec.w3c.W3CHttpResponseCodec.decode(W3CHttpResponseCodec.java:133)
	at org.openqa.selenium.remote.codec.w3c.W3CHttpResponseCodec.decode(W3CHttpResponseCodec.java:52)
	at org.openqa.selenium.remote.HttpCommandExecutor.execute(HttpCommandExecutor.java:191)
	at org.openqa.selenium.remote.service.DriverCommandExecutor.invokeExecute(DriverCommandExecutor.java:196)
	at org.openqa.selenium.remote.service.DriverCommandExecutor.execute(DriverCommandExecutor.java:171)
	at org.openqa.selenium.remote.RemoteWebDriver.execute(RemoteWebDriver.java:602)
	at org.openqa.selenium.remote.RemoteWebDriver.execute(RemoteWebDriver.java:675)
	at org.openqa.selenium.remote.RemoteWebDriver.execute(RemoteWebDriver.java:679)
	at org.openqa.selenium.remote.RemoteWebDriver.getScreenshotAs(RemoteWebDriver.java:325)
	at com.stepdefinition.HooKs.takeScreenshot(HooKs.java:26)
</textarea>
		</li>
		<li test-id='23' class='node * Fail' status='Fail'>
			<div class="step-name" title="(AFTER)"><span class='status fail' title='Fail'><i class='material-icons'>cancel</i></span>com.stepdefinition.HooKs.setLogout()</div>


					<textarea disabled class="code-block">org.openqa.selenium.NoSuchWindowException: no such window: target window already closed
from unknown error: web view not found
  (Session info: chrome=117.0.5938.92)
Build info: version: '4.12.1', revision: '8e34639b11'
System info: os.name: 'Windows 10', os.arch: 'amd64', os.version: '10.0', java.version: '17.0.7'
Driver info: org.openqa.selenium.chrome.ChromeDriver
Command: [aa84f62aea6a9863ef17d746000ba9b3, findElement {using=xpath, value=//button[@type="submit"]}]
Capabilities {acceptInsecureCerts: false, browserName: chrome, browserVersion: 117.0.5938.92, chrome: {chromedriverVersion: 117.0.5938.92 (67649b10b92b..., userDataDir: C:\Users\sjamadar\AppData\L...}, fedcm:accounts: true, goog:chromeOptions: {debuggerAddress: localhost:56077}, networkConnectionEnabled: false, pageLoadStrategy: normal, platformName: windows, proxy: Proxy(), se:cdp: ws://localhost:56077/devtoo..., se:cdpVersion: 117.0.5938.92, setWindowRect: true, strictFileInteractability: false, timeouts: {implicit: 0, pageLoad: 300000, script: 30000}, unhandledPromptBehavior: dismiss and notify, webauthn:extension:credBlob: true, webauthn:extension:largeBlob: true, webauthn:extension:minPinLength: true, webauthn:extension:prf: true, webauthn:virtualAuthenticators: true}
Session ID: aa84f62aea6a9863ef17d746000ba9b3
	at java.base/jdk.internal.reflect.NativeConstructorAccessorImpl.newInstance0(Native Method)
	at java.base/jdk.internal.reflect.NativeConstructorAccessorImpl.newInstance(NativeConstructorAccessorImpl.java:77)
	at java.base/jdk.internal.reflect.DelegatingConstructorAccessorImpl.newInstance(DelegatingConstructorAccessorImpl.java:45)
	at java.base/java.lang.reflect.Constructor.newInstanceWithCaller(Constructor.java:499)
	at java.base/java.lang.reflect.Constructor.newInstance(Constructor.java:480)
	at org.openqa.selenium.remote.codec.w3c.W3CHttpResponseCodec.createException(W3CHttpResponseCodec.java:200)
	at org.openqa.selenium.remote.codec.w3c.W3CHttpResponseCodec.decode(W3CHttpResponseCodec.java:133)
	at org.openqa.selenium.remote.codec.w3c.W3CHttpResponseCodec.decode(W3CHttpResponseCodec.java:52)
	at org.openqa.selenium.remote.HttpCommandExecutor.execute(HttpCommandExecutor.java:191)
	at org.openqa.selenium.remote.service.DriverCommandExecutor.invokeExecute(DriverCommandExecutor.java:196)
	at org.openqa.selenium.remote.service.DriverCommandExecutor.execute(DriverCommandExecutor.java:171)
	at org.openqa.selenium.remote.RemoteWebDriver.execute(RemoteWebDriver.java:602)
	at org.openqa.selenium.remote.ElementLocation$ElementFinder$2.findElement(ElementLocation.java:165)
	at org.openqa.selenium.remote.ElementLocation.findElement(ElementLocation.java:59)
	at org.openqa.selenium.remote.RemoteWebDriver.findElement(RemoteWebDriver.java:359)
	at org.openqa.selenium.remote.RemoteWebDriver.findElement(RemoteWebDriver.java:353)
	at org.openqa.selenium.support.pagefactory.DefaultElementLocator.findElement(DefaultElementLocator.java:68)
	at org.openqa.selenium.support.pagefactory.internal.LocatingElementHandler.invoke(LocatingElementHandler.java:38)
	at jdk.proxy2/jdk.proxy2.$Proxy23.click(Unknown Source)
	at com.pageactions.OrangeHRMLoginPageActions.setLogOut(OrangeHRMLoginPageActions.java:26)
	at com.utils.BugStriker.setLogoutBS(BugStriker.java:15)
	at com.stepdefinition.HooKs.setLogout(HooKs.java:36)
</textarea>
		</li>
	</ul>
</div>
<div class='scenario node' test-id='24' status='fail'>

	<span class='duration right label'>00 00 00.037</span>
	<div class="bdd-test">
		<div class="scenario-name"><span class='status fail' title='Fail'><i class='material-icons'>cancel</i></span> Scenario: Checking the functionality of Location in Organization</div>
	</div>
	
	
		<div class='category-list'>
				<span class='category label'>@CreatingUserByLocation</span>
		</div>
	
	<ul class='steps'>
		<li test-id='25' class='node given Fail' status='Fail'>
			<div class="step-name" title="(com.stepdefinition.OrangeLoginStepDefinition.open_browser_orange_hrm(java.lang.String))"><span class='status fail' title='Fail'><i class='material-icons'>cancel</i></span>Given Open Browser OrangeHRM "https://opensource-demo.orangehrmlive.com/web/index.php/auth/login"</div>


					<textarea disabled class="code-block">org.openqa.selenium.NoSuchWindowException: no such window: target window already closed
from unknown error: web view not found
  (Session info: chrome=117.0.5938.92)
Build info: version: '4.12.1', revision: '8e34639b11'
System info: os.name: 'Windows 10', os.arch: 'amd64', os.version: '10.0', java.version: '17.0.7'
Driver info: org.openqa.selenium.chrome.ChromeDriver
Command: [aa84f62aea6a9863ef17d746000ba9b3, get {url=https://opensource-demo.orangehrmlive.com/web/index.php/auth/login}]
Capabilities {acceptInsecureCerts: false, browserName: chrome, browserVersion: 117.0.5938.92, chrome: {chromedriverVersion: 117.0.5938.92 (67649b10b92b..., userDataDir: C:\Users\sjamadar\AppData\L...}, fedcm:accounts: true, goog:chromeOptions: {debuggerAddress: localhost:56077}, networkConnectionEnabled: false, pageLoadStrategy: normal, platformName: windows, proxy: Proxy(), se:cdp: ws://localhost:56077/devtoo..., se:cdpVersion: 117.0.5938.92, setWindowRect: true, strictFileInteractability: false, timeouts: {implicit: 0, pageLoad: 300000, script: 30000}, unhandledPromptBehavior: dismiss and notify, webauthn:extension:credBlob: true, webauthn:extension:largeBlob: true, webauthn:extension:minPinLength: true, webauthn:extension:prf: true, webauthn:virtualAuthenticators: true}
Session ID: aa84f62aea6a9863ef17d746000ba9b3
	at java.base/jdk.internal.reflect.NativeConstructorAccessorImpl.newInstance0(Native Method)
	at java.base/jdk.internal.reflect.NativeConstructorAccessorImpl.newInstance(NativeConstructorAccessorImpl.java:77)
	at java.base/jdk.internal.reflect.DelegatingConstructorAccessorImpl.newInstance(DelegatingConstructorAccessorImpl.java:45)
	at java.base/java.lang.reflect.Constructor.newInstanceWithCaller(Constructor.java:499)
	at java.base/java.lang.reflect.Constructor.newInstance(Constructor.java:480)
	at org.openqa.selenium.remote.codec.w3c.W3CHttpResponseCodec.createException(W3CHttpResponseCodec.java:200)
	at org.openqa.selenium.remote.codec.w3c.W3CHttpResponseCodec.decode(W3CHttpResponseCodec.java:133)
	at org.openqa.selenium.remote.codec.w3c.W3CHttpResponseCodec.decode(W3CHttpResponseCodec.java:52)
	at org.openqa.selenium.remote.HttpCommandExecutor.execute(HttpCommandExecutor.java:191)
	at org.openqa.selenium.remote.service.DriverCommandExecutor.invokeExecute(DriverCommandExecutor.java:196)
	at org.openqa.selenium.remote.service.DriverCommandExecutor.execute(DriverCommandExecutor.java:171)
	at org.openqa.selenium.remote.RemoteWebDriver.execute(RemoteWebDriver.java:602)
	at org.openqa.selenium.remote.RemoteWebDriver.get(RemoteWebDriver.java:304)
	at com.utils.DriverClass.openPage(DriverClass.java:28)
	at com.stepdefinition.OrangeLoginStepDefinition.open_browser_orange_hrm(OrangeLoginStepDefinition.java:20)
	at âœ½.Open Browser OrangeHRM "https://opensource-demo.orangehrmlive.com/web/index.php/auth/login"(file:///C:/Users/sjamadar/Desktop/SeleniumGit/Pilot_Project/PilotProjectOrangeHRM/src/test/resources/Features/Admin_Organization.feature:4)
</textarea>
		</li>
		<li test-id='26' class='node when Skip' status='Skip'>
			<div class="step-name" title="(com.stepdefinition.HooKs.Use_enter_login_details())"><span class='status skip' title='Skip'><i class='material-icons'>redo</i></span>When Use enter login details</div>


					<div class="node-step">Step skipped</div>
		</li>
		<li test-id='27' class='node and Skip' status='Skip'>
			<div class="step-name" title="(com.stepdefinition.OrangeLoginStepDefinition.click_the_login_btn())"><span class='status skip' title='Skip'><i class='material-icons'>redo</i></span>And click the Login btn</div>


					<div class="node-step">Step skipped</div>
		</li>
		<li test-id='28' class='node given Skip' status='Skip'>
			<div class="step-name" title="(com.stepdefinition.Admin_UserManagementStd.select_admin())"><span class='status skip' title='Skip'><i class='material-icons'>redo</i></span>Given Select Admin</div>


					<div class="node-step">Step skipped</div>
		</li>
		<li test-id='29' class='node when Skip' status='Skip'>
			<div class="step-name" title="(com.stepdefinition.Admin_Organization_LocationStd.click_on_organization_and_select_location())"><span class='status skip' title='Skip'><i class='material-icons'>redo</i></span>When Click on Organization and select Location</div>


					<div class="node-step">Step skipped</div>
		</li>
		<li test-id='30' class='node and Skip' status='Skip'>
			<div class="step-name" title="(com.stepdefinition.Admin_Organization_LocationStd.click_on_add_and_fill_the_details())"><span class='status skip' title='Skip'><i class='material-icons'>redo</i></span>And Click on Add and fill the details</div>


					<div class="node-step">Step skipped</div>
		</li>
		<li test-id='31' class='node then Skip' status='Skip'>
			<div class="step-name" title="(com.stepdefinition.Admin_UserManagementStd.user_validate_the_saved_successfully())"><span class='status skip' title='Skip'><i class='material-icons'>redo</i></span>Then User validate the saved successfully</div>


					<div class="node-step">Step skipped</div>
		</li>
		<li test-id='32' class='node * Fail' status='Fail'>
			<div class="step-name" title="(AFTER)"><span class='status fail' title='Fail'><i class='material-icons'>cancel</i></span>com.stepdefinition.HooKs.takeScreenshot(io.cucumber.java.Scenario)</div>


					<textarea disabled class="code-block">org.openqa.selenium.NoSuchWindowException: no such window: target window already closed
from unknown error: web view not found
  (Session info: chrome=117.0.5938.92)
Build info: version: '4.12.1', revision: '8e34639b11'
System info: os.name: 'Windows 10', os.arch: 'amd64', os.version: '10.0', java.version: '17.0.7'
Driver info: org.openqa.selenium.chrome.ChromeDriver
Command: [aa84f62aea6a9863ef17d746000ba9b3, screenshot {}]
Capabilities {acceptInsecureCerts: false, browserName: chrome, browserVersion: 117.0.5938.92, chrome: {chromedriverVersion: 117.0.5938.92 (67649b10b92b..., userDataDir: C:\Users\sjamadar\AppData\L...}, fedcm:accounts: true, goog:chromeOptions: {debuggerAddress: localhost:56077}, networkConnectionEnabled: false, pageLoadStrategy: normal, platformName: windows, proxy: Proxy(), se:cdp: ws://localhost:56077/devtoo..., se:cdpVersion: 117.0.5938.92, setWindowRect: true, strictFileInteractability: false, timeouts: {implicit: 0, pageLoad: 300000, script: 30000}, unhandledPromptBehavior: dismiss and notify, webauthn:extension:credBlob: true, webauthn:extension:largeBlob: true, webauthn:extension:minPinLength: true, webauthn:extension:prf: true, webauthn:virtualAuthenticators: true}
Session ID: aa84f62aea6a9863ef17d746000ba9b3
	at java.base/jdk.internal.reflect.NativeConstructorAccessorImpl.newInstance0(Native Method)
	at java.base/jdk.internal.reflect.NativeConstructorAccessorImpl.newInstance(NativeConstructorAccessorImpl.java:77)
	at java.base/jdk.internal.reflect.DelegatingConstructorAccessorImpl.newInstance(DelegatingConstructorAccessorImpl.java:45)
	at java.base/java.lang.reflect.Constructor.newInstanceWithCaller(Constructor.java:499)
	at java.base/java.lang.reflect.Constructor.newInstance(Constructor.java:480)
	at org.openqa.selenium.remote.codec.w3c.W3CHttpResponseCodec.createException(W3CHttpResponseCodec.java:200)
	at org.openqa.selenium.remote.codec.w3c.W3CHttpResponseCodec.decode(W3CHttpResponseCodec.java:133)
	at org.openqa.selenium.remote.codec.w3c.W3CHttpResponseCodec.decode(W3CHttpResponseCodec.java:52)
	at org.openqa.selenium.remote.HttpCommandExecutor.execute(HttpCommandExecutor.java:191)
	at org.openqa.selenium.remote.service.DriverCommandExecutor.invokeExecute(DriverCommandExecutor.java:196)
	at org.openqa.selenium.remote.service.DriverCommandExecutor.execute(DriverCommandExecutor.java:171)
	at org.openqa.selenium.remote.RemoteWebDriver.execute(RemoteWebDriver.java:602)
	at org.openqa.selenium.remote.RemoteWebDriver.execute(RemoteWebDriver.java:675)
	at org.openqa.selenium.remote.RemoteWebDriver.execute(RemoteWebDriver.java:679)
	at org.openqa.selenium.remote.RemoteWebDriver.getScreenshotAs(RemoteWebDriver.java:325)
	at com.stepdefinition.HooKs.takeScreenshot(HooKs.java:26)
</textarea>
		</li>
		<li test-id='33' class='node * Fail' status='Fail'>
			<div class="step-name" title="(AFTER)"><span class='status fail' title='Fail'><i class='material-icons'>cancel</i></span>com.stepdefinition.HooKs.setLogout()</div>


					<textarea disabled class="code-block">org.openqa.selenium.NoSuchWindowException: no such window: target window already closed
from unknown error: web view not found
  (Session info: chrome=117.0.5938.92)
Build info: version: '4.12.1', revision: '8e34639b11'
System info: os.name: 'Windows 10', os.arch: 'amd64', os.version: '10.0', java.version: '17.0.7'
Driver info: org.openqa.selenium.chrome.ChromeDriver
Command: [aa84f62aea6a9863ef17d746000ba9b3, findElement {using=xpath, value=//button[@type="submit"]}]
Capabilities {acceptInsecureCerts: false, browserName: chrome, browserVersion: 117.0.5938.92, chrome: {chromedriverVersion: 117.0.5938.92 (67649b10b92b..., userDataDir: C:\Users\sjamadar\AppData\L...}, fedcm:accounts: true, goog:chromeOptions: {debuggerAddress: localhost:56077}, networkConnectionEnabled: false, pageLoadStrategy: normal, platformName: windows, proxy: Proxy(), se:cdp: ws://localhost:56077/devtoo..., se:cdpVersion: 117.0.5938.92, setWindowRect: true, strictFileInteractability: false, timeouts: {implicit: 0, pageLoad: 300000, script: 30000}, unhandledPromptBehavior: dismiss and notify, webauthn:extension:credBlob: true, webauthn:extension:largeBlob: true, webauthn:extension:minPinLength: true, webauthn:extension:prf: true, webauthn:virtualAuthenticators: true}
Session ID: aa84f62aea6a9863ef17d746000ba9b3
	at java.base/jdk.internal.reflect.NativeConstructorAccessorImpl.newInstance0(Native Method)
	at java.base/jdk.internal.reflect.NativeConstructorAccessorImpl.newInstance(NativeConstructorAccessorImpl.java:77)
	at java.base/jdk.internal.reflect.DelegatingConstructorAccessorImpl.newInstance(DelegatingConstructorAccessorImpl.java:45)
	at java.base/java.lang.reflect.Constructor.newInstanceWithCaller(Constructor.java:499)
	at java.base/java.lang.reflect.Constructor.newInstance(Constructor.java:480)
	at org.openqa.selenium.remote.codec.w3c.W3CHttpResponseCodec.createException(W3CHttpResponseCodec.java:200)
	at org.openqa.selenium.remote.codec.w3c.W3CHttpResponseCodec.decode(W3CHttpResponseCodec.java:133)
	at org.openqa.selenium.remote.codec.w3c.W3CHttpResponseCodec.decode(W3CHttpResponseCodec.java:52)
	at org.openqa.selenium.remote.HttpCommandExecutor.execute(HttpCommandExecutor.java:191)
	at org.openqa.selenium.remote.service.DriverCommandExecutor.invokeExecute(DriverCommandExecutor.java:196)
	at org.openqa.selenium.remote.service.DriverCommandExecutor.execute(DriverCommandExecutor.java:171)
	at org.openqa.selenium.remote.RemoteWebDriver.execute(RemoteWebDriver.java:602)
	at org.openqa.selenium.remote.ElementLocation$ElementFinder$2.findElement(ElementLocation.java:165)
	at org.openqa.selenium.remote.ElementLocation.findElement(ElementLocation.java:59)
	at org.openqa.selenium.remote.RemoteWebDriver.findElement(RemoteWebDriver.java:359)
	at org.openqa.selenium.remote.RemoteWebDriver.findElement(RemoteWebDriver.java:353)
	at org.openqa.selenium.support.pagefactory.DefaultElementLocator.findElement(DefaultElementLocator.java:68)
	at org.openqa.selenium.support.pagefactory.internal.LocatingElementHandler.invoke(LocatingElementHandler.java:38)
	at jdk.proxy2/jdk.proxy2.$Proxy23.click(Unknown Source)
	at com.pageactions.OrangeHRMLoginPageActions.setLogOut(OrangeHRMLoginPageActions.java:26)
	at com.utils.BugStriker.setLogoutBS(BugStriker.java:15)
	at com.stepdefinition.HooKs.setLogout(HooKs.java:36)
</textarea>
		</li>
	</ul>
</div>
<div class='scenario node' test-id='34' status='fail'>

	<span class='duration right label'>00 00 00.028</span>
	<div class="bdd-test">
		<div class="scenario-name"><span class='status fail' title='Fail'><i class='material-icons'>cancel</i></span> Scenario: Searching the user by selecting the Location in Organization</div>
	</div>
	
	
		<div class='category-list'>
				<span class='category label'>@ValidatingUserByLocationInOraganization</span>
		</div>
	
	<ul class='steps'>
		<li test-id='35' class='node given Fail' status='Fail'>
			<div class="step-name" title="(com.stepdefinition.OrangeLoginStepDefinition.open_browser_orange_hrm(java.lang.String))"><span class='status fail' title='Fail'><i class='material-icons'>cancel</i></span>Given Open Browser OrangeHRM "https://opensource-demo.orangehrmlive.com/web/index.php/auth/login"</div>


					<textarea disabled class="code-block">org.openqa.selenium.NoSuchWindowException: no such window: target window already closed
from unknown error: web view not found
  (Session info: chrome=117.0.5938.92)
Build info: version: '4.12.1', revision: '8e34639b11'
System info: os.name: 'Windows 10', os.arch: 'amd64', os.version: '10.0', java.version: '17.0.7'
Driver info: org.openqa.selenium.chrome.ChromeDriver
Command: [aa84f62aea6a9863ef17d746000ba9b3, get {url=https://opensource-demo.orangehrmlive.com/web/index.php/auth/login}]
Capabilities {acceptInsecureCerts: false, browserName: chrome, browserVersion: 117.0.5938.92, chrome: {chromedriverVersion: 117.0.5938.92 (67649b10b92b..., userDataDir: C:\Users\sjamadar\AppData\L...}, fedcm:accounts: true, goog:chromeOptions: {debuggerAddress: localhost:56077}, networkConnectionEnabled: false, pageLoadStrategy: normal, platformName: windows, proxy: Proxy(), se:cdp: ws://localhost:56077/devtoo..., se:cdpVersion: 117.0.5938.92, setWindowRect: true, strictFileInteractability: false, timeouts: {implicit: 0, pageLoad: 300000, script: 30000}, unhandledPromptBehavior: dismiss and notify, webauthn:extension:credBlob: true, webauthn:extension:largeBlob: true, webauthn:extension:minPinLength: true, webauthn:extension:prf: true, webauthn:virtualAuthenticators: true}
Session ID: aa84f62aea6a9863ef17d746000ba9b3
	at java.base/jdk.internal.reflect.NativeConstructorAccessorImpl.newInstance0(Native Method)
	at java.base/jdk.internal.reflect.NativeConstructorAccessorImpl.newInstance(NativeConstructorAccessorImpl.java:77)
	at java.base/jdk.internal.reflect.DelegatingConstructorAccessorImpl.newInstance(DelegatingConstructorAccessorImpl.java:45)
	at java.base/java.lang.reflect.Constructor.newInstanceWithCaller(Constructor.java:499)
	at java.base/java.lang.reflect.Constructor.newInstance(Constructor.java:480)
	at org.openqa.selenium.remote.codec.w3c.W3CHttpResponseCodec.createException(W3CHttpResponseCodec.java:200)
	at org.openqa.selenium.remote.codec.w3c.W3CHttpResponseCodec.decode(W3CHttpResponseCodec.java:133)
	at org.openqa.selenium.remote.codec.w3c.W3CHttpResponseCodec.decode(W3CHttpResponseCodec.java:52)
	at org.openqa.selenium.remote.HttpCommandExecutor.execute(HttpCommandExecutor.java:191)
	at org.openqa.selenium.remote.service.DriverCommandExecutor.invokeExecute(DriverCommandExecutor.java:196)
	at org.openqa.selenium.remote.service.DriverCommandExecutor.execute(DriverCommandExecutor.java:171)
	at org.openqa.selenium.remote.RemoteWebDriver.execute(RemoteWebDriver.java:602)
	at org.openqa.selenium.remote.RemoteWebDriver.get(RemoteWebDriver.java:304)
	at com.utils.DriverClass.openPage(DriverClass.java:28)
	at com.stepdefinition.OrangeLoginStepDefinition.open_browser_orange_hrm(OrangeLoginStepDefinition.java:20)
	at âœ½.Open Browser OrangeHRM "https://opensource-demo.orangehrmlive.com/web/index.php/auth/login"(file:///C:/Users/sjamadar/Desktop/SeleniumGit/Pilot_Project/PilotProjectOrangeHRM/src/test/resources/Features/Admin_Organization.feature:4)
</textarea>
		</li>
		<li test-id='36' class='node when Skip' status='Skip'>
			<div class="step-name" title="(com.stepdefinition.HooKs.Use_enter_login_details())"><span class='status skip' title='Skip'><i class='material-icons'>redo</i></span>When Use enter login details</div>


					<div class="node-step">Step skipped</div>
		</li>
		<li test-id='37' class='node and Skip' status='Skip'>
			<div class="step-name" title="(com.stepdefinition.OrangeLoginStepDefinition.click_the_login_btn())"><span class='status skip' title='Skip'><i class='material-icons'>redo</i></span>And click the Login btn</div>


					<div class="node-step">Step skipped</div>
		</li>
		<li test-id='38' class='node given Skip' status='Skip'>
			<div class="step-name" title="(com.stepdefinition.Admin_UserManagementStd.select_admin())"><span class='status skip' title='Skip'><i class='material-icons'>redo</i></span>Given Select Admin</div>


					<div class="node-step">Step skipped</div>
		</li>
		<li test-id='39' class='node when Skip' status='Skip'>
			<div class="step-name" title="(com.stepdefinition.Admin_Organization_LocationStd.click_on_organization_and_select_location())"><span class='status skip' title='Skip'><i class='material-icons'>redo</i></span>When Click on Organization and select Location</div>


					<div class="node-step">Step skipped</div>
		</li>
		<li test-id='40' class='node and Skip' status='Skip'>
			<div class="step-name" title="(com.stepdefinition.Admin_UserManagementStd.user_click_the_search_btn())"><span class='status skip' title='Skip'><i class='material-icons'>redo</i></span>And User Click the Search Btn</div>


					<div class="node-step">Step skipped</div>
		</li>
		<li test-id='41' class='node then Skip' status='Skip'>
			<div class="step-name" title="(com.stepdefinition.Admin_Organization_LocationStd.get_the_user_and_validate_the_user_by_it_location())"><span class='status skip' title='Skip'><i class='material-icons'>redo</i></span>Then get the user and validate the user by it location</div>


					<div class="node-step">Step skipped</div>
		</li>
		<li test-id='42' class='node * Fail' status='Fail'>
			<div class="step-name" title="(AFTER)"><span class='status fail' title='Fail'><i class='material-icons'>cancel</i></span>com.stepdefinition.HooKs.takeScreenshot(io.cucumber.java.Scenario)</div>


					<textarea disabled class="code-block">org.openqa.selenium.NoSuchWindowException: no such window: target window already closed
from unknown error: web view not found
  (Session info: chrome=117.0.5938.92)
Build info: version: '4.12.1', revision: '8e34639b11'
System info: os.name: 'Windows 10', os.arch: 'amd64', os.version: '10.0', java.version: '17.0.7'
Driver info: org.openqa.selenium.chrome.ChromeDriver
Command: [aa84f62aea6a9863ef17d746000ba9b3, screenshot {}]
Capabilities {acceptInsecureCerts: false, browserName: chrome, browserVersion: 117.0.5938.92, chrome: {chromedriverVersion: 117.0.5938.92 (67649b10b92b..., userDataDir: C:\Users\sjamadar\AppData\L...}, fedcm:accounts: true, goog:chromeOptions: {debuggerAddress: localhost:56077}, networkConnectionEnabled: false, pageLoadStrategy: normal, platformName: windows, proxy: Proxy(), se:cdp: ws://localhost:56077/devtoo..., se:cdpVersion: 117.0.5938.92, setWindowRect: true, strictFileInteractability: false, timeouts: {implicit: 0, pageLoad: 300000, script: 30000}, unhandledPromptBehavior: dismiss and notify, webauthn:extension:credBlob: true, webauthn:extension:largeBlob: true, webauthn:extension:minPinLength: true, webauthn:extension:prf: true, webauthn:virtualAuthenticators: true}
Session ID: aa84f62aea6a9863ef17d746000ba9b3
	at java.base/jdk.internal.reflect.NativeConstructorAccessorImpl.newInstance0(Native Method)
	at java.base/jdk.internal.reflect.NativeConstructorAccessorImpl.newInstance(NativeConstructorAccessorImpl.java:77)
	at java.base/jdk.internal.reflect.DelegatingConstructorAccessorImpl.newInstance(DelegatingConstructorAccessorImpl.java:45)
	at java.base/java.lang.reflect.Constructor.newInstanceWithCaller(Constructor.java:499)
	at java.base/java.lang.reflect.Constructor.newInstance(Constructor.java:480)
	at org.openqa.selenium.remote.codec.w3c.W3CHttpResponseCodec.createException(W3CHttpResponseCodec.java:200)
	at org.openqa.selenium.remote.codec.w3c.W3CHttpResponseCodec.decode(W3CHttpResponseCodec.java:133)
	at org.openqa.selenium.remote.codec.w3c.W3CHttpResponseCodec.decode(W3CHttpResponseCodec.java:52)
	at org.openqa.selenium.remote.HttpCommandExecutor.execute(HttpCommandExecutor.java:191)
	at org.openqa.selenium.remote.service.DriverCommandExecutor.invokeExecute(DriverCommandExecutor.java:196)
	at org.openqa.selenium.remote.service.DriverCommandExecutor.execute(DriverCommandExecutor.java:171)
	at org.openqa.selenium.remote.RemoteWebDriver.execute(RemoteWebDriver.java:602)
	at org.openqa.selenium.remote.RemoteWebDriver.execute(RemoteWebDriver.java:675)
	at org.openqa.selenium.remote.RemoteWebDriver.execute(RemoteWebDriver.java:679)
	at org.openqa.selenium.remote.RemoteWebDriver.getScreenshotAs(RemoteWebDriver.java:325)
	at com.stepdefinition.HooKs.takeScreenshot(HooKs.java:26)
</textarea>
		</li>
		<li test-id='43' class='node * Fail' status='Fail'>
			<div class="step-name" title="(AFTER)"><span class='status fail' title='Fail'><i class='material-icons'>cancel</i></span>com.stepdefinition.HooKs.setLogout()</div>


					<textarea disabled class="code-block">org.openqa.selenium.NoSuchWindowException: no such window: target window already closed
from unknown error: web view not found
  (Session info: chrome=117.0.5938.92)
Build info: version: '4.12.1', revision: '8e34639b11'
System info: os.name: 'Windows 10', os.arch: 'amd64', os.version: '10.0', java.version: '17.0.7'
Driver info: org.openqa.selenium.chrome.ChromeDriver
Command: [aa84f62aea6a9863ef17d746000ba9b3, findElement {using=xpath, value=//button[@type="submit"]}]
Capabilities {acceptInsecureCerts: false, browserName: chrome, browserVersion: 117.0.5938.92, chrome: {chromedriverVersion: 117.0.5938.92 (67649b10b92b..., userDataDir: C:\Users\sjamadar\AppData\L...}, fedcm:accounts: true, goog:chromeOptions: {debuggerAddress: localhost:56077}, networkConnectionEnabled: false, pageLoadStrategy: normal, platformName: windows, proxy: Proxy(), se:cdp: ws://localhost:56077/devtoo..., se:cdpVersion: 117.0.5938.92, setWindowRect: true, strictFileInteractability: false, timeouts: {implicit: 0, pageLoad: 300000, script: 30000}, unhandledPromptBehavior: dismiss and notify, webauthn:extension:credBlob: true, webauthn:extension:largeBlob: true, webauthn:extension:minPinLength: true, webauthn:extension:prf: true, webauthn:virtualAuthenticators: true}
Session ID: aa84f62aea6a9863ef17d746000ba9b3
	at java.base/jdk.internal.reflect.NativeConstructorAccessorImpl.newInstance0(Native Method)
	at java.base/jdk.internal.reflect.NativeConstructorAccessorImpl.newInstance(NativeConstructorAccessorImpl.java:77)
	at java.base/jdk.internal.reflect.DelegatingConstructorAccessorImpl.newInstance(DelegatingConstructorAccessorImpl.java:45)
	at java.base/java.lang.reflect.Constructor.newInstanceWithCaller(Constructor.java:499)
	at java.base/java.lang.reflect.Constructor.newInstance(Constructor.java:480)
	at org.openqa.selenium.remote.codec.w3c.W3CHttpResponseCodec.createException(W3CHttpResponseCodec.java:200)
	at org.openqa.selenium.remote.codec.w3c.W3CHttpResponseCodec.decode(W3CHttpResponseCodec.java:133)
	at org.openqa.selenium.remote.codec.w3c.W3CHttpResponseCodec.decode(W3CHttpResponseCodec.java:52)
	at org.openqa.selenium.remote.HttpCommandExecutor.execute(HttpCommandExecutor.java:191)
	at org.openqa.selenium.remote.service.DriverCommandExecutor.invokeExecute(DriverCommandExecutor.java:196)
	at org.openqa.selenium.remote.service.DriverCommandExecutor.execute(DriverCommandExecutor.java:171)
	at org.openqa.selenium.remote.RemoteWebDriver.execute(RemoteWebDriver.java:602)
	at org.openqa.selenium.remote.ElementLocation$ElementFinder$2.findElement(ElementLocation.java:165)
	at org.openqa.selenium.remote.ElementLocation.findElement(ElementLocation.java:59)
	at org.openqa.selenium.remote.RemoteWebDriver.findElement(RemoteWebDriver.java:359)
	at org.openqa.selenium.remote.RemoteWebDriver.findElement(RemoteWebDriver.java:353)
	at org.openqa.selenium.support.pagefactory.DefaultElementLocator.findElement(DefaultElementLocator.java:68)
	at org.openqa.selenium.support.pagefactory.internal.LocatingElementHandler.invoke(LocatingElementHandler.java:38)
	at jdk.proxy2/jdk.proxy2.$Proxy23.click(Unknown Source)
	at com.pageactions.OrangeHRMLoginPageActions.setLogOut(OrangeHRMLoginPageActions.java:26)
	at com.utils.BugStriker.setLogoutBS(BugStriker.java:15)
	at com.stepdefinition.HooKs.setLogout(HooKs.java:36)
</textarea>
		</li>
	</ul>
</div>
					</div>
				</li>
				<li class='test displayed active has-leaf fail' status='fail' bdd='true' test-id='44'>
					<div class='test-heading'>
						<span class='test-name'>Validating the Admin UserMagement Functionality</span>
						<span class='test-time'>Sep 28, 2023 04:07:18 PM</span>
						<span class='test-status right fail'>Fail</span>
					</div>
					<div class='test-content hide'>
<div class="sr-filters bdd-filters">
	<a class="btn-floating waves-effect waves-light pass green" title="pass"><i class='material-icons'>check_circle</i></a>
	<a class="btn-floating waves-effect waves-light fail red" title="fail"><i class='material-icons'>cancel</i></a>
	<a class="btn-floating waves-effect waves-light skip blue" title="skip"><i class='material-icons'>redo</i></a>
	<a class="btn-floating waves-effect waves-light clear grey" title="clear"><i class='material-icons'>clear</i></a>
</div>

<div class='scenario node' test-id='45' status='fail'>

	<span class='duration right label'>00 00 00.022</span>
	<div class="bdd-test">
		<div class="scenario-name"><span class='status fail' title='Fail'><i class='material-icons'>cancel</i></span> Scenario: Add new User in User Management</div>
	</div>
	
	
		<div class='category-list'>
				<span class='category label'>@UserCreation</span>
		</div>
	
	<ul class='steps'>
		<li test-id='46' class='node given Fail' status='Fail'>
			<div class="step-name" title="(com.stepdefinition.OrangeLoginStepDefinition.open_browser_orange_hrm(java.lang.String))"><span class='status fail' title='Fail'><i class='material-icons'>cancel</i></span>Given Open Browser OrangeHRM "https://opensource-demo.orangehrmlive.com/web/index.php/auth/login"</div>


					<textarea disabled class="code-block">org.openqa.selenium.NoSuchWindowException: no such window: target window already closed
from unknown error: web view not found
  (Session info: chrome=117.0.5938.92)
Build info: version: '4.12.1', revision: '8e34639b11'
System info: os.name: 'Windows 10', os.arch: 'amd64', os.version: '10.0', java.version: '17.0.7'
Driver info: org.openqa.selenium.chrome.ChromeDriver
Command: [aa84f62aea6a9863ef17d746000ba9b3, get {url=https://opensource-demo.orangehrmlive.com/web/index.php/auth/login}]
Capabilities {acceptInsecureCerts: false, browserName: chrome, browserVersion: 117.0.5938.92, chrome: {chromedriverVersion: 117.0.5938.92 (67649b10b92b..., userDataDir: C:\Users\sjamadar\AppData\L...}, fedcm:accounts: true, goog:chromeOptions: {debuggerAddress: localhost:56077}, networkConnectionEnabled: false, pageLoadStrategy: normal, platformName: windows, proxy: Proxy(), se:cdp: ws://localhost:56077/devtoo..., se:cdpVersion: 117.0.5938.92, setWindowRect: true, strictFileInteractability: false, timeouts: {implicit: 0, pageLoad: 300000, script: 30000}, unhandledPromptBehavior: dismiss and notify, webauthn:extension:credBlob: true, webauthn:extension:largeBlob: true, webauthn:extension:minPinLength: true, webauthn:extension:prf: true, webauthn:virtualAuthenticators: true}
Session ID: aa84f62aea6a9863ef17d746000ba9b3
	at java.base/jdk.internal.reflect.NativeConstructorAccessorImpl.newInstance0(Native Method)
	at java.base/jdk.internal.reflect.NativeConstructorAccessorImpl.newInstance(NativeConstructorAccessorImpl.java:77)
	at java.base/jdk.internal.reflect.DelegatingConstructorAccessorImpl.newInstance(DelegatingConstructorAccessorImpl.java:45)
	at java.base/java.lang.reflect.Constructor.newInstanceWithCaller(Constructor.java:499)
	at java.base/java.lang.reflect.Constructor.newInstance(Constructor.java:480)
	at org.openqa.selenium.remote.codec.w3c.W3CHttpResponseCodec.createException(W3CHttpResponseCodec.java:200)
	at org.openqa.selenium.remote.codec.w3c.W3CHttpResponseCodec.decode(W3CHttpResponseCodec.java:133)
	at org.openqa.selenium.remote.codec.w3c.W3CHttpResponseCodec.decode(W3CHttpResponseCodec.java:52)
	at org.openqa.selenium.remote.HttpCommandExecutor.execute(HttpCommandExecutor.java:191)
	at org.openqa.selenium.remote.service.DriverCommandExecutor.invokeExecute(DriverCommandExecutor.java:196)
	at org.openqa.selenium.remote.service.DriverCommandExecutor.execute(DriverCommandExecutor.java:171)
	at org.openqa.selenium.remote.RemoteWebDriver.execute(RemoteWebDriver.java:602)
	at org.openqa.selenium.remote.RemoteWebDriver.get(RemoteWebDriver.java:304)
	at com.utils.DriverClass.openPage(DriverClass.java:28)
	at com.stepdefinition.OrangeLoginStepDefinition.open_browser_orange_hrm(OrangeLoginStepDefinition.java:20)
	at âœ½.Open Browser OrangeHRM "https://opensource-demo.orangehrmlive.com/web/index.php/auth/login"(file:///C:/Users/sjamadar/Desktop/SeleniumGit/Pilot_Project/PilotProjectOrangeHRM/src/test/resources/Features/Admin_UserMagement.feature:4)
</textarea>
		</li>
		<li test-id='47' class='node when Skip' status='Skip'>
			<div class="step-name" title="(com.stepdefinition.OrangeLoginStepDefinition.user_enter_the_user_name_and_pass_word(java.lang.String,java.lang.String))"><span class='status skip' title='Skip'><i class='material-icons'>redo</i></span>When User enter the Admin and admin123</div>


					<div class="node-step">Step skipped</div>
		</li>
		<li test-id='48' class='node and Skip' status='Skip'>
			<div class="step-name" title="(com.stepdefinition.OrangeLoginStepDefinition.click_the_login_btn())"><span class='status skip' title='Skip'><i class='material-icons'>redo</i></span>And click the Login btn</div>


					<div class="node-step">Step skipped</div>
		</li>
		<li test-id='49' class='node given Skip' status='Skip'>
			<div class="step-name" title="(com.stepdefinition.Admin_UserManagementStd.select_admin())"><span class='status skip' title='Skip'><i class='material-icons'>redo</i></span>Given Select Admin</div>


					<div class="node-step">Step skipped</div>
		</li>
		<li test-id='50' class='node and Skip' status='Skip'>
			<div class="step-name" title="(com.stepdefinition.Admin_UserManagementStd.select_user_management_and_click_on_user())"><span class='status skip' title='Skip'><i class='material-icons'>redo</i></span>And Select User Management and click on user</div>


					<div class="node-step">Step skipped</div>
		</li>
		<li test-id='51' class='node when Skip' status='Skip'>
			<div class="step-name" title="(com.stepdefinition.Admin_UserManagementStd.click_on_add_and_filling_the_details_of_user())"><span class='status skip' title='Skip'><i class='material-icons'>redo</i></span>When Click on Add and filling the details of user</div>


					<div class="node-step">Step skipped</div>
		</li>
		<li test-id='52' class='node and Skip' status='Skip'>
			<div class="step-name" title="(com.stepdefinition.Admin_UserManagementStd.click_on_save_User())"><span class='status skip' title='Skip'><i class='material-icons'>redo</i></span>And Click on Save User</div>


					<div class="node-step">Step skipped</div>
		</li>
		<li test-id='53' class='node then Skip' status='Skip'>
			<div class="step-name" title="(com.stepdefinition.Admin_UserManagementStd.user_validate_the_saved_successfully())"><span class='status skip' title='Skip'><i class='material-icons'>redo</i></span>Then User validate the saved successfully</div>


					<div class="node-step">Step skipped</div>
		</li>
		<li test-id='54' class='node * Fail' status='Fail'>
			<div class="step-name" title="(AFTER)"><span class='status fail' title='Fail'><i class='material-icons'>cancel</i></span>com.stepdefinition.HooKs.takeScreenshot(io.cucumber.java.Scenario)</div>


					<textarea disabled class="code-block">org.openqa.selenium.NoSuchWindowException: no such window: target window already closed
from unknown error: web view not found
  (Session info: chrome=117.0.5938.92)
Build info: version: '4.12.1', revision: '8e34639b11'
System info: os.name: 'Windows 10', os.arch: 'amd64', os.version: '10.0', java.version: '17.0.7'
Driver info: org.openqa.selenium.chrome.ChromeDriver
Command: [aa84f62aea6a9863ef17d746000ba9b3, screenshot {}]
Capabilities {acceptInsecureCerts: false, browserName: chrome, browserVersion: 117.0.5938.92, chrome: {chromedriverVersion: 117.0.5938.92 (67649b10b92b..., userDataDir: C:\Users\sjamadar\AppData\L...}, fedcm:accounts: true, goog:chromeOptions: {debuggerAddress: localhost:56077}, networkConnectionEnabled: false, pageLoadStrategy: normal, platformName: windows, proxy: Proxy(), se:cdp: ws://localhost:56077/devtoo..., se:cdpVersion: 117.0.5938.92, setWindowRect: true, strictFileInteractability: false, timeouts: {implicit: 0, pageLoad: 300000, script: 30000}, unhandledPromptBehavior: dismiss and notify, webauthn:extension:credBlob: true, webauthn:extension:largeBlob: true, webauthn:extension:minPinLength: true, webauthn:extension:prf: true, webauthn:virtualAuthenticators: true}
Session ID: aa84f62aea6a9863ef17d746000ba9b3
	at java.base/jdk.internal.reflect.NativeConstructorAccessorImpl.newInstance0(Native Method)
	at java.base/jdk.internal.reflect.NativeConstructorAccessorImpl.newInstance(NativeConstructorAccessorImpl.java:77)
	at java.base/jdk.internal.reflect.DelegatingConstructorAccessorImpl.newInstance(DelegatingConstructorAccessorImpl.java:45)
	at java.base/java.lang.reflect.Constructor.newInstanceWithCaller(Constructor.java:499)
	at java.base/java.lang.reflect.Constructor.newInstance(Constructor.java:480)
	at org.openqa.selenium.remote.codec.w3c.W3CHttpResponseCodec.createException(W3CHttpResponseCodec.java:200)
	at org.openqa.selenium.remote.codec.w3c.W3CHttpResponseCodec.decode(W3CHttpResponseCodec.java:133)
	at org.openqa.selenium.remote.codec.w3c.W3CHttpResponseCodec.decode(W3CHttpResponseCodec.java:52)
	at org.openqa.selenium.remote.HttpCommandExecutor.execute(HttpCommandExecutor.java:191)
	at org.openqa.selenium.remote.service.DriverCommandExecutor.invokeExecute(DriverCommandExecutor.java:196)
	at org.openqa.selenium.remote.service.DriverCommandExecutor.execute(DriverCommandExecutor.java:171)
	at org.openqa.selenium.remote.RemoteWebDriver.execute(RemoteWebDriver.java:602)
	at org.openqa.selenium.remote.RemoteWebDriver.execute(RemoteWebDriver.java:675)
	at org.openqa.selenium.remote.RemoteWebDriver.execute(RemoteWebDriver.java:679)
	at org.openqa.selenium.remote.RemoteWebDriver.getScreenshotAs(RemoteWebDriver.java:325)
	at com.stepdefinition.HooKs.takeScreenshot(HooKs.java:26)
</textarea>
		</li>
		<li test-id='55' class='node * Fail' status='Fail'>
			<div class="step-name" title="(AFTER)"><span class='status fail' title='Fail'><i class='material-icons'>cancel</i></span>com.stepdefinition.HooKs.setLogout()</div>


					<textarea disabled class="code-block">org.openqa.selenium.NoSuchWindowException: no such window: target window already closed
from unknown error: web view not found
  (Session info: chrome=117.0.5938.92)
Build info: version: '4.12.1', revision: '8e34639b11'
System info: os.name: 'Windows 10', os.arch: 'amd64', os.version: '10.0', java.version: '17.0.7'
Driver info: org.openqa.selenium.chrome.ChromeDriver
Command: [aa84f62aea6a9863ef17d746000ba9b3, findElement {using=xpath, value=//button[@type="submit"]}]
Capabilities {acceptInsecureCerts: false, browserName: chrome, browserVersion: 117.0.5938.92, chrome: {chromedriverVersion: 117.0.5938.92 (67649b10b92b..., userDataDir: C:\Users\sjamadar\AppData\L...}, fedcm:accounts: true, goog:chromeOptions: {debuggerAddress: localhost:56077}, networkConnectionEnabled: false, pageLoadStrategy: normal, platformName: windows, proxy: Proxy(), se:cdp: ws://localhost:56077/devtoo..., se:cdpVersion: 117.0.5938.92, setWindowRect: true, strictFileInteractability: false, timeouts: {implicit: 0, pageLoad: 300000, script: 30000}, unhandledPromptBehavior: dismiss and notify, webauthn:extension:credBlob: true, webauthn:extension:largeBlob: true, webauthn:extension:minPinLength: true, webauthn:extension:prf: true, webauthn:virtualAuthenticators: true}
Session ID: aa84f62aea6a9863ef17d746000ba9b3
	at java.base/jdk.internal.reflect.NativeConstructorAccessorImpl.newInstance0(Native Method)
	at java.base/jdk.internal.reflect.NativeConstructorAccessorImpl.newInstance(NativeConstructorAccessorImpl.java:77)
	at java.base/jdk.internal.reflect.DelegatingConstructorAccessorImpl.newInstance(DelegatingConstructorAccessorImpl.java:45)
	at java.base/java.lang.reflect.Constructor.newInstanceWithCaller(Constructor.java:499)
	at java.base/java.lang.reflect.Constructor.newInstance(Constructor.java:480)
	at org.openqa.selenium.remote.codec.w3c.W3CHttpResponseCodec.createException(W3CHttpResponseCodec.java:200)
	at org.openqa.selenium.remote.codec.w3c.W3CHttpResponseCodec.decode(W3CHttpResponseCodec.java:133)
	at org.openqa.selenium.remote.codec.w3c.W3CHttpResponseCodec.decode(W3CHttpResponseCodec.java:52)
	at org.openqa.selenium.remote.HttpCommandExecutor.execute(HttpCommandExecutor.java:191)
	at org.openqa.selenium.remote.service.DriverCommandExecutor.invokeExecute(DriverCommandExecutor.java:196)
	at org.openqa.selenium.remote.service.DriverCommandExecutor.execute(DriverCommandExecutor.java:171)
	at org.openqa.selenium.remote.RemoteWebDriver.execute(RemoteWebDriver.java:602)
	at org.openqa.selenium.remote.ElementLocation$ElementFinder$2.findElement(ElementLocation.java:165)
	at org.openqa.selenium.remote.ElementLocation.findElement(ElementLocation.java:59)
	at org.openqa.selenium.remote.RemoteWebDriver.findElement(RemoteWebDriver.java:359)
	at org.openqa.selenium.remote.RemoteWebDriver.findElement(RemoteWebDriver.java:353)
	at org.openqa.selenium.support.pagefactory.DefaultElementLocator.findElement(DefaultElementLocator.java:68)
	at org.openqa.selenium.support.pagefactory.internal.LocatingElementHandler.invoke(LocatingElementHandler.java:38)
	at jdk.proxy2/jdk.proxy2.$Proxy23.click(Unknown Source)
	at com.pageactions.OrangeHRMLoginPageActions.setLogOut(OrangeHRMLoginPageActions.java:26)
	at com.utils.BugStriker.setLogoutBS(BugStriker.java:15)
	at com.stepdefinition.HooKs.setLogout(HooKs.java:36)
</textarea>
		</li>
	</ul>
</div>
<div class='scenario node' test-id='56' status='fail'>

	<span class='duration right label'>00 00 00.021</span>
	<div class="bdd-test">
		<div class="scenario-name"><span class='status fail' title='Fail'><i class='material-icons'>cancel</i></span> Scenario: Searching for Added User in User Management</div>
	</div>
	
	
		<div class='category-list'>
				<span class='category label'>@UserCreationValidation</span>
		</div>
	
	<ul class='steps'>
		<li test-id='57' class='node given Fail' status='Fail'>
			<div class="step-name" title="(com.stepdefinition.OrangeLoginStepDefinition.open_browser_orange_hrm(java.lang.String))"><span class='status fail' title='Fail'><i class='material-icons'>cancel</i></span>Given Open Browser OrangeHRM "https://opensource-demo.orangehrmlive.com/web/index.php/auth/login"</div>


					<textarea disabled class="code-block">org.openqa.selenium.NoSuchWindowException: no such window: target window already closed
from unknown error: web view not found
  (Session info: chrome=117.0.5938.92)
Build info: version: '4.12.1', revision: '8e34639b11'
System info: os.name: 'Windows 10', os.arch: 'amd64', os.version: '10.0', java.version: '17.0.7'
Driver info: org.openqa.selenium.chrome.ChromeDriver
Command: [aa84f62aea6a9863ef17d746000ba9b3, get {url=https://opensource-demo.orangehrmlive.com/web/index.php/auth/login}]
Capabilities {acceptInsecureCerts: false, browserName: chrome, browserVersion: 117.0.5938.92, chrome: {chromedriverVersion: 117.0.5938.92 (67649b10b92b..., userDataDir: C:\Users\sjamadar\AppData\L...}, fedcm:accounts: true, goog:chromeOptions: {debuggerAddress: localhost:56077}, networkConnectionEnabled: false, pageLoadStrategy: normal, platformName: windows, proxy: Proxy(), se:cdp: ws://localhost:56077/devtoo..., se:cdpVersion: 117.0.5938.92, setWindowRect: true, strictFileInteractability: false, timeouts: {implicit: 0, pageLoad: 300000, script: 30000}, unhandledPromptBehavior: dismiss and notify, webauthn:extension:credBlob: true, webauthn:extension:largeBlob: true, webauthn:extension:minPinLength: true, webauthn:extension:prf: true, webauthn:virtualAuthenticators: true}
Session ID: aa84f62aea6a9863ef17d746000ba9b3
	at java.base/jdk.internal.reflect.NativeConstructorAccessorImpl.newInstance0(Native Method)
	at java.base/jdk.internal.reflect.NativeConstructorAccessorImpl.newInstance(NativeConstructorAccessorImpl.java:77)
	at java.base/jdk.internal.reflect.DelegatingConstructorAccessorImpl.newInstance(DelegatingConstructorAccessorImpl.java:45)
	at java.base/java.lang.reflect.Constructor.newInstanceWithCaller(Constructor.java:499)
	at java.base/java.lang.reflect.Constructor.newInstance(Constructor.java:480)
	at org.openqa.selenium.remote.codec.w3c.W3CHttpResponseCodec.createException(W3CHttpResponseCodec.java:200)
	at org.openqa.selenium.remote.codec.w3c.W3CHttpResponseCodec.decode(W3CHttpResponseCodec.java:133)
	at org.openqa.selenium.remote.codec.w3c.W3CHttpResponseCodec.decode(W3CHttpResponseCodec.java:52)
	at org.openqa.selenium.remote.HttpCommandExecutor.execute(HttpCommandExecutor.java:191)
	at org.openqa.selenium.remote.service.DriverCommandExecutor.invokeExecute(DriverCommandExecutor.java:196)
	at org.openqa.selenium.remote.service.DriverCommandExecutor.execute(DriverCommandExecutor.java:171)
	at org.openqa.selenium.remote.RemoteWebDriver.execute(RemoteWebDriver.java:602)
	at org.openqa.selenium.remote.RemoteWebDriver.get(RemoteWebDriver.java:304)
	at com.utils.DriverClass.openPage(DriverClass.java:28)
	at com.stepdefinition.OrangeLoginStepDefinition.open_browser_orange_hrm(OrangeLoginStepDefinition.java:20)
	at âœ½.Open Browser OrangeHRM "https://opensource-demo.orangehrmlive.com/web/index.php/auth/login"(file:///C:/Users/sjamadar/Desktop/SeleniumGit/Pilot_Project/PilotProjectOrangeHRM/src/test/resources/Features/Admin_UserMagement.feature:4)
</textarea>
		</li>
		<li test-id='58' class='node when Skip' status='Skip'>
			<div class="step-name" title="(com.stepdefinition.OrangeLoginStepDefinition.user_enter_the_user_name_and_pass_word(java.lang.String,java.lang.String))"><span class='status skip' title='Skip'><i class='material-icons'>redo</i></span>When User enter the Admin and admin123</div>


					<div class="node-step">Step skipped</div>
		</li>
		<li test-id='59' class='node and Skip' status='Skip'>
			<div class="step-name" title="(com.stepdefinition.OrangeLoginStepDefinition.click_the_login_btn())"><span class='status skip' title='Skip'><i class='material-icons'>redo</i></span>And click the Login btn</div>


					<div class="node-step">Step skipped</div>
		</li>
		<li test-id='60' class='node given Skip' status='Skip'>
			<div class="step-name" title="(com.stepdefinition.Admin_UserManagementStd.select_admin())"><span class='status skip' title='Skip'><i class='material-icons'>redo</i></span>Given Select Admin</div>


					<div class="node-step">Step skipped</div>
		</li>
		<li test-id='61' class='node and Skip' status='Skip'>
			<div class="step-name" title="(com.stepdefinition.Admin_UserManagementStd.select_user_management_and_click_on_user())"><span class='status skip' title='Skip'><i class='material-icons'>redo</i></span>And Select User Management and click on user</div>


					<div class="node-step">Step skipped</div>
		</li>
		<li test-id='62' class='node when Skip' status='Skip'>
			<div class="step-name" title="(com.stepdefinition.Admin_UserManagementStd.user_enter_the_search_details())"><span class='status skip' title='Skip'><i class='material-icons'>redo</i></span>When User Enter the Search Details</div>


					<div class="node-step">Step skipped</div>
		</li>
		<li test-id='63' class='node and Skip' status='Skip'>
			<div class="step-name" title="(com.stepdefinition.Admin_UserManagementStd.user_click_the_search_btn())"><span class='status skip' title='Skip'><i class='material-icons'>redo</i></span>And User Click the Search Btn</div>


					<div class="node-step">Step skipped</div>
		</li>
		<li test-id='64' class='node then Skip' status='Skip'>
			<div class="step-name" title="(com.stepdefinition.Admin_UserManagementStd.user_check_weather_new_user_added_or_not())"><span class='status skip' title='Skip'><i class='material-icons'>redo</i></span>Then User Check Weather New user Added or not</div>


					<div class="node-step">Step skipped</div>
		</li>
		<li test-id='65' class='node * Fail' status='Fail'>
			<div class="step-name" title="(AFTER)"><span class='status fail' title='Fail'><i class='material-icons'>cancel</i></span>com.stepdefinition.HooKs.takeScreenshot(io.cucumber.java.Scenario)</div>


					<textarea disabled class="code-block">org.openqa.selenium.NoSuchWindowException: no such window: target window already closed
from unknown error: web view not found
  (Session info: chrome=117.0.5938.92)
Build info: version: '4.12.1', revision: '8e34639b11'
System info: os.name: 'Windows 10', os.arch: 'amd64', os.version: '10.0', java.version: '17.0.7'
Driver info: org.openqa.selenium.chrome.ChromeDriver
Command: [aa84f62aea6a9863ef17d746000ba9b3, screenshot {}]
Capabilities {acceptInsecureCerts: false, browserName: chrome, browserVersion: 117.0.5938.92, chrome: {chromedriverVersion: 117.0.5938.92 (67649b10b92b..., userDataDir: C:\Users\sjamadar\AppData\L...}, fedcm:accounts: true, goog:chromeOptions: {debuggerAddress: localhost:56077}, networkConnectionEnabled: false, pageLoadStrategy: normal, platformName: windows, proxy: Proxy(), se:cdp: ws://localhost:56077/devtoo..., se:cdpVersion: 117.0.5938.92, setWindowRect: true, strictFileInteractability: false, timeouts: {implicit: 0, pageLoad: 300000, script: 30000}, unhandledPromptBehavior: dismiss and notify, webauthn:extension:credBlob: true, webauthn:extension:largeBlob: true, webauthn:extension:minPinLength: true, webauthn:extension:prf: true, webauthn:virtualAuthenticators: true}
Session ID: aa84f62aea6a9863ef17d746000ba9b3
	at java.base/jdk.internal.reflect.NativeConstructorAccessorImpl.newInstance0(Native Method)
	at java.base/jdk.internal.reflect.NativeConstructorAccessorImpl.newInstance(NativeConstructorAccessorImpl.java:77)
	at java.base/jdk.internal.reflect.DelegatingConstructorAccessorImpl.newInstance(DelegatingConstructorAccessorImpl.java:45)
	at java.base/java.lang.reflect.Constructor.newInstanceWithCaller(Constructor.java:499)
	at java.base/java.lang.reflect.Constructor.newInstance(Constructor.java:480)
	at org.openqa.selenium.remote.codec.w3c.W3CHttpResponseCodec.createException(W3CHttpResponseCodec.java:200)
	at org.openqa.selenium.remote.codec.w3c.W3CHttpResponseCodec.decode(W3CHttpResponseCodec.java:133)
	at org.openqa.selenium.remote.codec.w3c.W3CHttpResponseCodec.decode(W3CHttpResponseCodec.java:52)
	at org.openqa.selenium.remote.HttpCommandExecutor.execute(HttpCommandExecutor.java:191)
	at org.openqa.selenium.remote.service.DriverCommandExecutor.invokeExecute(DriverCommandExecutor.java:196)
	at org.openqa.selenium.remote.service.DriverCommandExecutor.execute(DriverCommandExecutor.java:171)
	at org.openqa.selenium.remote.RemoteWebDriver.execute(RemoteWebDriver.java:602)
	at org.openqa.selenium.remote.RemoteWebDriver.execute(RemoteWebDriver.java:675)
	at org.openqa.selenium.remote.RemoteWebDriver.execute(RemoteWebDriver.java:679)
	at org.openqa.selenium.remote.RemoteWebDriver.getScreenshotAs(RemoteWebDriver.java:325)
	at com.stepdefinition.HooKs.takeScreenshot(HooKs.java:26)
</textarea>
		</li>
		<li test-id='66' class='node * Fail' status='Fail'>
			<div class="step-name" title="(AFTER)"><span class='status fail' title='Fail'><i class='material-icons'>cancel</i></span>com.stepdefinition.HooKs.setLogout()</div>


					<textarea disabled class="code-block">org.openqa.selenium.NoSuchWindowException: no such window: target window already closed
from unknown error: web view not found
  (Session info: chrome=117.0.5938.92)
Build info: version: '4.12.1', revision: '8e34639b11'
System info: os.name: 'Windows 10', os.arch: 'amd64', os.version: '10.0', java.version: '17.0.7'
Driver info: org.openqa.selenium.chrome.ChromeDriver
Command: [aa84f62aea6a9863ef17d746000ba9b3, findElement {using=xpath, value=//button[@type="submit"]}]
Capabilities {acceptInsecureCerts: false, browserName: chrome, browserVersion: 117.0.5938.92, chrome: {chromedriverVersion: 117.0.5938.92 (67649b10b92b..., userDataDir: C:\Users\sjamadar\AppData\L...}, fedcm:accounts: true, goog:chromeOptions: {debuggerAddress: localhost:56077}, networkConnectionEnabled: false, pageLoadStrategy: normal, platformName: windows, proxy: Proxy(), se:cdp: ws://localhost:56077/devtoo..., se:cdpVersion: 117.0.5938.92, setWindowRect: true, strictFileInteractability: false, timeouts: {implicit: 0, pageLoad: 300000, script: 30000}, unhandledPromptBehavior: dismiss and notify, webauthn:extension:credBlob: true, webauthn:extension:largeBlob: true, webauthn:extension:minPinLength: true, webauthn:extension:prf: true, webauthn:virtualAuthenticators: true}
Session ID: aa84f62aea6a9863ef17d746000ba9b3
	at java.base/jdk.internal.reflect.NativeConstructorAccessorImpl.newInstance0(Native Method)
	at java.base/jdk.internal.reflect.NativeConstructorAccessorImpl.newInstance(NativeConstructorAccessorImpl.java:77)
	at java.base/jdk.internal.reflect.DelegatingConstructorAccessorImpl.newInstance(DelegatingConstructorAccessorImpl.java:45)
	at java.base/java.lang.reflect.Constructor.newInstanceWithCaller(Constructor.java:499)
	at java.base/java.lang.reflect.Constructor.newInstance(Constructor.java:480)
	at org.openqa.selenium.remote.codec.w3c.W3CHttpResponseCodec.createException(W3CHttpResponseCodec.java:200)
	at org.openqa.selenium.remote.codec.w3c.W3CHttpResponseCodec.decode(W3CHttpResponseCodec.java:133)
	at org.openqa.selenium.remote.codec.w3c.W3CHttpResponseCodec.decode(W3CHttpResponseCodec.java:52)
	at org.openqa.selenium.remote.HttpCommandExecutor.execute(HttpCommandExecutor.java:191)
	at org.openqa.selenium.remote.service.DriverCommandExecutor.invokeExecute(DriverCommandExecutor.java:196)
	at org.openqa.selenium.remote.service.DriverCommandExecutor.execute(DriverCommandExecutor.java:171)
	at org.openqa.selenium.remote.RemoteWebDriver.execute(RemoteWebDriver.java:602)
	at org.openqa.selenium.remote.ElementLocation$ElementFinder$2.findElement(ElementLocation.java:165)
	at org.openqa.selenium.remote.ElementLocation.findElement(ElementLocation.java:59)
	at org.openqa.selenium.remote.RemoteWebDriver.findElement(RemoteWebDriver.java:359)
	at org.openqa.selenium.remote.RemoteWebDriver.findElement(RemoteWebDriver.java:353)
	at org.openqa.selenium.support.pagefactory.DefaultElementLocator.findElement(DefaultElementLocator.java:68)
	at org.openqa.selenium.support.pagefactory.internal.LocatingElementHandler.invoke(LocatingElementHandler.java:38)
	at jdk.proxy2/jdk.proxy2.$Proxy23.click(Unknown Source)
	at com.pageactions.OrangeHRMLoginPageActions.setLogOut(OrangeHRMLoginPageActions.java:26)
	at com.utils.BugStriker.setLogoutBS(BugStriker.java:15)
	at com.stepdefinition.HooKs.setLogout(HooKs.java:36)
</textarea>
		</li>
	</ul>
</div>
					</div>
				</li>
				<li class='test displayed active has-leaf fail' status='fail' bdd='true' test-id='67'>
					<div class='test-heading'>
						<span class='test-name'>Orange HRM Login feature test</span>
						<span class='test-time'>Sep 28, 2023 04:07:18 PM</span>
						<span class='test-status right fail'>Fail</span>
					</div>
					<div class='test-content hide'>
<div class="sr-filters bdd-filters">
	<a class="btn-floating waves-effect waves-light pass green" title="pass"><i class='material-icons'>check_circle</i></a>
	<a class="btn-floating waves-effect waves-light fail red" title="fail"><i class='material-icons'>cancel</i></a>
	<a class="btn-floating waves-effect waves-light skip blue" title="skip"><i class='material-icons'>redo</i></a>
	<a class="btn-floating waves-effect waves-light clear grey" title="clear"><i class='material-icons'>clear</i></a>
</div>

<div class='scenario outline node' test-id='68' status='fail'>

	<span class='duration right label'>00 00 00.069</span>
	<div class="bdd-test">
		<div class="scenario-name"><span class='status fail' title='Fail'><i class='material-icons'>cancel</i></span> Scenario Outline: To validate the Login feature of the OrangeHRM</div>
	</div>
	
		<div class='node-desc'><br><br><table class='markup-table table '><tr><td>UserName</td><td>PassWord</td></tr><tr><td>Admin</td><td>admin123</td></tr></table><br><br><table class='markup-table table '><tr><td>UserName</td><td>PassWord</td></tr><tr><td>Admin</td><td>admin13</td></tr></table></div>
	
	
	<ul class='steps'>
		<li test-id='69' class='node scenario Fail' status='Fail'>
			<div class="step-name" title="()"><span class='status fail' title='Fail'><i class='material-icons'>cancel</i></span>To validate the Login feature of the OrangeHRM</div>

				<div class='category-list'>
						<span class='category label'>@Valid_Credential</span>
				</div>

			<ul class='gc steps'>
				<li test-id='70' class='gc given Fail' status='Fail'>
					<h6 class="step-name" title="com.stepdefinition.OrangeLoginStepDefinition.open_browser_orange_hrm(java.lang.String)"><span class='status fail' title='Fail'><i class='material-icons'>cancel</i></span>Given Open Browser OrangeHRM "https://opensource-demo.orangehrmlive.com/web/index.php/auth/login"</h6>

							<textarea disabled class="code-block">org.openqa.selenium.NoSuchWindowException: no such window: target window already closed
from unknown error: web view not found
  (Session info: chrome=117.0.5938.92)
Build info: version: '4.12.1', revision: '8e34639b11'
System info: os.name: 'Windows 10', os.arch: 'amd64', os.version: '10.0', java.version: '17.0.7'
Driver info: org.openqa.selenium.chrome.ChromeDriver
Command: [aa84f62aea6a9863ef17d746000ba9b3, get {url=https://opensource-demo.orangehrmlive.com/web/index.php/auth/login}]
Capabilities {acceptInsecureCerts: false, browserName: chrome, browserVersion: 117.0.5938.92, chrome: {chromedriverVersion: 117.0.5938.92 (67649b10b92b..., userDataDir: C:\Users\sjamadar\AppData\L...}, fedcm:accounts: true, goog:chromeOptions: {debuggerAddress: localhost:56077}, networkConnectionEnabled: false, pageLoadStrategy: normal, platformName: windows, proxy: Proxy(), se:cdp: ws://localhost:56077/devtoo..., se:cdpVersion: 117.0.5938.92, setWindowRect: true, strictFileInteractability: false, timeouts: {implicit: 0, pageLoad: 300000, script: 30000}, unhandledPromptBehavior: dismiss and notify, webauthn:extension:credBlob: true, webauthn:extension:largeBlob: true, webauthn:extension:minPinLength: true, webauthn:extension:prf: true, webauthn:virtualAuthenticators: true}
Session ID: aa84f62aea6a9863ef17d746000ba9b3
	at java.base/jdk.internal.reflect.NativeConstructorAccessorImpl.newInstance0(Native Method)
	at java.base/jdk.internal.reflect.NativeConstructorAccessorImpl.newInstance(NativeConstructorAccessorImpl.java:77)
	at java.base/jdk.internal.reflect.DelegatingConstructorAccessorImpl.newInstance(DelegatingConstructorAccessorImpl.java:45)
	at java.base/java.lang.reflect.Constructor.newInstanceWithCaller(Constructor.java:499)
	at java.base/java.lang.reflect.Constructor.newInstance(Constructor.java:480)
	at org.openqa.selenium.remote.codec.w3c.W3CHttpResponseCodec.createException(W3CHttpResponseCodec.java:200)
	at org.openqa.selenium.remote.codec.w3c.W3CHttpResponseCodec.decode(W3CHttpResponseCodec.java:133)
	at org.openqa.selenium.remote.codec.w3c.W3CHttpResponseCodec.decode(W3CHttpResponseCodec.java:52)
	at org.openqa.selenium.remote.HttpCommandExecutor.execute(HttpCommandExecutor.java:191)
	at org.openqa.selenium.remote.service.DriverCommandExecutor.invokeExecute(DriverCommandExecutor.java:196)
	at org.openqa.selenium.remote.service.DriverCommandExecutor.execute(DriverCommandExecutor.java:171)
	at org.openqa.selenium.remote.RemoteWebDriver.execute(RemoteWebDriver.java:602)
	at org.openqa.selenium.remote.RemoteWebDriver.get(RemoteWebDriver.java:304)
	at com.utils.DriverClass.openPage(DriverClass.java:28)
	at com.stepdefinition.OrangeLoginStepDefinition.open_browser_orange_hrm(OrangeLoginStepDefinition.java:20)
	at âœ½.Open Browser OrangeHRM "https://opensource-demo.orangehrmlive.com/web/index.php/auth/login"(file:///C:/Users/sjamadar/Desktop/SeleniumGit/Pilot_Project/PilotProjectOrangeHRM/src/test/resources/Features/OHRMLoginPageTest01.feature:4)
</textarea>
				</li>
				<li test-id='71' class='gc when Skip' status='Skip'>
					<h6 class="step-name" title="com.stepdefinition.OrangeLoginStepDefinition.user_enter_the_user_name_and_pass_word(java.lang.String,java.lang.String)"><span class='status skip' title='Skip'><i class='material-icons'>redo</i></span>When User enter the Admin and admin123</h6>

							<div class="node-step">Step skipped</div>
				</li>
				<li test-id='72' class='gc and Skip' status='Skip'>
					<h6 class="step-name" title="com.stepdefinition.OrangeLoginStepDefinition.click_the_login_btn()"><span class='status skip' title='Skip'><i class='material-icons'>redo</i></span>And click the Login btn</h6>

							<div class="node-step">Step skipped</div>
				</li>
				<li test-id='73' class='gc then Skip' status='Skip'>
					<h6 class="step-name" title="com.stepdefinition.OrangeLoginStepDefinition.validating_login_page()"><span class='status skip' title='Skip'><i class='material-icons'>redo</i></span>Then Validating Login Page</h6>

							<div class="node-step">Step skipped</div>
				</li>
				<li test-id='74' class='gc * Fail' status='Fail'>
					<h6 class="step-name" title="AFTER"><span class='status fail' title='Fail'><i class='material-icons'>cancel</i></span>com.stepdefinition.HooKs.takeScreenshot(io.cucumber.java.Scenario)</h6>

							<textarea disabled class="code-block">org.openqa.selenium.NoSuchWindowException: no such window: target window already closed
from unknown error: web view not found
  (Session info: chrome=117.0.5938.92)
Build info: version: '4.12.1', revision: '8e34639b11'
System info: os.name: 'Windows 10', os.arch: 'amd64', os.version: '10.0', java.version: '17.0.7'
Driver info: org.openqa.selenium.chrome.ChromeDriver
Command: [aa84f62aea6a9863ef17d746000ba9b3, screenshot {}]
Capabilities {acceptInsecureCerts: false, browserName: chrome, browserVersion: 117.0.5938.92, chrome: {chromedriverVersion: 117.0.5938.92 (67649b10b92b..., userDataDir: C:\Users\sjamadar\AppData\L...}, fedcm:accounts: true, goog:chromeOptions: {debuggerAddress: localhost:56077}, networkConnectionEnabled: false, pageLoadStrategy: normal, platformName: windows, proxy: Proxy(), se:cdp: ws://localhost:56077/devtoo..., se:cdpVersion: 117.0.5938.92, setWindowRect: true, strictFileInteractability: false, timeouts: {implicit: 0, pageLoad: 300000, script: 30000}, unhandledPromptBehavior: dismiss and notify, webauthn:extension:credBlob: true, webauthn:extension:largeBlob: true, webauthn:extension:minPinLength: true, webauthn:extension:prf: true, webauthn:virtualAuthenticators: true}
Session ID: aa84f62aea6a9863ef17d746000ba9b3
	at jdk.internal.reflect.GeneratedConstructorAccessor22.newInstance(Unknown Source)
	at java.base/jdk.internal.reflect.DelegatingConstructorAccessorImpl.newInstance(DelegatingConstructorAccessorImpl.java:45)
	at java.base/java.lang.reflect.Constructor.newInstanceWithCaller(Constructor.java:499)
	at java.base/java.lang.reflect.Constructor.newInstance(Constructor.java:480)
	at org.openqa.selenium.remote.codec.w3c.W3CHttpResponseCodec.createException(W3CHttpResponseCodec.java:200)
	at org.openqa.selenium.remote.codec.w3c.W3CHttpResponseCodec.decode(W3CHttpResponseCodec.java:133)
	at org.openqa.selenium.remote.codec.w3c.W3CHttpResponseCodec.decode(W3CHttpResponseCodec.java:52)
	at org.openqa.selenium.remote.HttpCommandExecutor.execute(HttpCommandExecutor.java:191)
	at org.openqa.selenium.remote.service.DriverCommandExecutor.invokeExecute(DriverCommandExecutor.java:196)
	at org.openqa.selenium.remote.service.DriverCommandExecutor.execute(DriverCommandExecutor.java:171)
	at org.openqa.selenium.remote.RemoteWebDriver.execute(RemoteWebDriver.java:602)
	at org.openqa.selenium.remote.RemoteWebDriver.execute(RemoteWebDriver.java:675)
	at org.openqa.selenium.remote.RemoteWebDriver.execute(RemoteWebDriver.java:679)
	at org.openqa.selenium.remote.RemoteWebDriver.getScreenshotAs(RemoteWebDriver.java:325)
	at com.stepdefinition.HooKs.takeScreenshot(HooKs.java:26)
</textarea>
				</li>
				<li test-id='75' class='gc * Fail' status='Fail'>
					<h6 class="step-name" title="AFTER"><span class='status fail' title='Fail'><i class='material-icons'>cancel</i></span>com.stepdefinition.HooKs.setLogout()</h6>

							<textarea disabled class="code-block">org.openqa.selenium.NoSuchWindowException: no such window: target window already closed
from unknown error: web view not found
  (Session info: chrome=117.0.5938.92)
Build info: version: '4.12.1', revision: '8e34639b11'
System info: os.name: 'Windows 10', os.arch: 'amd64', os.version: '10.0', java.version: '17.0.7'
Driver info: org.openqa.selenium.chrome.ChromeDriver
Command: [aa84f62aea6a9863ef17d746000ba9b3, findElement {using=xpath, value=//button[@type="submit"]}]
Capabilities {acceptInsecureCerts: false, browserName: chrome, browserVersion: 117.0.5938.92, chrome: {chromedriverVersion: 117.0.5938.92 (67649b10b92b..., userDataDir: C:\Users\sjamadar\AppData\L...}, fedcm:accounts: true, goog:chromeOptions: {debuggerAddress: localhost:56077}, networkConnectionEnabled: false, pageLoadStrategy: normal, platformName: windows, proxy: Proxy(), se:cdp: ws://localhost:56077/devtoo..., se:cdpVersion: 117.0.5938.92, setWindowRect: true, strictFileInteractability: false, timeouts: {implicit: 0, pageLoad: 300000, script: 30000}, unhandledPromptBehavior: dismiss and notify, webauthn:extension:credBlob: true, webauthn:extension:largeBlob: true, webauthn:extension:minPinLength: true, webauthn:extension:prf: true, webauthn:virtualAuthenticators: true}
Session ID: aa84f62aea6a9863ef17d746000ba9b3
	at jdk.internal.reflect.GeneratedConstructorAccessor22.newInstance(Unknown Source)
	at java.base/jdk.internal.reflect.DelegatingConstructorAccessorImpl.newInstance(DelegatingConstructorAccessorImpl.java:45)
	at java.base/java.lang.reflect.Constructor.newInstanceWithCaller(Constructor.java:499)
	at java.base/java.lang.reflect.Constructor.newInstance(Constructor.java:480)
	at org.openqa.selenium.remote.codec.w3c.W3CHttpResponseCodec.createException(W3CHttpResponseCodec.java:200)
	at org.openqa.selenium.remote.codec.w3c.W3CHttpResponseCodec.decode(W3CHttpResponseCodec.java:133)
	at org.openqa.selenium.remote.codec.w3c.W3CHttpResponseCodec.decode(W3CHttpResponseCodec.java:52)
	at org.openqa.selenium.remote.HttpCommandExecutor.execute(HttpCommandExecutor.java:191)
	at org.openqa.selenium.remote.service.DriverCommandExecutor.invokeExecute(DriverCommandExecutor.java:196)
	at org.openqa.selenium.remote.service.DriverCommandExecutor.execute(DriverCommandExecutor.java:171)
	at org.openqa.selenium.remote.RemoteWebDriver.execute(RemoteWebDriver.java:602)
	at org.openqa.selenium.remote.ElementLocation$ElementFinder$2.findElement(ElementLocation.java:165)
	at org.openqa.selenium.remote.ElementLocation.findElement(ElementLocation.java:59)
	at org.openqa.selenium.remote.RemoteWebDriver.findElement(RemoteWebDriver.java:359)
	at org.openqa.selenium.remote.RemoteWebDriver.findElement(RemoteWebDriver.java:353)
	at org.openqa.selenium.support.pagefactory.DefaultElementLocator.findElement(DefaultElementLocator.java:68)
	at org.openqa.selenium.support.pagefactory.internal.LocatingElementHandler.invoke(LocatingElementHandler.java:38)
	at jdk.proxy2/jdk.proxy2.$Proxy23.click(Unknown Source)
	at com.pageactions.OrangeHRMLoginPageActions.setLogOut(OrangeHRMLoginPageActions.java:26)
	at com.utils.BugStriker.setLogoutBS(BugStriker.java:15)
	at com.stepdefinition.HooKs.setLogout(HooKs.java:36)
</textarea>
				</li>
			</ul>
		</li>
		<li test-id='76' class='node scenario Fail' status='Fail'>
			<div class="step-name" title="()"><span class='status fail' title='Fail'><i class='material-icons'>cancel</i></span>To validate the Login feature of the OrangeHRM</div>

				<div class='category-list'>
						<span class='category label'>@Invalid_Credential</span>
				</div>

			<ul class='gc steps'>
				<li test-id='77' class='gc given Fail' status='Fail'>
					<h6 class="step-name" title="com.stepdefinition.OrangeLoginStepDefinition.open_browser_orange_hrm(java.lang.String)"><span class='status fail' title='Fail'><i class='material-icons'>cancel</i></span>Given Open Browser OrangeHRM "https://opensource-demo.orangehrmlive.com/web/index.php/auth/login"</h6>

							<textarea disabled class="code-block">org.openqa.selenium.NoSuchWindowException: no such window: target window already closed
from unknown error: web view not found
  (Session info: chrome=117.0.5938.92)
Build info: version: '4.12.1', revision: '8e34639b11'
System info: os.name: 'Windows 10', os.arch: 'amd64', os.version: '10.0', java.version: '17.0.7'
Driver info: org.openqa.selenium.chrome.ChromeDriver
Command: [aa84f62aea6a9863ef17d746000ba9b3, get {url=https://opensource-demo.orangehrmlive.com/web/index.php/auth/login}]
Capabilities {acceptInsecureCerts: false, browserName: chrome, browserVersion: 117.0.5938.92, chrome: {chromedriverVersion: 117.0.5938.92 (67649b10b92b..., userDataDir: C:\Users\sjamadar\AppData\L...}, fedcm:accounts: true, goog:chromeOptions: {debuggerAddress: localhost:56077}, networkConnectionEnabled: false, pageLoadStrategy: normal, platformName: windows, proxy: Proxy(), se:cdp: ws://localhost:56077/devtoo..., se:cdpVersion: 117.0.5938.92, setWindowRect: true, strictFileInteractability: false, timeouts: {implicit: 0, pageLoad: 300000, script: 30000}, unhandledPromptBehavior: dismiss and notify, webauthn:extension:credBlob: true, webauthn:extension:largeBlob: true, webauthn:extension:minPinLength: true, webauthn:extension:prf: true, webauthn:virtualAuthenticators: true}
Session ID: aa84f62aea6a9863ef17d746000ba9b3
	at jdk.internal.reflect.GeneratedConstructorAccessor22.newInstance(Unknown Source)
	at java.base/jdk.internal.reflect.DelegatingConstructorAccessorImpl.newInstance(DelegatingConstructorAccessorImpl.java:45)
	at java.base/java.lang.reflect.Constructor.newInstanceWithCaller(Constructor.java:499)
	at java.base/java.lang.reflect.Constructor.newInstance(Constructor.java:480)
	at org.openqa.selenium.remote.codec.w3c.W3CHttpResponseCodec.createException(W3CHttpResponseCodec.java:200)
	at org.openqa.selenium.remote.codec.w3c.W3CHttpResponseCodec.decode(W3CHttpResponseCodec.java:133)
	at org.openqa.selenium.remote.codec.w3c.W3CHttpResponseCodec.decode(W3CHttpResponseCodec.java:52)
	at org.openqa.selenium.remote.HttpCommandExecutor.execute(HttpCommandExecutor.java:191)
	at org.openqa.selenium.remote.service.DriverCommandExecutor.invokeExecute(DriverCommandExecutor.java:196)
	at org.openqa.selenium.remote.service.DriverCommandExecutor.execute(DriverCommandExecutor.java:171)
	at org.openqa.selenium.remote.RemoteWebDriver.execute(RemoteWebDriver.java:602)
	at org.openqa.selenium.remote.RemoteWebDriver.get(RemoteWebDriver.java:304)
	at com.utils.DriverClass.openPage(DriverClass.java:28)
	at com.stepdefinition.OrangeLoginStepDefinition.open_browser_orange_hrm(OrangeLoginStepDefinition.java:20)
	at âœ½.Open Browser OrangeHRM "https://opensource-demo.orangehrmlive.com/web/index.php/auth/login"(file:///C:/Users/sjamadar/Desktop/SeleniumGit/Pilot_Project/PilotProjectOrangeHRM/src/test/resources/Features/OHRMLoginPageTest01.feature:4)
</textarea>
				</li>
				<li test-id='78' class='gc when Skip' status='Skip'>
					<h6 class="step-name" title="com.stepdefinition.OrangeLoginStepDefinition.user_enter_the_user_name_and_pass_word(java.lang.String,java.lang.String)"><span class='status skip' title='Skip'><i class='material-icons'>redo</i></span>When User enter the Admin and admin13</h6>

							<div class="node-step">Step skipped</div>
				</li>
				<li test-id='79' class='gc and Skip' status='Skip'>
					<h6 class="step-name" title="com.stepdefinition.OrangeLoginStepDefinition.click_the_login_btn()"><span class='status skip' title='Skip'><i class='material-icons'>redo</i></span>And click the Login btn</h6>

							<div class="node-step">Step skipped</div>
				</li>
				<li test-id='80' class='gc then Skip' status='Skip'>
					<h6 class="step-name" title="com.stepdefinition.OrangeLoginStepDefinition.validating_login_page()"><span class='status skip' title='Skip'><i class='material-icons'>redo</i></span>Then Validating Login Page</h6>

							<div class="node-step">Step skipped</div>
				</li>
				<li test-id='81' class='gc * Fail' status='Fail'>
					<h6 class="step-name" title="AFTER"><span class='status fail' title='Fail'><i class='material-icons'>cancel</i></span>com.stepdefinition.HooKs.takeScreenshot(io.cucumber.java.Scenario)</h6>

							<textarea disabled class="code-block">org.openqa.selenium.NoSuchWindowException: no such window: target window already closed
from unknown error: web view not found
  (Session info: chrome=117.0.5938.92)
Build info: version: '4.12.1', revision: '8e34639b11'
System info: os.name: 'Windows 10', os.arch: 'amd64', os.version: '10.0', java.version: '17.0.7'
Driver info: org.openqa.selenium.chrome.ChromeDriver
Command: [aa84f62aea6a9863ef17d746000ba9b3, screenshot {}]
Capabilities {acceptInsecureCerts: false, browserName: chrome, browserVersion: 117.0.5938.92, chrome: {chromedriverVersion: 117.0.5938.92 (67649b10b92b..., userDataDir: C:\Users\sjamadar\AppData\L...}, fedcm:accounts: true, goog:chromeOptions: {debuggerAddress: localhost:56077}, networkConnectionEnabled: false, pageLoadStrategy: normal, platformName: windows, proxy: Proxy(), se:cdp: ws://localhost:56077/devtoo..., se:cdpVersion: 117.0.5938.92, setWindowRect: true, strictFileInteractability: false, timeouts: {implicit: 0, pageLoad: 300000, script: 30000}, unhandledPromptBehavior: dismiss and notify, webauthn:extension:credBlob: true, webauthn:extension:largeBlob: true, webauthn:extension:minPinLength: true, webauthn:extension:prf: true, webauthn:virtualAuthenticators: true}
Session ID: aa84f62aea6a9863ef17d746000ba9b3
	at jdk.internal.reflect.GeneratedConstructorAccessor22.newInstance(Unknown Source)
	at java.base/jdk.internal.reflect.DelegatingConstructorAccessorImpl.newInstance(DelegatingConstructorAccessorImpl.java:45)
	at java.base/java.lang.reflect.Constructor.newInstanceWithCaller(Constructor.java:499)
	at java.base/java.lang.reflect.Constructor.newInstance(Constructor.java:480)
	at org.openqa.selenium.remote.codec.w3c.W3CHttpResponseCodec.createException(W3CHttpResponseCodec.java:200)
	at org.openqa.selenium.remote.codec.w3c.W3CHttpResponseCodec.decode(W3CHttpResponseCodec.java:133)
	at org.openqa.selenium.remote.codec.w3c.W3CHttpResponseCodec.decode(W3CHttpResponseCodec.java:52)
	at org.openqa.selenium.remote.HttpCommandExecutor.execute(HttpCommandExecutor.java:191)
	at org.openqa.selenium.remote.service.DriverCommandExecutor.invokeExecute(DriverCommandExecutor.java:196)
	at org.openqa.selenium.remote.service.DriverCommandExecutor.execute(DriverCommandExecutor.java:171)
	at org.openqa.selenium.remote.RemoteWebDriver.execute(RemoteWebDriver.java:602)
	at org.openqa.selenium.remote.RemoteWebDriver.execute(RemoteWebDriver.java:675)
	at org.openqa.selenium.remote.RemoteWebDriver.execute(RemoteWebDriver.java:679)
	at org.openqa.selenium.remote.RemoteWebDriver.getScreenshotAs(RemoteWebDriver.java:325)
	at com.stepdefinition.HooKs.takeScreenshot(HooKs.java:26)
</textarea>
				</li>
				<li test-id='82' class='gc * Fail' status='Fail'>
					<h6 class="step-name" title="AFTER"><span class='status fail' title='Fail'><i class='material-icons'>cancel</i></span>com.stepdefinition.HooKs.setLogout()</h6>

							<textarea disabled class="code-block">org.openqa.selenium.NoSuchWindowException: no such window: target window already closed
from unknown error: web view not found
  (Session info: chrome=117.0.5938.92)
Build info: version: '4.12.1', revision: '8e34639b11'
System info: os.name: 'Windows 10', os.arch: 'amd64', os.version: '10.0', java.version: '17.0.7'
Driver info: org.openqa.selenium.chrome.ChromeDriver
Command: [aa84f62aea6a9863ef17d746000ba9b3, findElement {using=xpath, value=//button[@type="submit"]}]
Capabilities {acceptInsecureCerts: false, browserName: chrome, browserVersion: 117.0.5938.92, chrome: {chromedriverVersion: 117.0.5938.92 (67649b10b92b..., userDataDir: C:\Users\sjamadar\AppData\L...}, fedcm:accounts: true, goog:chromeOptions: {debuggerAddress: localhost:56077}, networkConnectionEnabled: false, pageLoadStrategy: normal, platformName: windows, proxy: Proxy(), se:cdp: ws://localhost:56077/devtoo..., se:cdpVersion: 117.0.5938.92, setWindowRect: true, strictFileInteractability: false, timeouts: {implicit: 0, pageLoad: 300000, script: 30000}, unhandledPromptBehavior: dismiss and notify, webauthn:extension:credBlob: true, webauthn:extension:largeBlob: true, webauthn:extension:minPinLength: true, webauthn:extension:prf: true, webauthn:virtualAuthenticators: true}
Session ID: aa84f62aea6a9863ef17d746000ba9b3
	at jdk.internal.reflect.GeneratedConstructorAccessor22.newInstance(Unknown Source)
	at java.base/jdk.internal.reflect.DelegatingConstructorAccessorImpl.newInstance(DelegatingConstructorAccessorImpl.java:45)
	at java.base/java.lang.reflect.Constructor.newInstanceWithCaller(Constructor.java:499)
	at java.base/java.lang.reflect.Constructor.newInstance(Constructor.java:480)
	at org.openqa.selenium.remote.codec.w3c.W3CHttpResponseCodec.createException(W3CHttpResponseCodec.java:200)
	at org.openqa.selenium.remote.codec.w3c.W3CHttpResponseCodec.decode(W3CHttpResponseCodec.java:133)
	at org.openqa.selenium.remote.codec.w3c.W3CHttpResponseCodec.decode(W3CHttpResponseCodec.java:52)
	at org.openqa.selenium.remote.HttpCommandExecutor.execute(HttpCommandExecutor.java:191)
	at org.openqa.selenium.remote.service.DriverCommandExecutor.invokeExecute(DriverCommandExecutor.java:196)
	at org.openqa.selenium.remote.service.DriverCommandExecutor.execute(DriverCommandExecutor.java:171)
	at org.openqa.selenium.remote.RemoteWebDriver.execute(RemoteWebDriver.java:602)
	at org.openqa.selenium.remote.ElementLocation$ElementFinder$2.findElement(ElementLocation.java:165)
	at org.openqa.selenium.remote.ElementLocation.findElement(ElementLocation.java:59)
	at org.openqa.selenium.remote.RemoteWebDriver.findElement(RemoteWebDriver.java:359)
	at org.openqa.selenium.remote.RemoteWebDriver.findElement(RemoteWebDriver.java:353)
	at org.openqa.selenium.support.pagefactory.DefaultElementLocator.findElement(DefaultElementLocator.java:68)
	at org.openqa.selenium.support.pagefactory.internal.LocatingElementHandler.invoke(LocatingElementHandler.java:38)
	at jdk.proxy2/jdk.proxy2.$Proxy23.click(Unknown Source)
	at com.pageactions.OrangeHRMLoginPageActions.setLogOut(OrangeHRMLoginPageActions.java:26)
	at com.utils.BugStriker.setLogoutBS(BugStriker.java:15)
	at com.stepdefinition.HooKs.setLogout(HooKs.java:36)
</textarea>
				</li>
			</ul>
		</li>
	</ul>
</div>
					</div>
				</li>
			</ul>
		</div>
	</div>
	
	
	<!-- subview left -->
	<div class='subview-right left'>
		<div class='view-summary'>
			<div id='step-filters' class="right sr-filters">
				<a class="btn-floating waves-effect waves-light green" status="pass" alt="pass" title="pass"><i class="material-icons">check_circle</i></a>
				<a class="btn-floating waves-effect waves-light red" status="fail" alt="fail" title="fail"><i class="material-icons">cancel</i></a>
				<a class="btn-floating waves-effect waves-light red darken-4" status="fatal" alt="fatal" title="fatal"><i class="material-icons">cancel</i></a>
				<a class="btn-floating waves-effect waves-light pink text-lighten-1" status="error" alt="error" title="error"><i class="material-icons">error</i></a>
				<a class="btn-floating waves-effect waves-light orange" alt="warning" status="warning" title="warning"><i class="material-icons">warning</i></a>
				<a class="btn-floating waves-effect waves-light teal" status="skip" alt="skip" title="skip"><i class="material-icons">redo</i></a>
				<a class="btn-floating waves-effect waves-light grey" status="clear" alt="Clear filters" title="Clear filters"><i class="material-icons">clear</i></a>
			</div>
			<h5 class='test-name'></h5>
		</div>
	</div>
	<!-- subview right -->
</div>
<!-- test view --><div id='category-view' class='view hide'>
	<section id='controls'>
		<div class='controls grey lighten-4'>
			<!-- search -->
			<div class='chip transparent' alt='Search Tests' title='Search Tests'>
				<a href="#" class='search-div'>
				<i class='material-icons'>search</i> Search
				</a>
				<div class='input-field left hide'>
					<input id='search-tests' type='text' class='validate browser-default' placeholder='Search Tests...'>
				</div>
			</div>
			<!-- search -->
		</div>
	</section>
	<div class='subview-left left'>
		<div class='view-summary'>
			<ul id='category-collection' class='category-collection'>
				<li class='category displayed active'>
					<div class='category-heading'>
						<span class='category-name'>@UserCreation</span>
						<span class='category-status right'>
						<span class='label fail'>1</span>
						</span>
					</div>
					<div class='category-content hide'>
						<div class='category-status-counts'>
							
							<span status="fail" class='label red lighten-1 white-text'>Failed: 1</span>
							
						</div>
						<div class='category-tests'>
							<table class='bordered table-results'>
								<thead>
									<tr>
										<th>Timestamp</th>
										<th>TestName</th>
										<th>Status</th>
									</tr>
								</thead>
								<tbody>
									<tr>
										<td>Sep 28, 2023 04:07:18 PM</td>
										<td class='linked' test-id='45'>Add new User in User Management</td>
										<td><span class='test-status Fail'>Fail</span></td>
									</tr>
								</tbody>
							</table>
						</div>
					</div>
				</li>
				<li class='category displayed active'>
					<div class='category-heading'>
						<span class='category-name'>@UserCreationValidation</span>
						<span class='category-status right'>
						<span class='label fail'>1</span>
						</span>
					</div>
					<div class='category-content hide'>
						<div class='category-status-counts'>
							
							<span status="fail" class='label red lighten-1 white-text'>Failed: 1</span>
							
						</div>
						<div class='category-tests'>
							<table class='bordered table-results'>
								<thead>
									<tr>
										<th>Timestamp</th>
										<th>TestName</th>
										<th>Status</th>
									</tr>
								</thead>
								<tbody>
									<tr>
										<td>Sep 28, 2023 04:07:18 PM</td>
										<td class='linked' test-id='56'>Searching for Added User in User Management</td>
										<td><span class='test-status Fail'>Fail</span></td>
									</tr>
								</tbody>
							</table>
						</div>
					</div>
				</li>
				<li class='category displayed active'>
					<div class='category-heading'>
						<span class='category-name'>@CreatingUserByLocation</span>
						<span class='category-status right'>
						<span class='label fail'>1</span>
						</span>
					</div>
					<div class='category-content hide'>
						<div class='category-status-counts'>
							
							<span status="fail" class='label red lighten-1 white-text'>Failed: 1</span>
							
						</div>
						<div class='category-tests'>
							<table class='bordered table-results'>
								<thead>
									<tr>
										<th>Timestamp</th>
										<th>TestName</th>
										<th>Status</th>
									</tr>
								</thead>
								<tbody>
									<tr>
										<td>Sep 28, 2023 04:07:18 PM</td>
										<td class='linked' test-id='24'>Checking the functionality of Location in Organization</td>
										<td><span class='test-status Fail'>Fail</span></td>
									</tr>
								</tbody>
							</table>
						</div>
					</div>
				</li>
				<li class='category displayed active'>
					<div class='category-heading'>
						<span class='category-name'>@Invalid_Credential</span>
						<span class='category-status right'>
						<span class='label fail'>1</span>
						</span>
					</div>
					<div class='category-content hide'>
						<div class='category-status-counts'>
							
							<span status="fail" class='label red lighten-1 white-text'>Failed: 1</span>
							
						</div>
						<div class='category-tests'>
							<table class='bordered table-results'>
								<thead>
									<tr>
										<th>Timestamp</th>
										<th>TestName</th>
										<th>Status</th>
									</tr>
								</thead>
								<tbody>
									<tr>
										<td>Sep 28, 2023 04:07:18 PM</td>
										<td class='linked' test-id='76'>To validate the Login feature of the OrangeHRM</td>
										<td><span class='test-status Fail'>Fail</span></td>
									</tr>
								</tbody>
							</table>
						</div>
					</div>
				</li>
				<li class='category displayed active'>
					<div class='category-heading'>
						<span class='category-name'>@ValidatingUserByLocationInOraganization</span>
						<span class='category-status right'>
						<span class='label fail'>1</span>
						</span>
					</div>
					<div class='category-content hide'>
						<div class='category-status-counts'>
							
							<span status="fail" class='label red lighten-1 white-text'>Failed: 1</span>
							
						</div>
						<div class='category-tests'>
							<table class='bordered table-results'>
								<thead>
									<tr>
										<th>Timestamp</th>
										<th>TestName</th>
										<th>Status</th>
									</tr>
								</thead>
								<tbody>
									<tr>
										<td>Sep 28, 2023 04:07:18 PM</td>
										<td class='linked' test-id='34'>Searching the user by selecting the Location in Organization</td>
										<td><span class='test-status Fail'>Fail</span></td>
									</tr>
								</tbody>
							</table>
						</div>
					</div>
				</li>
				<li class='category displayed active'>
					<div class='category-heading'>
						<span class='category-name'>@ValidatingGeneralInfo</span>
						<span class='category-status right'>
						<span class='label fail'>1</span>
						</span>
					</div>
					<div class='category-content hide'>
						<div class='category-status-counts'>
							
							<span status="fail" class='label red lighten-1 white-text'>Failed: 1</span>
							
						</div>
						<div class='category-tests'>
							<table class='bordered table-results'>
								<thead>
									<tr>
										<th>Timestamp</th>
										<th>TestName</th>
										<th>Status</th>
									</tr>
								</thead>
								<tbody>
									<tr>
										<td>Sep 28, 2023 04:07:18 PM</td>
										<td class='linked' test-id='14'>Checking the functionality of General Informationf in Organization</td>
										<td><span class='test-status Fail'>Fail</span></td>
									</tr>
								</tbody>
							</table>
						</div>
					</div>
				</li>
				<li class='category displayed active'>
					<div class='category-heading'>
						<span class='category-name'>@Valid_Credential</span>
						<span class='category-status right'>
						<span class='label fail'>1</span>
						</span>
					</div>
					<div class='category-content hide'>
						<div class='category-status-counts'>
							
							<span status="fail" class='label red lighten-1 white-text'>Failed: 1</span>
							
						</div>
						<div class='category-tests'>
							<table class='bordered table-results'>
								<thead>
									<tr>
										<th>Timestamp</th>
										<th>TestName</th>
										<th>Status</th>
									</tr>
								</thead>
								<tbody>
									<tr>
										<td>Sep 28, 2023 04:07:18 PM</td>
										<td class='linked' test-id='69'>To validate the Login feature of the OrangeHRM</td>
										<td><span class='test-status Fail'>Fail</span></td>
									</tr>
								</tbody>
							</table>
						</div>
					</div>
				</li>
				<li class='category displayed active'>
					<div class='category-heading'>
						<span class='category-name'>@ValidatingPayGrade</span>
						<span class='category-status right'>
						<span class='label fail'>1</span>
						</span>
					</div>
					<div class='category-content hide'>
						<div class='category-status-counts'>
							
							<span status="fail" class='label red lighten-1 white-text'>Failed: 1</span>
							
						</div>
						<div class='category-tests'>
							<table class='bordered table-results'>
								<thead>
									<tr>
										<th>Timestamp</th>
										<th>TestName</th>
										<th>Status</th>
									</tr>
								</thead>
								<tbody>
									<tr>
										<td>Sep 28, 2023 04:06:28 PM</td>
										<td class='linked' test-id='2'>Checking the functionality Pay Grades in Job</td>
										<td><span class='test-status Fail'>Fail</span></td>
									</tr>
								</tbody>
							</table>
						</div>
					</div>
				</li>
			</ul>
		</div>
	</div>
	<div class='subview-right left'>
		<div class='view-summary'>
			<h5 class='category-name'></h5>
		</div>
	</div>
</div>
<!-- category view --><div id='exception-view' class='view hide'>
	<section id='controls'>
		<div class='controls grey lighten-4'>
			<!-- search -->
			<div class='chip transparent' alt='Search Tests' title='Search Tests'>
				<a href="#" class='search-div'>
				<i class='material-icons'>search</i> Search
				</a>
				<div class='input-field left hide'>
					<input id='search-tests' type='text' class='validate browser-default' placeholder='Search Tests...'>
				</div>
			</div>
			<!-- search -->
		</div>
	</section>
	<div class='subview-left left'>
		<div class='view-summary'>
			<ul id='exception-collection' class='exception-collection'>
				<li class='exception displayed active'>
					<div class='exception-heading'>
						<span class='exception-name'>org.openqa.selenium.NoSuchElementException</span>
						<span class='exception-count right'><span class='label red lighten-1 white-text'>1</span></span>
					</div>
					<div class='exception-content hide'>
						<div class='exception-tests'>
							<table class='bordered table-results'>
								<thead>
									<tr>
										<th>Timestamp</th>
										<th>TestName</th>
										<th>StackTrace</th>
									</tr>
								</thead>
								<tbody>
									<tr>
										<td>Sep 28, 2023 04:07:14 PM</td>
										<td class='linked' test-id='12'>com.stepdefinition.HooKs.setLogout()</td>
										<td>
											<textarea disabled class="code-block">org.openqa.selenium.NoSuchElementException: Unable to find element with locator By.xpath: //button[@type="submit"]
For documentation on this error, please visit: https://www.selenium.dev/documentation/webdriver/troubleshooting/errors#no-such-element-exception
Build info: version: '4.12.1', revision: '8e34639b11'
System info: os.name: 'Windows 10', os.arch: 'amd64', os.version: '10.0', java.version: '17.0.7'
Driver info: driver.version: RemoteWebDriver
	at org.openqa.selenium.remote.ElementLocation$ElementFinder$2.findElement(ElementLocation.java:168)
	at org.openqa.selenium.remote.ElementLocation.findElement(ElementLocation.java:59)
	at org.openqa.selenium.remote.RemoteWebDriver.findElement(RemoteWebDriver.java:359)
	at org.openqa.selenium.remote.RemoteWebDriver.findElement(RemoteWebDriver.java:353)
	at org.openqa.selenium.support.pagefactory.DefaultElementLocator.findElement(DefaultElementLocator.java:68)
	at org.openqa.selenium.support.pagefactory.internal.LocatingElementHandler.invoke(LocatingElementHandler.java:38)
	at jdk.proxy2/jdk.proxy2.$Proxy23.click(Unknown Source)
	at com.pageactions.OrangeHRMLoginPageActions.setLogOut(OrangeHRMLoginPageActions.java:26)
	at com.utils.BugStriker.setLogoutBS(BugStriker.java:15)
	at com.stepdefinition.HooKs.setLogout(HooKs.java:36)
</textarea>
										</td>
									</tr>
								</tbody>
							</table>
						</div>
					</div>
				</li>
				<li class='exception displayed active'>
					<div class='exception-heading'>
						<span class='exception-name'>org.openqa.selenium.WebDriverException</span>
						<span class='exception-count right'><span class='label red lighten-1 white-text'>1</span></span>
					</div>
					<div class='exception-content hide'>
						<div class='exception-tests'>
							<table class='bordered table-results'>
								<thead>
									<tr>
										<th>Timestamp</th>
										<th>TestName</th>
										<th>StackTrace</th>
									</tr>
								</thead>
								<tbody>
									<tr>
										<td>Sep 28, 2023 04:06:28 PM</td>
										<td class='linked' test-id='3'>Given Open Browser OrangeHRM "https://opensource-demo.orangehrmlive.com/web/index.php/auth/login"</td>
										<td>
											<textarea disabled class="code-block">org.openqa.selenium.WebDriverException: unknown error: net::ERR_CONNECTION_TIMED_OUT
  (Session info: chrome=117.0.5938.92)
Build info: version: '4.12.1', revision: '8e34639b11'
System info: os.name: 'Windows 10', os.arch: 'amd64', os.version: '10.0', java.version: '17.0.7'
Driver info: org.openqa.selenium.chrome.ChromeDriver
Command: [aa84f62aea6a9863ef17d746000ba9b3, get {url=https://opensource-demo.orangehrmlive.com/web/index.php/auth/login}]
Capabilities {acceptInsecureCerts: false, browserName: chrome, browserVersion: 117.0.5938.92, chrome: {chromedriverVersion: 117.0.5938.92 (67649b10b92b..., userDataDir: C:\Users\sjamadar\AppData\L...}, fedcm:accounts: true, goog:chromeOptions: {debuggerAddress: localhost:56077}, networkConnectionEnabled: false, pageLoadStrategy: normal, platformName: windows, proxy: Proxy(), se:cdp: ws://localhost:56077/devtoo..., se:cdpVersion: 117.0.5938.92, setWindowRect: true, strictFileInteractability: false, timeouts: {implicit: 0, pageLoad: 300000, script: 30000}, unhandledPromptBehavior: dismiss and notify, webauthn:extension:credBlob: true, webauthn:extension:largeBlob: true, webauthn:extension:minPinLength: true, webauthn:extension:prf: true, webauthn:virtualAuthenticators: true}
Session ID: aa84f62aea6a9863ef17d746000ba9b3
	at java.base/jdk.internal.reflect.NativeConstructorAccessorImpl.newInstance0(Native Method)
	at java.base/jdk.internal.reflect.NativeConstructorAccessorImpl.newInstance(NativeConstructorAccessorImpl.java:77)
	at java.base/jdk.internal.reflect.DelegatingConstructorAccessorImpl.newInstance(DelegatingConstructorAccessorImpl.java:45)
	at java.base/java.lang.reflect.Constructor.newInstanceWithCaller(Constructor.java:499)
	at java.base/java.lang.reflect.Constructor.newInstance(Constructor.java:480)
	at org.openqa.selenium.remote.codec.w3c.W3CHttpResponseCodec.createException(W3CHttpResponseCodec.java:200)
	at org.openqa.selenium.remote.codec.w3c.W3CHttpResponseCodec.decode(W3CHttpResponseCodec.java:133)
	at org.openqa.selenium.remote.codec.w3c.W3CHttpResponseCodec.decode(W3CHttpResponseCodec.java:52)
	at org.openqa.selenium.remote.HttpCommandExecutor.execute(HttpCommandExecutor.java:191)
	at org.openqa.selenium.remote.service.DriverCommandExecutor.invokeExecute(DriverCommandExecutor.java:196)
	at org.openqa.selenium.remote.service.DriverCommandExecutor.execute(DriverCommandExecutor.java:171)
	at org.openqa.selenium.remote.RemoteWebDriver.execute(RemoteWebDriver.java:602)
	at org.openqa.selenium.remote.RemoteWebDriver.get(RemoteWebDriver.java:304)
	at com.utils.DriverClass.openPage(DriverClass.java:28)
	at com.stepdefinition.OrangeLoginStepDefinition.open_browser_orange_hrm(OrangeLoginStepDefinition.java:20)
	at âœ½.Open Browser OrangeHRM "https://opensource-demo.orangehrmlive.com/web/index.php/auth/login"(file:///C:/Users/sjamadar/Desktop/SeleniumGit/Pilot_Project/PilotProjectOrangeHRM/src/test/resources/Features/Admin_Job.feature:4)
</textarea>
										</td>
									</tr>
								</tbody>
							</table>
						</div>
					</div>
				</li>
				<li class='exception displayed active'>
					<div class='exception-heading'>
						<span class='exception-name'>org.openqa.selenium.NoSuchWindowException</span>
						<span class='exception-count right'><span class='label red lighten-1 white-text'>21</span></span>
					</div>
					<div class='exception-content hide'>
						<div class='exception-tests'>
							<table class='bordered table-results'>
								<thead>
									<tr>
										<th>Timestamp</th>
										<th>TestName</th>
										<th>StackTrace</th>
									</tr>
								</thead>
								<tbody>
									<tr>
										<td>Sep 28, 2023 04:07:18 PM</td>
										<td class='linked' test-id='15'>Given Open Browser OrangeHRM "https://opensource-demo.orangehrmlive.com/web/index.php/auth/login"</td>
										<td>
											<textarea disabled class="code-block">org.openqa.selenium.NoSuchWindowException: no such window: target window already closed
from unknown error: web view not found
  (Session info: chrome=117.0.5938.92)
Build info: version: '4.12.1', revision: '8e34639b11'
System info: os.name: 'Windows 10', os.arch: 'amd64', os.version: '10.0', java.version: '17.0.7'
Driver info: org.openqa.selenium.chrome.ChromeDriver
Command: [aa84f62aea6a9863ef17d746000ba9b3, get {url=https://opensource-demo.orangehrmlive.com/web/index.php/auth/login}]
Capabilities {acceptInsecureCerts: false, browserName: chrome, browserVersion: 117.0.5938.92, chrome: {chromedriverVersion: 117.0.5938.92 (67649b10b92b..., userDataDir: C:\Users\sjamadar\AppData\L...}, fedcm:accounts: true, goog:chromeOptions: {debuggerAddress: localhost:56077}, networkConnectionEnabled: false, pageLoadStrategy: normal, platformName: windows, proxy: Proxy(), se:cdp: ws://localhost:56077/devtoo..., se:cdpVersion: 117.0.5938.92, setWindowRect: true, strictFileInteractability: false, timeouts: {implicit: 0, pageLoad: 300000, script: 30000}, unhandledPromptBehavior: dismiss and notify, webauthn:extension:credBlob: true, webauthn:extension:largeBlob: true, webauthn:extension:minPinLength: true, webauthn:extension:prf: true, webauthn:virtualAuthenticators: true}
Session ID: aa84f62aea6a9863ef17d746000ba9b3
	at java.base/jdk.internal.reflect.NativeConstructorAccessorImpl.newInstance0(Native Method)
	at java.base/jdk.internal.reflect.NativeConstructorAccessorImpl.newInstance(NativeConstructorAccessorImpl.java:77)
	at java.base/jdk.internal.reflect.DelegatingConstructorAccessorImpl.newInstance(DelegatingConstructorAccessorImpl.java:45)
	at java.base/java.lang.reflect.Constructor.newInstanceWithCaller(Constructor.java:499)
	at java.base/java.lang.reflect.Constructor.newInstance(Constructor.java:480)
	at org.openqa.selenium.remote.codec.w3c.W3CHttpResponseCodec.createException(W3CHttpResponseCodec.java:200)
	at org.openqa.selenium.remote.codec.w3c.W3CHttpResponseCodec.decode(W3CHttpResponseCodec.java:133)
	at org.openqa.selenium.remote.codec.w3c.W3CHttpResponseCodec.decode(W3CHttpResponseCodec.java:52)
	at org.openqa.selenium.remote.HttpCommandExecutor.execute(HttpCommandExecutor.java:191)
	at org.openqa.selenium.remote.service.DriverCommandExecutor.invokeExecute(DriverCommandExecutor.java:196)
	at org.openqa.selenium.remote.service.DriverCommandExecutor.execute(DriverCommandExecutor.java:171)
	at org.openqa.selenium.remote.RemoteWebDriver.execute(RemoteWebDriver.java:602)
	at org.openqa.selenium.remote.RemoteWebDriver.get(RemoteWebDriver.java:304)
	at com.utils.DriverClass.openPage(DriverClass.java:28)
	at com.stepdefinition.OrangeLoginStepDefinition.open_browser_orange_hrm(OrangeLoginStepDefinition.java:20)
	at âœ½.Open Browser OrangeHRM "https://opensource-demo.orangehrmlive.com/web/index.php/auth/login"(file:///C:/Users/sjamadar/Desktop/SeleniumGit/Pilot_Project/PilotProjectOrangeHRM/src/test/resources/Features/Admin_Organization.feature:4)
</textarea>
										</td>
									</tr>
									<tr>
										<td>Sep 28, 2023 04:07:18 PM</td>
										<td class='linked' test-id='22'>com.stepdefinition.HooKs.takeScreenshot(io.cucumber.java.Scenario)</td>
										<td>
											<textarea disabled class="code-block">org.openqa.selenium.NoSuchWindowException: no such window: target window already closed
from unknown error: web view not found
  (Session info: chrome=117.0.5938.92)
Build info: version: '4.12.1', revision: '8e34639b11'
System info: os.name: 'Windows 10', os.arch: 'amd64', os.version: '10.0', java.version: '17.0.7'
Driver info: org.openqa.selenium.chrome.ChromeDriver
Command: [aa84f62aea6a9863ef17d746000ba9b3, get {url=https://opensource-demo.orangehrmlive.com/web/index.php/auth/login}]
Capabilities {acceptInsecureCerts: false, browserName: chrome, browserVersion: 117.0.5938.92, chrome: {chromedriverVersion: 117.0.5938.92 (67649b10b92b..., userDataDir: C:\Users\sjamadar\AppData\L...}, fedcm:accounts: true, goog:chromeOptions: {debuggerAddress: localhost:56077}, networkConnectionEnabled: false, pageLoadStrategy: normal, platformName: windows, proxy: Proxy(), se:cdp: ws://localhost:56077/devtoo..., se:cdpVersion: 117.0.5938.92, setWindowRect: true, strictFileInteractability: false, timeouts: {implicit: 0, pageLoad: 300000, script: 30000}, unhandledPromptBehavior: dismiss and notify, webauthn:extension:credBlob: true, webauthn:extension:largeBlob: true, webauthn:extension:minPinLength: true, webauthn:extension:prf: true, webauthn:virtualAuthenticators: true}
Session ID: aa84f62aea6a9863ef17d746000ba9b3
	at java.base/jdk.internal.reflect.NativeConstructorAccessorImpl.newInstance0(Native Method)
	at java.base/jdk.internal.reflect.NativeConstructorAccessorImpl.newInstance(NativeConstructorAccessorImpl.java:77)
	at java.base/jdk.internal.reflect.DelegatingConstructorAccessorImpl.newInstance(DelegatingConstructorAccessorImpl.java:45)
	at java.base/java.lang.reflect.Constructor.newInstanceWithCaller(Constructor.java:499)
	at java.base/java.lang.reflect.Constructor.newInstance(Constructor.java:480)
	at org.openqa.selenium.remote.codec.w3c.W3CHttpResponseCodec.createException(W3CHttpResponseCodec.java:200)
	at org.openqa.selenium.remote.codec.w3c.W3CHttpResponseCodec.decode(W3CHttpResponseCodec.java:133)
	at org.openqa.selenium.remote.codec.w3c.W3CHttpResponseCodec.decode(W3CHttpResponseCodec.java:52)
	at org.openqa.selenium.remote.HttpCommandExecutor.execute(HttpCommandExecutor.java:191)
	at org.openqa.selenium.remote.service.DriverCommandExecutor.invokeExecute(DriverCommandExecutor.java:196)
	at org.openqa.selenium.remote.service.DriverCommandExecutor.execute(DriverCommandExecutor.java:171)
	at org.openqa.selenium.remote.RemoteWebDriver.execute(RemoteWebDriver.java:602)
	at org.openqa.selenium.remote.RemoteWebDriver.get(RemoteWebDriver.java:304)
	at com.utils.DriverClass.openPage(DriverClass.java:28)
	at com.stepdefinition.OrangeLoginStepDefinition.open_browser_orange_hrm(OrangeLoginStepDefinition.java:20)
	at âœ½.Open Browser OrangeHRM "https://opensource-demo.orangehrmlive.com/web/index.php/auth/login"(file:///C:/Users/sjamadar/Desktop/SeleniumGit/Pilot_Project/PilotProjectOrangeHRM/src/test/resources/Features/Admin_Organization.feature:4)
</textarea>
										</td>
									</tr>
									<tr>
										<td>Sep 28, 2023 04:07:18 PM</td>
										<td class='linked' test-id='23'>com.stepdefinition.HooKs.setLogout()</td>
										<td>
											<textarea disabled class="code-block">org.openqa.selenium.NoSuchWindowException: no such window: target window already closed
from unknown error: web view not found
  (Session info: chrome=117.0.5938.92)
Build info: version: '4.12.1', revision: '8e34639b11'
System info: os.name: 'Windows 10', os.arch: 'amd64', os.version: '10.0', java.version: '17.0.7'
Driver info: org.openqa.selenium.chrome.ChromeDriver
Command: [aa84f62aea6a9863ef17d746000ba9b3, get {url=https://opensource-demo.orangehrmlive.com/web/index.php/auth/login}]
Capabilities {acceptInsecureCerts: false, browserName: chrome, browserVersion: 117.0.5938.92, chrome: {chromedriverVersion: 117.0.5938.92 (67649b10b92b..., userDataDir: C:\Users\sjamadar\AppData\L...}, fedcm:accounts: true, goog:chromeOptions: {debuggerAddress: localhost:56077}, networkConnectionEnabled: false, pageLoadStrategy: normal, platformName: windows, proxy: Proxy(), se:cdp: ws://localhost:56077/devtoo..., se:cdpVersion: 117.0.5938.92, setWindowRect: true, strictFileInteractability: false, timeouts: {implicit: 0, pageLoad: 300000, script: 30000}, unhandledPromptBehavior: dismiss and notify, webauthn:extension:credBlob: true, webauthn:extension:largeBlob: true, webauthn:extension:minPinLength: true, webauthn:extension:prf: true, webauthn:virtualAuthenticators: true}
Session ID: aa84f62aea6a9863ef17d746000ba9b3
	at java.base/jdk.internal.reflect.NativeConstructorAccessorImpl.newInstance0(Native Method)
	at java.base/jdk.internal.reflect.NativeConstructorAccessorImpl.newInstance(NativeConstructorAccessorImpl.java:77)
	at java.base/jdk.internal.reflect.DelegatingConstructorAccessorImpl.newInstance(DelegatingConstructorAccessorImpl.java:45)
	at java.base/java.lang.reflect.Constructor.newInstanceWithCaller(Constructor.java:499)
	at java.base/java.lang.reflect.Constructor.newInstance(Constructor.java:480)
	at org.openqa.selenium.remote.codec.w3c.W3CHttpResponseCodec.createException(W3CHttpResponseCodec.java:200)
	at org.openqa.selenium.remote.codec.w3c.W3CHttpResponseCodec.decode(W3CHttpResponseCodec.java:133)
	at org.openqa.selenium.remote.codec.w3c.W3CHttpResponseCodec.decode(W3CHttpResponseCodec.java:52)
	at org.openqa.selenium.remote.HttpCommandExecutor.execute(HttpCommandExecutor.java:191)
	at org.openqa.selenium.remote.service.DriverCommandExecutor.invokeExecute(DriverCommandExecutor.java:196)
	at org.openqa.selenium.remote.service.DriverCommandExecutor.execute(DriverCommandExecutor.java:171)
	at org.openqa.selenium.remote.RemoteWebDriver.execute(RemoteWebDriver.java:602)
	at org.openqa.selenium.remote.RemoteWebDriver.get(RemoteWebDriver.java:304)
	at com.utils.DriverClass.openPage(DriverClass.java:28)
	at com.stepdefinition.OrangeLoginStepDefinition.open_browser_orange_hrm(OrangeLoginStepDefinition.java:20)
	at âœ½.Open Browser OrangeHRM "https://opensource-demo.orangehrmlive.com/web/index.php/auth/login"(file:///C:/Users/sjamadar/Desktop/SeleniumGit/Pilot_Project/PilotProjectOrangeHRM/src/test/resources/Features/Admin_Organization.feature:4)
</textarea>
										</td>
									</tr>
									<tr>
										<td>Sep 28, 2023 04:07:18 PM</td>
										<td class='linked' test-id='25'>Given Open Browser OrangeHRM "https://opensource-demo.orangehrmlive.com/web/index.php/auth/login"</td>
										<td>
											<textarea disabled class="code-block">org.openqa.selenium.NoSuchWindowException: no such window: target window already closed
from unknown error: web view not found
  (Session info: chrome=117.0.5938.92)
Build info: version: '4.12.1', revision: '8e34639b11'
System info: os.name: 'Windows 10', os.arch: 'amd64', os.version: '10.0', java.version: '17.0.7'
Driver info: org.openqa.selenium.chrome.ChromeDriver
Command: [aa84f62aea6a9863ef17d746000ba9b3, get {url=https://opensource-demo.orangehrmlive.com/web/index.php/auth/login}]
Capabilities {acceptInsecureCerts: false, browserName: chrome, browserVersion: 117.0.5938.92, chrome: {chromedriverVersion: 117.0.5938.92 (67649b10b92b..., userDataDir: C:\Users\sjamadar\AppData\L...}, fedcm:accounts: true, goog:chromeOptions: {debuggerAddress: localhost:56077}, networkConnectionEnabled: false, pageLoadStrategy: normal, platformName: windows, proxy: Proxy(), se:cdp: ws://localhost:56077/devtoo..., se:cdpVersion: 117.0.5938.92, setWindowRect: true, strictFileInteractability: false, timeouts: {implicit: 0, pageLoad: 300000, script: 30000}, unhandledPromptBehavior: dismiss and notify, webauthn:extension:credBlob: true, webauthn:extension:largeBlob: true, webauthn:extension:minPinLength: true, webauthn:extension:prf: true, webauthn:virtualAuthenticators: true}
Session ID: aa84f62aea6a9863ef17d746000ba9b3
	at java.base/jdk.internal.reflect.NativeConstructorAccessorImpl.newInstance0(Native Method)
	at java.base/jdk.internal.reflect.NativeConstructorAccessorImpl.newInstance(NativeConstructorAccessorImpl.java:77)
	at java.base/jdk.internal.reflect.DelegatingConstructorAccessorImpl.newInstance(DelegatingConstructorAccessorImpl.java:45)
	at java.base/java.lang.reflect.Constructor.newInstanceWithCaller(Constructor.java:499)
	at java.base/java.lang.reflect.Constructor.newInstance(Constructor.java:480)
	at org.openqa.selenium.remote.codec.w3c.W3CHttpResponseCodec.createException(W3CHttpResponseCodec.java:200)
	at org.openqa.selenium.remote.codec.w3c.W3CHttpResponseCodec.decode(W3CHttpResponseCodec.java:133)
	at org.openqa.selenium.remote.codec.w3c.W3CHttpResponseCodec.decode(W3CHttpResponseCodec.java:52)
	at org.openqa.selenium.remote.HttpCommandExecutor.execute(HttpCommandExecutor.java:191)
	at org.openqa.selenium.remote.service.DriverCommandExecutor.invokeExecute(DriverCommandExecutor.java:196)
	at org.openqa.selenium.remote.service.DriverCommandExecutor.execute(DriverCommandExecutor.java:171)
	at org.openqa.selenium.remote.RemoteWebDriver.execute(RemoteWebDriver.java:602)
	at org.openqa.selenium.remote.RemoteWebDriver.get(RemoteWebDriver.java:304)
	at com.utils.DriverClass.openPage(DriverClass.java:28)
	at com.stepdefinition.OrangeLoginStepDefinition.open_browser_orange_hrm(OrangeLoginStepDefinition.java:20)
	at âœ½.Open Browser OrangeHRM "https://opensource-demo.orangehrmlive.com/web/index.php/auth/login"(file:///C:/Users/sjamadar/Desktop/SeleniumGit/Pilot_Project/PilotProjectOrangeHRM/src/test/resources/Features/Admin_Organization.feature:4)
</textarea>
										</td>
									</tr>
									<tr>
										<td>Sep 28, 2023 04:07:18 PM</td>
										<td class='linked' test-id='32'>com.stepdefinition.HooKs.takeScreenshot(io.cucumber.java.Scenario)</td>
										<td>
											<textarea disabled class="code-block">org.openqa.selenium.NoSuchWindowException: no such window: target window already closed
from unknown error: web view not found
  (Session info: chrome=117.0.5938.92)
Build info: version: '4.12.1', revision: '8e34639b11'
System info: os.name: 'Windows 10', os.arch: 'amd64', os.version: '10.0', java.version: '17.0.7'
Driver info: org.openqa.selenium.chrome.ChromeDriver
Command: [aa84f62aea6a9863ef17d746000ba9b3, get {url=https://opensource-demo.orangehrmlive.com/web/index.php/auth/login}]
Capabilities {acceptInsecureCerts: false, browserName: chrome, browserVersion: 117.0.5938.92, chrome: {chromedriverVersion: 117.0.5938.92 (67649b10b92b..., userDataDir: C:\Users\sjamadar\AppData\L...}, fedcm:accounts: true, goog:chromeOptions: {debuggerAddress: localhost:56077}, networkConnectionEnabled: false, pageLoadStrategy: normal, platformName: windows, proxy: Proxy(), se:cdp: ws://localhost:56077/devtoo..., se:cdpVersion: 117.0.5938.92, setWindowRect: true, strictFileInteractability: false, timeouts: {implicit: 0, pageLoad: 300000, script: 30000}, unhandledPromptBehavior: dismiss and notify, webauthn:extension:credBlob: true, webauthn:extension:largeBlob: true, webauthn:extension:minPinLength: true, webauthn:extension:prf: true, webauthn:virtualAuthenticators: true}
Session ID: aa84f62aea6a9863ef17d746000ba9b3
	at java.base/jdk.internal.reflect.NativeConstructorAccessorImpl.newInstance0(Native Method)
	at java.base/jdk.internal.reflect.NativeConstructorAccessorImpl.newInstance(NativeConstructorAccessorImpl.java:77)
	at java.base/jdk.internal.reflect.DelegatingConstructorAccessorImpl.newInstance(DelegatingConstructorAccessorImpl.java:45)
	at java.base/java.lang.reflect.Constructor.newInstanceWithCaller(Constructor.java:499)
	at java.base/java.lang.reflect.Constructor.newInstance(Constructor.java:480)
	at org.openqa.selenium.remote.codec.w3c.W3CHttpResponseCodec.createException(W3CHttpResponseCodec.java:200)
	at org.openqa.selenium.remote.codec.w3c.W3CHttpResponseCodec.decode(W3CHttpResponseCodec.java:133)
	at org.openqa.selenium.remote.codec.w3c.W3CHttpResponseCodec.decode(W3CHttpResponseCodec.java:52)
	at org.openqa.selenium.remote.HttpCommandExecutor.execute(HttpCommandExecutor.java:191)
	at org.openqa.selenium.remote.service.DriverCommandExecutor.invokeExecute(DriverCommandExecutor.java:196)
	at org.openqa.selenium.remote.service.DriverCommandExecutor.execute(DriverCommandExecutor.java:171)
	at org.openqa.selenium.remote.RemoteWebDriver.execute(RemoteWebDriver.java:602)
	at org.openqa.selenium.remote.RemoteWebDriver.get(RemoteWebDriver.java:304)
	at com.utils.DriverClass.openPage(DriverClass.java:28)
	at com.stepdefinition.OrangeLoginStepDefinition.open_browser_orange_hrm(OrangeLoginStepDefinition.java:20)
	at âœ½.Open Browser OrangeHRM "https://opensource-demo.orangehrmlive.com/web/index.php/auth/login"(file:///C:/Users/sjamadar/Desktop/SeleniumGit/Pilot_Project/PilotProjectOrangeHRM/src/test/resources/Features/Admin_Organization.feature:4)
</textarea>
										</td>
									</tr>
									<tr>
										<td>Sep 28, 2023 04:07:18 PM</td>
										<td class='linked' test-id='33'>com.stepdefinition.HooKs.setLogout()</td>
										<td>
											<textarea disabled class="code-block">org.openqa.selenium.NoSuchWindowException: no such window: target window already closed
from unknown error: web view not found
  (Session info: chrome=117.0.5938.92)
Build info: version: '4.12.1', revision: '8e34639b11'
System info: os.name: 'Windows 10', os.arch: 'amd64', os.version: '10.0', java.version: '17.0.7'
Driver info: org.openqa.selenium.chrome.ChromeDriver
Command: [aa84f62aea6a9863ef17d746000ba9b3, get {url=https://opensource-demo.orangehrmlive.com/web/index.php/auth/login}]
Capabilities {acceptInsecureCerts: false, browserName: chrome, browserVersion: 117.0.5938.92, chrome: {chromedriverVersion: 117.0.5938.92 (67649b10b92b..., userDataDir: C:\Users\sjamadar\AppData\L...}, fedcm:accounts: true, goog:chromeOptions: {debuggerAddress: localhost:56077}, networkConnectionEnabled: false, pageLoadStrategy: normal, platformName: windows, proxy: Proxy(), se:cdp: ws://localhost:56077/devtoo..., se:cdpVersion: 117.0.5938.92, setWindowRect: true, strictFileInteractability: false, timeouts: {implicit: 0, pageLoad: 300000, script: 30000}, unhandledPromptBehavior: dismiss and notify, webauthn:extension:credBlob: true, webauthn:extension:largeBlob: true, webauthn:extension:minPinLength: true, webauthn:extension:prf: true, webauthn:virtualAuthenticators: true}
Session ID: aa84f62aea6a9863ef17d746000ba9b3
	at java.base/jdk.internal.reflect.NativeConstructorAccessorImpl.newInstance0(Native Method)
	at java.base/jdk.internal.reflect.NativeConstructorAccessorImpl.newInstance(NativeConstructorAccessorImpl.java:77)
	at java.base/jdk.internal.reflect.DelegatingConstructorAccessorImpl.newInstance(DelegatingConstructorAccessorImpl.java:45)
	at java.base/java.lang.reflect.Constructor.newInstanceWithCaller(Constructor.java:499)
	at java.base/java.lang.reflect.Constructor.newInstance(Constructor.java:480)
	at org.openqa.selenium.remote.codec.w3c.W3CHttpResponseCodec.createException(W3CHttpResponseCodec.java:200)
	at org.openqa.selenium.remote.codec.w3c.W3CHttpResponseCodec.decode(W3CHttpResponseCodec.java:133)
	at org.openqa.selenium.remote.codec.w3c.W3CHttpResponseCodec.decode(W3CHttpResponseCodec.java:52)
	at org.openqa.selenium.remote.HttpCommandExecutor.execute(HttpCommandExecutor.java:191)
	at org.openqa.selenium.remote.service.DriverCommandExecutor.invokeExecute(DriverCommandExecutor.java:196)
	at org.openqa.selenium.remote.service.DriverCommandExecutor.execute(DriverCommandExecutor.java:171)
	at org.openqa.selenium.remote.RemoteWebDriver.execute(RemoteWebDriver.java:602)
	at org.openqa.selenium.remote.RemoteWebDriver.get(RemoteWebDriver.java:304)
	at com.utils.DriverClass.openPage(DriverClass.java:28)
	at com.stepdefinition.OrangeLoginStepDefinition.open_browser_orange_hrm(OrangeLoginStepDefinition.java:20)
	at âœ½.Open Browser OrangeHRM "https://opensource-demo.orangehrmlive.com/web/index.php/auth/login"(file:///C:/Users/sjamadar/Desktop/SeleniumGit/Pilot_Project/PilotProjectOrangeHRM/src/test/resources/Features/Admin_Organization.feature:4)
</textarea>
										</td>
									</tr>
									<tr>
										<td>Sep 28, 2023 04:07:18 PM</td>
										<td class='linked' test-id='35'>Given Open Browser OrangeHRM "https://opensource-demo.orangehrmlive.com/web/index.php/auth/login"</td>
										<td>
											<textarea disabled class="code-block">org.openqa.selenium.NoSuchWindowException: no such window: target window already closed
from unknown error: web view not found
  (Session info: chrome=117.0.5938.92)
Build info: version: '4.12.1', revision: '8e34639b11'
System info: os.name: 'Windows 10', os.arch: 'amd64', os.version: '10.0', java.version: '17.0.7'
Driver info: org.openqa.selenium.chrome.ChromeDriver
Command: [aa84f62aea6a9863ef17d746000ba9b3, get {url=https://opensource-demo.orangehrmlive.com/web/index.php/auth/login}]
Capabilities {acceptInsecureCerts: false, browserName: chrome, browserVersion: 117.0.5938.92, chrome: {chromedriverVersion: 117.0.5938.92 (67649b10b92b..., userDataDir: C:\Users\sjamadar\AppData\L...}, fedcm:accounts: true, goog:chromeOptions: {debuggerAddress: localhost:56077}, networkConnectionEnabled: false, pageLoadStrategy: normal, platformName: windows, proxy: Proxy(), se:cdp: ws://localhost:56077/devtoo..., se:cdpVersion: 117.0.5938.92, setWindowRect: true, strictFileInteractability: false, timeouts: {implicit: 0, pageLoad: 300000, script: 30000}, unhandledPromptBehavior: dismiss and notify, webauthn:extension:credBlob: true, webauthn:extension:largeBlob: true, webauthn:extension:minPinLength: true, webauthn:extension:prf: true, webauthn:virtualAuthenticators: true}
Session ID: aa84f62aea6a9863ef17d746000ba9b3
	at java.base/jdk.internal.reflect.NativeConstructorAccessorImpl.newInstance0(Native Method)
	at java.base/jdk.internal.reflect.NativeConstructorAccessorImpl.newInstance(NativeConstructorAccessorImpl.java:77)
	at java.base/jdk.internal.reflect.DelegatingConstructorAccessorImpl.newInstance(DelegatingConstructorAccessorImpl.java:45)
	at java.base/java.lang.reflect.Constructor.newInstanceWithCaller(Constructor.java:499)
	at java.base/java.lang.reflect.Constructor.newInstance(Constructor.java:480)
	at org.openqa.selenium.remote.codec.w3c.W3CHttpResponseCodec.createException(W3CHttpResponseCodec.java:200)
	at org.openqa.selenium.remote.codec.w3c.W3CHttpResponseCodec.decode(W3CHttpResponseCodec.java:133)
	at org.openqa.selenium.remote.codec.w3c.W3CHttpResponseCodec.decode(W3CHttpResponseCodec.java:52)
	at org.openqa.selenium.remote.HttpCommandExecutor.execute(HttpCommandExecutor.java:191)
	at org.openqa.selenium.remote.service.DriverCommandExecutor.invokeExecute(DriverCommandExecutor.java:196)
	at org.openqa.selenium.remote.service.DriverCommandExecutor.execute(DriverCommandExecutor.java:171)
	at org.openqa.selenium.remote.RemoteWebDriver.execute(RemoteWebDriver.java:602)
	at org.openqa.selenium.remote.RemoteWebDriver.get(RemoteWebDriver.java:304)
	at com.utils.DriverClass.openPage(DriverClass.java:28)
	at com.stepdefinition.OrangeLoginStepDefinition.open_browser_orange_hrm(OrangeLoginStepDefinition.java:20)
	at âœ½.Open Browser OrangeHRM "https://opensource-demo.orangehrmlive.com/web/index.php/auth/login"(file:///C:/Users/sjamadar/Desktop/SeleniumGit/Pilot_Project/PilotProjectOrangeHRM/src/test/resources/Features/Admin_Organization.feature:4)
</textarea>
										</td>
									</tr>
									<tr>
										<td>Sep 28, 2023 04:07:18 PM</td>
										<td class='linked' test-id='42'>com.stepdefinition.HooKs.takeScreenshot(io.cucumber.java.Scenario)</td>
										<td>
											<textarea disabled class="code-block">org.openqa.selenium.NoSuchWindowException: no such window: target window already closed
from unknown error: web view not found
  (Session info: chrome=117.0.5938.92)
Build info: version: '4.12.1', revision: '8e34639b11'
System info: os.name: 'Windows 10', os.arch: 'amd64', os.version: '10.0', java.version: '17.0.7'
Driver info: org.openqa.selenium.chrome.ChromeDriver
Command: [aa84f62aea6a9863ef17d746000ba9b3, get {url=https://opensource-demo.orangehrmlive.com/web/index.php/auth/login}]
Capabilities {acceptInsecureCerts: false, browserName: chrome, browserVersion: 117.0.5938.92, chrome: {chromedriverVersion: 117.0.5938.92 (67649b10b92b..., userDataDir: C:\Users\sjamadar\AppData\L...}, fedcm:accounts: true, goog:chromeOptions: {debuggerAddress: localhost:56077}, networkConnectionEnabled: false, pageLoadStrategy: normal, platformName: windows, proxy: Proxy(), se:cdp: ws://localhost:56077/devtoo..., se:cdpVersion: 117.0.5938.92, setWindowRect: true, strictFileInteractability: false, timeouts: {implicit: 0, pageLoad: 300000, script: 30000}, unhandledPromptBehavior: dismiss and notify, webauthn:extension:credBlob: true, webauthn:extension:largeBlob: true, webauthn:extension:minPinLength: true, webauthn:extension:prf: true, webauthn:virtualAuthenticators: true}
Session ID: aa84f62aea6a9863ef17d746000ba9b3
	at java.base/jdk.internal.reflect.NativeConstructorAccessorImpl.newInstance0(Native Method)
	at java.base/jdk.internal.reflect.NativeConstructorAccessorImpl.newInstance(NativeConstructorAccessorImpl.java:77)
	at java.base/jdk.internal.reflect.DelegatingConstructorAccessorImpl.newInstance(DelegatingConstructorAccessorImpl.java:45)
	at java.base/java.lang.reflect.Constructor.newInstanceWithCaller(Constructor.java:499)
	at java.base/java.lang.reflect.Constructor.newInstance(Constructor.java:480)
	at org.openqa.selenium.remote.codec.w3c.W3CHttpResponseCodec.createException(W3CHttpResponseCodec.java:200)
	at org.openqa.selenium.remote.codec.w3c.W3CHttpResponseCodec.decode(W3CHttpResponseCodec.java:133)
	at org.openqa.selenium.remote.codec.w3c.W3CHttpResponseCodec.decode(W3CHttpResponseCodec.java:52)
	at org.openqa.selenium.remote.HttpCommandExecutor.execute(HttpCommandExecutor.java:191)
	at org.openqa.selenium.remote.service.DriverCommandExecutor.invokeExecute(DriverCommandExecutor.java:196)
	at org.openqa.selenium.remote.service.DriverCommandExecutor.execute(DriverCommandExecutor.java:171)
	at org.openqa.selenium.remote.RemoteWebDriver.execute(RemoteWebDriver.java:602)
	at org.openqa.selenium.remote.RemoteWebDriver.get(RemoteWebDriver.java:304)
	at com.utils.DriverClass.openPage(DriverClass.java:28)
	at com.stepdefinition.OrangeLoginStepDefinition.open_browser_orange_hrm(OrangeLoginStepDefinition.java:20)
	at âœ½.Open Browser OrangeHRM "https://opensource-demo.orangehrmlive.com/web/index.php/auth/login"(file:///C:/Users/sjamadar/Desktop/SeleniumGit/Pilot_Project/PilotProjectOrangeHRM/src/test/resources/Features/Admin_Organization.feature:4)
</textarea>
										</td>
									</tr>
									<tr>
										<td>Sep 28, 2023 04:07:18 PM</td>
										<td class='linked' test-id='43'>com.stepdefinition.HooKs.setLogout()</td>
										<td>
											<textarea disabled class="code-block">org.openqa.selenium.NoSuchWindowException: no such window: target window already closed
from unknown error: web view not found
  (Session info: chrome=117.0.5938.92)
Build info: version: '4.12.1', revision: '8e34639b11'
System info: os.name: 'Windows 10', os.arch: 'amd64', os.version: '10.0', java.version: '17.0.7'
Driver info: org.openqa.selenium.chrome.ChromeDriver
Command: [aa84f62aea6a9863ef17d746000ba9b3, get {url=https://opensource-demo.orangehrmlive.com/web/index.php/auth/login}]
Capabilities {acceptInsecureCerts: false, browserName: chrome, browserVersion: 117.0.5938.92, chrome: {chromedriverVersion: 117.0.5938.92 (67649b10b92b..., userDataDir: C:\Users\sjamadar\AppData\L...}, fedcm:accounts: true, goog:chromeOptions: {debuggerAddress: localhost:56077}, networkConnectionEnabled: false, pageLoadStrategy: normal, platformName: windows, proxy: Proxy(), se:cdp: ws://localhost:56077/devtoo..., se:cdpVersion: 117.0.5938.92, setWindowRect: true, strictFileInteractability: false, timeouts: {implicit: 0, pageLoad: 300000, script: 30000}, unhandledPromptBehavior: dismiss and notify, webauthn:extension:credBlob: true, webauthn:extension:largeBlob: true, webauthn:extension:minPinLength: true, webauthn:extension:prf: true, webauthn:virtualAuthenticators: true}
Session ID: aa84f62aea6a9863ef17d746000ba9b3
	at java.base/jdk.internal.reflect.NativeConstructorAccessorImpl.newInstance0(Native Method)
	at java.base/jdk.internal.reflect.NativeConstructorAccessorImpl.newInstance(NativeConstructorAccessorImpl.java:77)
	at java.base/jdk.internal.reflect.DelegatingConstructorAccessorImpl.newInstance(DelegatingConstructorAccessorImpl.java:45)
	at java.base/java.lang.reflect.Constructor.newInstanceWithCaller(Constructor.java:499)
	at java.base/java.lang.reflect.Constructor.newInstance(Constructor.java:480)
	at org.openqa.selenium.remote.codec.w3c.W3CHttpResponseCodec.createException(W3CHttpResponseCodec.java:200)
	at org.openqa.selenium.remote.codec.w3c.W3CHttpResponseCodec.decode(W3CHttpResponseCodec.java:133)
	at org.openqa.selenium.remote.codec.w3c.W3CHttpResponseCodec.decode(W3CHttpResponseCodec.java:52)
	at org.openqa.selenium.remote.HttpCommandExecutor.execute(HttpCommandExecutor.java:191)
	at org.openqa.selenium.remote.service.DriverCommandExecutor.invokeExecute(DriverCommandExecutor.java:196)
	at org.openqa.selenium.remote.service.DriverCommandExecutor.execute(DriverCommandExecutor.java:171)
	at org.openqa.selenium.remote.RemoteWebDriver.execute(RemoteWebDriver.java:602)
	at org.openqa.selenium.remote.RemoteWebDriver.get(RemoteWebDriver.java:304)
	at com.utils.DriverClass.openPage(DriverClass.java:28)
	at com.stepdefinition.OrangeLoginStepDefinition.open_browser_orange_hrm(OrangeLoginStepDefinition.java:20)
	at âœ½.Open Browser OrangeHRM "https://opensource-demo.orangehrmlive.com/web/index.php/auth/login"(file:///C:/Users/sjamadar/Desktop/SeleniumGit/Pilot_Project/PilotProjectOrangeHRM/src/test/resources/Features/Admin_Organization.feature:4)
</textarea>
										</td>
									</tr>
									<tr>
										<td>Sep 28, 2023 04:07:18 PM</td>
										<td class='linked' test-id='46'>Given Open Browser OrangeHRM "https://opensource-demo.orangehrmlive.com/web/index.php/auth/login"</td>
										<td>
											<textarea disabled class="code-block">org.openqa.selenium.NoSuchWindowException: no such window: target window already closed
from unknown error: web view not found
  (Session info: chrome=117.0.5938.92)
Build info: version: '4.12.1', revision: '8e34639b11'
System info: os.name: 'Windows 10', os.arch: 'amd64', os.version: '10.0', java.version: '17.0.7'
Driver info: org.openqa.selenium.chrome.ChromeDriver
Command: [aa84f62aea6a9863ef17d746000ba9b3, get {url=https://opensource-demo.orangehrmlive.com/web/index.php/auth/login}]
Capabilities {acceptInsecureCerts: false, browserName: chrome, browserVersion: 117.0.5938.92, chrome: {chromedriverVersion: 117.0.5938.92 (67649b10b92b..., userDataDir: C:\Users\sjamadar\AppData\L...}, fedcm:accounts: true, goog:chromeOptions: {debuggerAddress: localhost:56077}, networkConnectionEnabled: false, pageLoadStrategy: normal, platformName: windows, proxy: Proxy(), se:cdp: ws://localhost:56077/devtoo..., se:cdpVersion: 117.0.5938.92, setWindowRect: true, strictFileInteractability: false, timeouts: {implicit: 0, pageLoad: 300000, script: 30000}, unhandledPromptBehavior: dismiss and notify, webauthn:extension:credBlob: true, webauthn:extension:largeBlob: true, webauthn:extension:minPinLength: true, webauthn:extension:prf: true, webauthn:virtualAuthenticators: true}
Session ID: aa84f62aea6a9863ef17d746000ba9b3
	at java.base/jdk.internal.reflect.NativeConstructorAccessorImpl.newInstance0(Native Method)
	at java.base/jdk.internal.reflect.NativeConstructorAccessorImpl.newInstance(NativeConstructorAccessorImpl.java:77)
	at java.base/jdk.internal.reflect.DelegatingConstructorAccessorImpl.newInstance(DelegatingConstructorAccessorImpl.java:45)
	at java.base/java.lang.reflect.Constructor.newInstanceWithCaller(Constructor.java:499)
	at java.base/java.lang.reflect.Constructor.newInstance(Constructor.java:480)
	at org.openqa.selenium.remote.codec.w3c.W3CHttpResponseCodec.createException(W3CHttpResponseCodec.java:200)
	at org.openqa.selenium.remote.codec.w3c.W3CHttpResponseCodec.decode(W3CHttpResponseCodec.java:133)
	at org.openqa.selenium.remote.codec.w3c.W3CHttpResponseCodec.decode(W3CHttpResponseCodec.java:52)
	at org.openqa.selenium.remote.HttpCommandExecutor.execute(HttpCommandExecutor.java:191)
	at org.openqa.selenium.remote.service.DriverCommandExecutor.invokeExecute(DriverCommandExecutor.java:196)
	at org.openqa.selenium.remote.service.DriverCommandExecutor.execute(DriverCommandExecutor.java:171)
	at org.openqa.selenium.remote.RemoteWebDriver.execute(RemoteWebDriver.java:602)
	at org.openqa.selenium.remote.RemoteWebDriver.get(RemoteWebDriver.java:304)
	at com.utils.DriverClass.openPage(DriverClass.java:28)
	at com.stepdefinition.OrangeLoginStepDefinition.open_browser_orange_hrm(OrangeLoginStepDefinition.java:20)
	at âœ½.Open Browser OrangeHRM "https://opensource-demo.orangehrmlive.com/web/index.php/auth/login"(file:///C:/Users/sjamadar/Desktop/SeleniumGit/Pilot_Project/PilotProjectOrangeHRM/src/test/resources/Features/Admin_Organization.feature:4)
</textarea>
										</td>
									</tr>
									<tr>
										<td>Sep 28, 2023 04:07:18 PM</td>
										<td class='linked' test-id='54'>com.stepdefinition.HooKs.takeScreenshot(io.cucumber.java.Scenario)</td>
										<td>
											<textarea disabled class="code-block">org.openqa.selenium.NoSuchWindowException: no such window: target window already closed
from unknown error: web view not found
  (Session info: chrome=117.0.5938.92)
Build info: version: '4.12.1', revision: '8e34639b11'
System info: os.name: 'Windows 10', os.arch: 'amd64', os.version: '10.0', java.version: '17.0.7'
Driver info: org.openqa.selenium.chrome.ChromeDriver
Command: [aa84f62aea6a9863ef17d746000ba9b3, get {url=https://opensource-demo.orangehrmlive.com/web/index.php/auth/login}]
Capabilities {acceptInsecureCerts: false, browserName: chrome, browserVersion: 117.0.5938.92, chrome: {chromedriverVersion: 117.0.5938.92 (67649b10b92b..., userDataDir: C:\Users\sjamadar\AppData\L...}, fedcm:accounts: true, goog:chromeOptions: {debuggerAddress: localhost:56077}, networkConnectionEnabled: false, pageLoadStrategy: normal, platformName: windows, proxy: Proxy(), se:cdp: ws://localhost:56077/devtoo..., se:cdpVersion: 117.0.5938.92, setWindowRect: true, strictFileInteractability: false, timeouts: {implicit: 0, pageLoad: 300000, script: 30000}, unhandledPromptBehavior: dismiss and notify, webauthn:extension:credBlob: true, webauthn:extension:largeBlob: true, webauthn:extension:minPinLength: true, webauthn:extension:prf: true, webauthn:virtualAuthenticators: true}
Session ID: aa84f62aea6a9863ef17d746000ba9b3
	at java.base/jdk.internal.reflect.NativeConstructorAccessorImpl.newInstance0(Native Method)
	at java.base/jdk.internal.reflect.NativeConstructorAccessorImpl.newInstance(NativeConstructorAccessorImpl.java:77)
	at java.base/jdk.internal.reflect.DelegatingConstructorAccessorImpl.newInstance(DelegatingConstructorAccessorImpl.java:45)
	at java.base/java.lang.reflect.Constructor.newInstanceWithCaller(Constructor.java:499)
	at java.base/java.lang.reflect.Constructor.newInstance(Constructor.java:480)
	at org.openqa.selenium.remote.codec.w3c.W3CHttpResponseCodec.createException(W3CHttpResponseCodec.java:200)
	at org.openqa.selenium.remote.codec.w3c.W3CHttpResponseCodec.decode(W3CHttpResponseCodec.java:133)
	at org.openqa.selenium.remote.codec.w3c.W3CHttpResponseCodec.decode(W3CHttpResponseCodec.java:52)
	at org.openqa.selenium.remote.HttpCommandExecutor.execute(HttpCommandExecutor.java:191)
	at org.openqa.selenium.remote.service.DriverCommandExecutor.invokeExecute(DriverCommandExecutor.java:196)
	at org.openqa.selenium.remote.service.DriverCommandExecutor.execute(DriverCommandExecutor.java:171)
	at org.openqa.selenium.remote.RemoteWebDriver.execute(RemoteWebDriver.java:602)
	at org.openqa.selenium.remote.RemoteWebDriver.get(RemoteWebDriver.java:304)
	at com.utils.DriverClass.openPage(DriverClass.java:28)
	at com.stepdefinition.OrangeLoginStepDefinition.open_browser_orange_hrm(OrangeLoginStepDefinition.java:20)
	at âœ½.Open Browser OrangeHRM "https://opensource-demo.orangehrmlive.com/web/index.php/auth/login"(file:///C:/Users/sjamadar/Desktop/SeleniumGit/Pilot_Project/PilotProjectOrangeHRM/src/test/resources/Features/Admin_Organization.feature:4)
</textarea>
										</td>
									</tr>
									<tr>
										<td>Sep 28, 2023 04:07:18 PM</td>
										<td class='linked' test-id='55'>com.stepdefinition.HooKs.setLogout()</td>
										<td>
											<textarea disabled class="code-block">org.openqa.selenium.NoSuchWindowException: no such window: target window already closed
from unknown error: web view not found
  (Session info: chrome=117.0.5938.92)
Build info: version: '4.12.1', revision: '8e34639b11'
System info: os.name: 'Windows 10', os.arch: 'amd64', os.version: '10.0', java.version: '17.0.7'
Driver info: org.openqa.selenium.chrome.ChromeDriver
Command: [aa84f62aea6a9863ef17d746000ba9b3, get {url=https://opensource-demo.orangehrmlive.com/web/index.php/auth/login}]
Capabilities {acceptInsecureCerts: false, browserName: chrome, browserVersion: 117.0.5938.92, chrome: {chromedriverVersion: 117.0.5938.92 (67649b10b92b..., userDataDir: C:\Users\sjamadar\AppData\L...}, fedcm:accounts: true, goog:chromeOptions: {debuggerAddress: localhost:56077}, networkConnectionEnabled: false, pageLoadStrategy: normal, platformName: windows, proxy: Proxy(), se:cdp: ws://localhost:56077/devtoo..., se:cdpVersion: 117.0.5938.92, setWindowRect: true, strictFileInteractability: false, timeouts: {implicit: 0, pageLoad: 300000, script: 30000}, unhandledPromptBehavior: dismiss and notify, webauthn:extension:credBlob: true, webauthn:extension:largeBlob: true, webauthn:extension:minPinLength: true, webauthn:extension:prf: true, webauthn:virtualAuthenticators: true}
Session ID: aa84f62aea6a9863ef17d746000ba9b3
	at java.base/jdk.internal.reflect.NativeConstructorAccessorImpl.newInstance0(Native Method)
	at java.base/jdk.internal.reflect.NativeConstructorAccessorImpl.newInstance(NativeConstructorAccessorImpl.java:77)
	at java.base/jdk.internal.reflect.DelegatingConstructorAccessorImpl.newInstance(DelegatingConstructorAccessorImpl.java:45)
	at java.base/java.lang.reflect.Constructor.newInstanceWithCaller(Constructor.java:499)
	at java.base/java.lang.reflect.Constructor.newInstance(Constructor.java:480)
	at org.openqa.selenium.remote.codec.w3c.W3CHttpResponseCodec.createException(W3CHttpResponseCodec.java:200)
	at org.openqa.selenium.remote.codec.w3c.W3CHttpResponseCodec.decode(W3CHttpResponseCodec.java:133)
	at org.openqa.selenium.remote.codec.w3c.W3CHttpResponseCodec.decode(W3CHttpResponseCodec.java:52)
	at org.openqa.selenium.remote.HttpCommandExecutor.execute(HttpCommandExecutor.java:191)
	at org.openqa.selenium.remote.service.DriverCommandExecutor.invokeExecute(DriverCommandExecutor.java:196)
	at org.openqa.selenium.remote.service.DriverCommandExecutor.execute(DriverCommandExecutor.java:171)
	at org.openqa.selenium.remote.RemoteWebDriver.execute(RemoteWebDriver.java:602)
	at org.openqa.selenium.remote.RemoteWebDriver.get(RemoteWebDriver.java:304)
	at com.utils.DriverClass.openPage(DriverClass.java:28)
	at com.stepdefinition.OrangeLoginStepDefinition.open_browser_orange_hrm(OrangeLoginStepDefinition.java:20)
	at âœ½.Open Browser OrangeHRM "https://opensource-demo.orangehrmlive.com/web/index.php/auth/login"(file:///C:/Users/sjamadar/Desktop/SeleniumGit/Pilot_Project/PilotProjectOrangeHRM/src/test/resources/Features/Admin_Organization.feature:4)
</textarea>
										</td>
									</tr>
									<tr>
										<td>Sep 28, 2023 04:07:18 PM</td>
										<td class='linked' test-id='57'>Given Open Browser OrangeHRM "https://opensource-demo.orangehrmlive.com/web/index.php/auth/login"</td>
										<td>
											<textarea disabled class="code-block">org.openqa.selenium.NoSuchWindowException: no such window: target window already closed
from unknown error: web view not found
  (Session info: chrome=117.0.5938.92)
Build info: version: '4.12.1', revision: '8e34639b11'
System info: os.name: 'Windows 10', os.arch: 'amd64', os.version: '10.0', java.version: '17.0.7'
Driver info: org.openqa.selenium.chrome.ChromeDriver
Command: [aa84f62aea6a9863ef17d746000ba9b3, get {url=https://opensource-demo.orangehrmlive.com/web/index.php/auth/login}]
Capabilities {acceptInsecureCerts: false, browserName: chrome, browserVersion: 117.0.5938.92, chrome: {chromedriverVersion: 117.0.5938.92 (67649b10b92b..., userDataDir: C:\Users\sjamadar\AppData\L...}, fedcm:accounts: true, goog:chromeOptions: {debuggerAddress: localhost:56077}, networkConnectionEnabled: false, pageLoadStrategy: normal, platformName: windows, proxy: Proxy(), se:cdp: ws://localhost:56077/devtoo..., se:cdpVersion: 117.0.5938.92, setWindowRect: true, strictFileInteractability: false, timeouts: {implicit: 0, pageLoad: 300000, script: 30000}, unhandledPromptBehavior: dismiss and notify, webauthn:extension:credBlob: true, webauthn:extension:largeBlob: true, webauthn:extension:minPinLength: true, webauthn:extension:prf: true, webauthn:virtualAuthenticators: true}
Session ID: aa84f62aea6a9863ef17d746000ba9b3
	at java.base/jdk.internal.reflect.NativeConstructorAccessorImpl.newInstance0(Native Method)
	at java.base/jdk.internal.reflect.NativeConstructorAccessorImpl.newInstance(NativeConstructorAccessorImpl.java:77)
	at java.base/jdk.internal.reflect.DelegatingConstructorAccessorImpl.newInstance(DelegatingConstructorAccessorImpl.java:45)
	at java.base/java.lang.reflect.Constructor.newInstanceWithCaller(Constructor.java:499)
	at java.base/java.lang.reflect.Constructor.newInstance(Constructor.java:480)
	at org.openqa.selenium.remote.codec.w3c.W3CHttpResponseCodec.createException(W3CHttpResponseCodec.java:200)
	at org.openqa.selenium.remote.codec.w3c.W3CHttpResponseCodec.decode(W3CHttpResponseCodec.java:133)
	at org.openqa.selenium.remote.codec.w3c.W3CHttpResponseCodec.decode(W3CHttpResponseCodec.java:52)
	at org.openqa.selenium.remote.HttpCommandExecutor.execute(HttpCommandExecutor.java:191)
	at org.openqa.selenium.remote.service.DriverCommandExecutor.invokeExecute(DriverCommandExecutor.java:196)
	at org.openqa.selenium.remote.service.DriverCommandExecutor.execute(DriverCommandExecutor.java:171)
	at org.openqa.selenium.remote.RemoteWebDriver.execute(RemoteWebDriver.java:602)
	at org.openqa.selenium.remote.RemoteWebDriver.get(RemoteWebDriver.java:304)
	at com.utils.DriverClass.openPage(DriverClass.java:28)
	at com.stepdefinition.OrangeLoginStepDefinition.open_browser_orange_hrm(OrangeLoginStepDefinition.java:20)
	at âœ½.Open Browser OrangeHRM "https://opensource-demo.orangehrmlive.com/web/index.php/auth/login"(file:///C:/Users/sjamadar/Desktop/SeleniumGit/Pilot_Project/PilotProjectOrangeHRM/src/test/resources/Features/Admin_Organization.feature:4)
</textarea>
										</td>
									</tr>
									<tr>
										<td>Sep 28, 2023 04:07:18 PM</td>
										<td class='linked' test-id='65'>com.stepdefinition.HooKs.takeScreenshot(io.cucumber.java.Scenario)</td>
										<td>
											<textarea disabled class="code-block">org.openqa.selenium.NoSuchWindowException: no such window: target window already closed
from unknown error: web view not found
  (Session info: chrome=117.0.5938.92)
Build info: version: '4.12.1', revision: '8e34639b11'
System info: os.name: 'Windows 10', os.arch: 'amd64', os.version: '10.0', java.version: '17.0.7'
Driver info: org.openqa.selenium.chrome.ChromeDriver
Command: [aa84f62aea6a9863ef17d746000ba9b3, get {url=https://opensource-demo.orangehrmlive.com/web/index.php/auth/login}]
Capabilities {acceptInsecureCerts: false, browserName: chrome, browserVersion: 117.0.5938.92, chrome: {chromedriverVersion: 117.0.5938.92 (67649b10b92b..., userDataDir: C:\Users\sjamadar\AppData\L...}, fedcm:accounts: true, goog:chromeOptions: {debuggerAddress: localhost:56077}, networkConnectionEnabled: false, pageLoadStrategy: normal, platformName: windows, proxy: Proxy(), se:cdp: ws://localhost:56077/devtoo..., se:cdpVersion: 117.0.5938.92, setWindowRect: true, strictFileInteractability: false, timeouts: {implicit: 0, pageLoad: 300000, script: 30000}, unhandledPromptBehavior: dismiss and notify, webauthn:extension:credBlob: true, webauthn:extension:largeBlob: true, webauthn:extension:minPinLength: true, webauthn:extension:prf: true, webauthn:virtualAuthenticators: true}
Session ID: aa84f62aea6a9863ef17d746000ba9b3
	at java.base/jdk.internal.reflect.NativeConstructorAccessorImpl.newInstance0(Native Method)
	at java.base/jdk.internal.reflect.NativeConstructorAccessorImpl.newInstance(NativeConstructorAccessorImpl.java:77)
	at java.base/jdk.internal.reflect.DelegatingConstructorAccessorImpl.newInstance(DelegatingConstructorAccessorImpl.java:45)
	at java.base/java.lang.reflect.Constructor.newInstanceWithCaller(Constructor.java:499)
	at java.base/java.lang.reflect.Constructor.newInstance(Constructor.java:480)
	at org.openqa.selenium.remote.codec.w3c.W3CHttpResponseCodec.createException(W3CHttpResponseCodec.java:200)
	at org.openqa.selenium.remote.codec.w3c.W3CHttpResponseCodec.decode(W3CHttpResponseCodec.java:133)
	at org.openqa.selenium.remote.codec.w3c.W3CHttpResponseCodec.decode(W3CHttpResponseCodec.java:52)
	at org.openqa.selenium.remote.HttpCommandExecutor.execute(HttpCommandExecutor.java:191)
	at org.openqa.selenium.remote.service.DriverCommandExecutor.invokeExecute(DriverCommandExecutor.java:196)
	at org.openqa.selenium.remote.service.DriverCommandExecutor.execute(DriverCommandExecutor.java:171)
	at org.openqa.selenium.remote.RemoteWebDriver.execute(RemoteWebDriver.java:602)
	at org.openqa.selenium.remote.RemoteWebDriver.get(RemoteWebDriver.java:304)
	at com.utils.DriverClass.openPage(DriverClass.java:28)
	at com.stepdefinition.OrangeLoginStepDefinition.open_browser_orange_hrm(OrangeLoginStepDefinition.java:20)
	at âœ½.Open Browser OrangeHRM "https://opensource-demo.orangehrmlive.com/web/index.php/auth/login"(file:///C:/Users/sjamadar/Desktop/SeleniumGit/Pilot_Project/PilotProjectOrangeHRM/src/test/resources/Features/Admin_Organization.feature:4)
</textarea>
										</td>
									</tr>
									<tr>
										<td>Sep 28, 2023 04:07:18 PM</td>
										<td class='linked' test-id='66'>com.stepdefinition.HooKs.setLogout()</td>
										<td>
											<textarea disabled class="code-block">org.openqa.selenium.NoSuchWindowException: no such window: target window already closed
from unknown error: web view not found
  (Session info: chrome=117.0.5938.92)
Build info: version: '4.12.1', revision: '8e34639b11'
System info: os.name: 'Windows 10', os.arch: 'amd64', os.version: '10.0', java.version: '17.0.7'
Driver info: org.openqa.selenium.chrome.ChromeDriver
Command: [aa84f62aea6a9863ef17d746000ba9b3, get {url=https://opensource-demo.orangehrmlive.com/web/index.php/auth/login}]
Capabilities {acceptInsecureCerts: false, browserName: chrome, browserVersion: 117.0.5938.92, chrome: {chromedriverVersion: 117.0.5938.92 (67649b10b92b..., userDataDir: C:\Users\sjamadar\AppData\L...}, fedcm:accounts: true, goog:chromeOptions: {debuggerAddress: localhost:56077}, networkConnectionEnabled: false, pageLoadStrategy: normal, platformName: windows, proxy: Proxy(), se:cdp: ws://localhost:56077/devtoo..., se:cdpVersion: 117.0.5938.92, setWindowRect: true, strictFileInteractability: false, timeouts: {implicit: 0, pageLoad: 300000, script: 30000}, unhandledPromptBehavior: dismiss and notify, webauthn:extension:credBlob: true, webauthn:extension:largeBlob: true, webauthn:extension:minPinLength: true, webauthn:extension:prf: true, webauthn:virtualAuthenticators: true}
Session ID: aa84f62aea6a9863ef17d746000ba9b3
	at java.base/jdk.internal.reflect.NativeConstructorAccessorImpl.newInstance0(Native Method)
	at java.base/jdk.internal.reflect.NativeConstructorAccessorImpl.newInstance(NativeConstructorAccessorImpl.java:77)
	at java.base/jdk.internal.reflect.DelegatingConstructorAccessorImpl.newInstance(DelegatingConstructorAccessorImpl.java:45)
	at java.base/java.lang.reflect.Constructor.newInstanceWithCaller(Constructor.java:499)
	at java.base/java.lang.reflect.Constructor.newInstance(Constructor.java:480)
	at org.openqa.selenium.remote.codec.w3c.W3CHttpResponseCodec.createException(W3CHttpResponseCodec.java:200)
	at org.openqa.selenium.remote.codec.w3c.W3CHttpResponseCodec.decode(W3CHttpResponseCodec.java:133)
	at org.openqa.selenium.remote.codec.w3c.W3CHttpResponseCodec.decode(W3CHttpResponseCodec.java:52)
	at org.openqa.selenium.remote.HttpCommandExecutor.execute(HttpCommandExecutor.java:191)
	at org.openqa.selenium.remote.service.DriverCommandExecutor.invokeExecute(DriverCommandExecutor.java:196)
	at org.openqa.selenium.remote.service.DriverCommandExecutor.execute(DriverCommandExecutor.java:171)
	at org.openqa.selenium.remote.RemoteWebDriver.execute(RemoteWebDriver.java:602)
	at org.openqa.selenium.remote.RemoteWebDriver.get(RemoteWebDriver.java:304)
	at com.utils.DriverClass.openPage(DriverClass.java:28)
	at com.stepdefinition.OrangeLoginStepDefinition.open_browser_orange_hrm(OrangeLoginStepDefinition.java:20)
	at âœ½.Open Browser OrangeHRM "https://opensource-demo.orangehrmlive.com/web/index.php/auth/login"(file:///C:/Users/sjamadar/Desktop/SeleniumGit/Pilot_Project/PilotProjectOrangeHRM/src/test/resources/Features/Admin_Organization.feature:4)
</textarea>
										</td>
									</tr>
									<tr>
										<td>Sep 28, 2023 04:07:18 PM</td>
										<td class='linked' test-id='70'>Given Open Browser OrangeHRM "https://opensource-demo.orangehrmlive.com/web/index.php/auth/login"</td>
										<td>
											<textarea disabled class="code-block">org.openqa.selenium.NoSuchWindowException: no such window: target window already closed
from unknown error: web view not found
  (Session info: chrome=117.0.5938.92)
Build info: version: '4.12.1', revision: '8e34639b11'
System info: os.name: 'Windows 10', os.arch: 'amd64', os.version: '10.0', java.version: '17.0.7'
Driver info: org.openqa.selenium.chrome.ChromeDriver
Command: [aa84f62aea6a9863ef17d746000ba9b3, get {url=https://opensource-demo.orangehrmlive.com/web/index.php/auth/login}]
Capabilities {acceptInsecureCerts: false, browserName: chrome, browserVersion: 117.0.5938.92, chrome: {chromedriverVersion: 117.0.5938.92 (67649b10b92b..., userDataDir: C:\Users\sjamadar\AppData\L...}, fedcm:accounts: true, goog:chromeOptions: {debuggerAddress: localhost:56077}, networkConnectionEnabled: false, pageLoadStrategy: normal, platformName: windows, proxy: Proxy(), se:cdp: ws://localhost:56077/devtoo..., se:cdpVersion: 117.0.5938.92, setWindowRect: true, strictFileInteractability: false, timeouts: {implicit: 0, pageLoad: 300000, script: 30000}, unhandledPromptBehavior: dismiss and notify, webauthn:extension:credBlob: true, webauthn:extension:largeBlob: true, webauthn:extension:minPinLength: true, webauthn:extension:prf: true, webauthn:virtualAuthenticators: true}
Session ID: aa84f62aea6a9863ef17d746000ba9b3
	at java.base/jdk.internal.reflect.NativeConstructorAccessorImpl.newInstance0(Native Method)
	at java.base/jdk.internal.reflect.NativeConstructorAccessorImpl.newInstance(NativeConstructorAccessorImpl.java:77)
	at java.base/jdk.internal.reflect.DelegatingConstructorAccessorImpl.newInstance(DelegatingConstructorAccessorImpl.java:45)
	at java.base/java.lang.reflect.Constructor.newInstanceWithCaller(Constructor.java:499)
	at java.base/java.lang.reflect.Constructor.newInstance(Constructor.java:480)
	at org.openqa.selenium.remote.codec.w3c.W3CHttpResponseCodec.createException(W3CHttpResponseCodec.java:200)
	at org.openqa.selenium.remote.codec.w3c.W3CHttpResponseCodec.decode(W3CHttpResponseCodec.java:133)
	at org.openqa.selenium.remote.codec.w3c.W3CHttpResponseCodec.decode(W3CHttpResponseCodec.java:52)
	at org.openqa.selenium.remote.HttpCommandExecutor.execute(HttpCommandExecutor.java:191)
	at org.openqa.selenium.remote.service.DriverCommandExecutor.invokeExecute(DriverCommandExecutor.java:196)
	at org.openqa.selenium.remote.service.DriverCommandExecutor.execute(DriverCommandExecutor.java:171)
	at org.openqa.selenium.remote.RemoteWebDriver.execute(RemoteWebDriver.java:602)
	at org.openqa.selenium.remote.RemoteWebDriver.get(RemoteWebDriver.java:304)
	at com.utils.DriverClass.openPage(DriverClass.java:28)
	at com.stepdefinition.OrangeLoginStepDefinition.open_browser_orange_hrm(OrangeLoginStepDefinition.java:20)
	at âœ½.Open Browser OrangeHRM "https://opensource-demo.orangehrmlive.com/web/index.php/auth/login"(file:///C:/Users/sjamadar/Desktop/SeleniumGit/Pilot_Project/PilotProjectOrangeHRM/src/test/resources/Features/Admin_Organization.feature:4)
</textarea>
										</td>
									</tr>
									<tr>
										<td>Sep 28, 2023 04:07:18 PM</td>
										<td class='linked' test-id='74'>com.stepdefinition.HooKs.takeScreenshot(io.cucumber.java.Scenario)</td>
										<td>
											<textarea disabled class="code-block">org.openqa.selenium.NoSuchWindowException: no such window: target window already closed
from unknown error: web view not found
  (Session info: chrome=117.0.5938.92)
Build info: version: '4.12.1', revision: '8e34639b11'
System info: os.name: 'Windows 10', os.arch: 'amd64', os.version: '10.0', java.version: '17.0.7'
Driver info: org.openqa.selenium.chrome.ChromeDriver
Command: [aa84f62aea6a9863ef17d746000ba9b3, get {url=https://opensource-demo.orangehrmlive.com/web/index.php/auth/login}]
Capabilities {acceptInsecureCerts: false, browserName: chrome, browserVersion: 117.0.5938.92, chrome: {chromedriverVersion: 117.0.5938.92 (67649b10b92b..., userDataDir: C:\Users\sjamadar\AppData\L...}, fedcm:accounts: true, goog:chromeOptions: {debuggerAddress: localhost:56077}, networkConnectionEnabled: false, pageLoadStrategy: normal, platformName: windows, proxy: Proxy(), se:cdp: ws://localhost:56077/devtoo..., se:cdpVersion: 117.0.5938.92, setWindowRect: true, strictFileInteractability: false, timeouts: {implicit: 0, pageLoad: 300000, script: 30000}, unhandledPromptBehavior: dismiss and notify, webauthn:extension:credBlob: true, webauthn:extension:largeBlob: true, webauthn:extension:minPinLength: true, webauthn:extension:prf: true, webauthn:virtualAuthenticators: true}
Session ID: aa84f62aea6a9863ef17d746000ba9b3
	at java.base/jdk.internal.reflect.NativeConstructorAccessorImpl.newInstance0(Native Method)
	at java.base/jdk.internal.reflect.NativeConstructorAccessorImpl.newInstance(NativeConstructorAccessorImpl.java:77)
	at java.base/jdk.internal.reflect.DelegatingConstructorAccessorImpl.newInstance(DelegatingConstructorAccessorImpl.java:45)
	at java.base/java.lang.reflect.Constructor.newInstanceWithCaller(Constructor.java:499)
	at java.base/java.lang.reflect.Constructor.newInstance(Constructor.java:480)
	at org.openqa.selenium.remote.codec.w3c.W3CHttpResponseCodec.createException(W3CHttpResponseCodec.java:200)
	at org.openqa.selenium.remote.codec.w3c.W3CHttpResponseCodec.decode(W3CHttpResponseCodec.java:133)
	at org.openqa.selenium.remote.codec.w3c.W3CHttpResponseCodec.decode(W3CHttpResponseCodec.java:52)
	at org.openqa.selenium.remote.HttpCommandExecutor.execute(HttpCommandExecutor.java:191)
	at org.openqa.selenium.remote.service.DriverCommandExecutor.invokeExecute(DriverCommandExecutor.java:196)
	at org.openqa.selenium.remote.service.DriverCommandExecutor.execute(DriverCommandExecutor.java:171)
	at org.openqa.selenium.remote.RemoteWebDriver.execute(RemoteWebDriver.java:602)
	at org.openqa.selenium.remote.RemoteWebDriver.get(RemoteWebDriver.java:304)
	at com.utils.DriverClass.openPage(DriverClass.java:28)
	at com.stepdefinition.OrangeLoginStepDefinition.open_browser_orange_hrm(OrangeLoginStepDefinition.java:20)
	at âœ½.Open Browser OrangeHRM "https://opensource-demo.orangehrmlive.com/web/index.php/auth/login"(file:///C:/Users/sjamadar/Desktop/SeleniumGit/Pilot_Project/PilotProjectOrangeHRM/src/test/resources/Features/Admin_Organization.feature:4)
</textarea>
										</td>
									</tr>
									<tr>
										<td>Sep 28, 2023 04:07:18 PM</td>
										<td class='linked' test-id='75'>com.stepdefinition.HooKs.setLogout()</td>
										<td>
											<textarea disabled class="code-block">org.openqa.selenium.NoSuchWindowException: no such window: target window already closed
from unknown error: web view not found
  (Session info: chrome=117.0.5938.92)
Build info: version: '4.12.1', revision: '8e34639b11'
System info: os.name: 'Windows 10', os.arch: 'amd64', os.version: '10.0', java.version: '17.0.7'
Driver info: org.openqa.selenium.chrome.ChromeDriver
Command: [aa84f62aea6a9863ef17d746000ba9b3, get {url=https://opensource-demo.orangehrmlive.com/web/index.php/auth/login}]
Capabilities {acceptInsecureCerts: false, browserName: chrome, browserVersion: 117.0.5938.92, chrome: {chromedriverVersion: 117.0.5938.92 (67649b10b92b..., userDataDir: C:\Users\sjamadar\AppData\L...}, fedcm:accounts: true, goog:chromeOptions: {debuggerAddress: localhost:56077}, networkConnectionEnabled: false, pageLoadStrategy: normal, platformName: windows, proxy: Proxy(), se:cdp: ws://localhost:56077/devtoo..., se:cdpVersion: 117.0.5938.92, setWindowRect: true, strictFileInteractability: false, timeouts: {implicit: 0, pageLoad: 300000, script: 30000}, unhandledPromptBehavior: dismiss and notify, webauthn:extension:credBlob: true, webauthn:extension:largeBlob: true, webauthn:extension:minPinLength: true, webauthn:extension:prf: true, webauthn:virtualAuthenticators: true}
Session ID: aa84f62aea6a9863ef17d746000ba9b3
	at java.base/jdk.internal.reflect.NativeConstructorAccessorImpl.newInstance0(Native Method)
	at java.base/jdk.internal.reflect.NativeConstructorAccessorImpl.newInstance(NativeConstructorAccessorImpl.java:77)
	at java.base/jdk.internal.reflect.DelegatingConstructorAccessorImpl.newInstance(DelegatingConstructorAccessorImpl.java:45)
	at java.base/java.lang.reflect.Constructor.newInstanceWithCaller(Constructor.java:499)
	at java.base/java.lang.reflect.Constructor.newInstance(Constructor.java:480)
	at org.openqa.selenium.remote.codec.w3c.W3CHttpResponseCodec.createException(W3CHttpResponseCodec.java:200)
	at org.openqa.selenium.remote.codec.w3c.W3CHttpResponseCodec.decode(W3CHttpResponseCodec.java:133)
	at org.openqa.selenium.remote.codec.w3c.W3CHttpResponseCodec.decode(W3CHttpResponseCodec.java:52)
	at org.openqa.selenium.remote.HttpCommandExecutor.execute(HttpCommandExecutor.java:191)
	at org.openqa.selenium.remote.service.DriverCommandExecutor.invokeExecute(DriverCommandExecutor.java:196)
	at org.openqa.selenium.remote.service.DriverCommandExecutor.execute(DriverCommandExecutor.java:171)
	at org.openqa.selenium.remote.RemoteWebDriver.execute(RemoteWebDriver.java:602)
	at org.openqa.selenium.remote.RemoteWebDriver.get(RemoteWebDriver.java:304)
	at com.utils.DriverClass.openPage(DriverClass.java:28)
	at com.stepdefinition.OrangeLoginStepDefinition.open_browser_orange_hrm(OrangeLoginStepDefinition.java:20)
	at âœ½.Open Browser OrangeHRM "https://opensource-demo.orangehrmlive.com/web/index.php/auth/login"(file:///C:/Users/sjamadar/Desktop/SeleniumGit/Pilot_Project/PilotProjectOrangeHRM/src/test/resources/Features/Admin_Organization.feature:4)
</textarea>
										</td>
									</tr>
									<tr>
										<td>Sep 28, 2023 04:07:18 PM</td>
										<td class='linked' test-id='77'>Given Open Browser OrangeHRM "https://opensource-demo.orangehrmlive.com/web/index.php/auth/login"</td>
										<td>
											<textarea disabled class="code-block">org.openqa.selenium.NoSuchWindowException: no such window: target window already closed
from unknown error: web view not found
  (Session info: chrome=117.0.5938.92)
Build info: version: '4.12.1', revision: '8e34639b11'
System info: os.name: 'Windows 10', os.arch: 'amd64', os.version: '10.0', java.version: '17.0.7'
Driver info: org.openqa.selenium.chrome.ChromeDriver
Command: [aa84f62aea6a9863ef17d746000ba9b3, get {url=https://opensource-demo.orangehrmlive.com/web/index.php/auth/login}]
Capabilities {acceptInsecureCerts: false, browserName: chrome, browserVersion: 117.0.5938.92, chrome: {chromedriverVersion: 117.0.5938.92 (67649b10b92b..., userDataDir: C:\Users\sjamadar\AppData\L...}, fedcm:accounts: true, goog:chromeOptions: {debuggerAddress: localhost:56077}, networkConnectionEnabled: false, pageLoadStrategy: normal, platformName: windows, proxy: Proxy(), se:cdp: ws://localhost:56077/devtoo..., se:cdpVersion: 117.0.5938.92, setWindowRect: true, strictFileInteractability: false, timeouts: {implicit: 0, pageLoad: 300000, script: 30000}, unhandledPromptBehavior: dismiss and notify, webauthn:extension:credBlob: true, webauthn:extension:largeBlob: true, webauthn:extension:minPinLength: true, webauthn:extension:prf: true, webauthn:virtualAuthenticators: true}
Session ID: aa84f62aea6a9863ef17d746000ba9b3
	at java.base/jdk.internal.reflect.NativeConstructorAccessorImpl.newInstance0(Native Method)
	at java.base/jdk.internal.reflect.NativeConstructorAccessorImpl.newInstance(NativeConstructorAccessorImpl.java:77)
	at java.base/jdk.internal.reflect.DelegatingConstructorAccessorImpl.newInstance(DelegatingConstructorAccessorImpl.java:45)
	at java.base/java.lang.reflect.Constructor.newInstanceWithCaller(Constructor.java:499)
	at java.base/java.lang.reflect.Constructor.newInstance(Constructor.java:480)
	at org.openqa.selenium.remote.codec.w3c.W3CHttpResponseCodec.createException(W3CHttpResponseCodec.java:200)
	at org.openqa.selenium.remote.codec.w3c.W3CHttpResponseCodec.decode(W3CHttpResponseCodec.java:133)
	at org.openqa.selenium.remote.codec.w3c.W3CHttpResponseCodec.decode(W3CHttpResponseCodec.java:52)
	at org.openqa.selenium.remote.HttpCommandExecutor.execute(HttpCommandExecutor.java:191)
	at org.openqa.selenium.remote.service.DriverCommandExecutor.invokeExecute(DriverCommandExecutor.java:196)
	at org.openqa.selenium.remote.service.DriverCommandExecutor.execute(DriverCommandExecutor.java:171)
	at org.openqa.selenium.remote.RemoteWebDriver.execute(RemoteWebDriver.java:602)
	at org.openqa.selenium.remote.RemoteWebDriver.get(RemoteWebDriver.java:304)
	at com.utils.DriverClass.openPage(DriverClass.java:28)
	at com.stepdefinition.OrangeLoginStepDefinition.open_browser_orange_hrm(OrangeLoginStepDefinition.java:20)
	at âœ½.Open Browser OrangeHRM "https://opensource-demo.orangehrmlive.com/web/index.php/auth/login"(file:///C:/Users/sjamadar/Desktop/SeleniumGit/Pilot_Project/PilotProjectOrangeHRM/src/test/resources/Features/Admin_Organization.feature:4)
</textarea>
										</td>
									</tr>
									<tr>
										<td>Sep 28, 2023 04:07:18 PM</td>
										<td class='linked' test-id='81'>com.stepdefinition.HooKs.takeScreenshot(io.cucumber.java.Scenario)</td>
										<td>
											<textarea disabled class="code-block">org.openqa.selenium.NoSuchWindowException: no such window: target window already closed
from unknown error: web view not found
  (Session info: chrome=117.0.5938.92)
Build info: version: '4.12.1', revision: '8e34639b11'
System info: os.name: 'Windows 10', os.arch: 'amd64', os.version: '10.0', java.version: '17.0.7'
Driver info: org.openqa.selenium.chrome.ChromeDriver
Command: [aa84f62aea6a9863ef17d746000ba9b3, get {url=https://opensource-demo.orangehrmlive.com/web/index.php/auth/login}]
Capabilities {acceptInsecureCerts: false, browserName: chrome, browserVersion: 117.0.5938.92, chrome: {chromedriverVersion: 117.0.5938.92 (67649b10b92b..., userDataDir: C:\Users\sjamadar\AppData\L...}, fedcm:accounts: true, goog:chromeOptions: {debuggerAddress: localhost:56077}, networkConnectionEnabled: false, pageLoadStrategy: normal, platformName: windows, proxy: Proxy(), se:cdp: ws://localhost:56077/devtoo..., se:cdpVersion: 117.0.5938.92, setWindowRect: true, strictFileInteractability: false, timeouts: {implicit: 0, pageLoad: 300000, script: 30000}, unhandledPromptBehavior: dismiss and notify, webauthn:extension:credBlob: true, webauthn:extension:largeBlob: true, webauthn:extension:minPinLength: true, webauthn:extension:prf: true, webauthn:virtualAuthenticators: true}
Session ID: aa84f62aea6a9863ef17d746000ba9b3
	at java.base/jdk.internal.reflect.NativeConstructorAccessorImpl.newInstance0(Native Method)
	at java.base/jdk.internal.reflect.NativeConstructorAccessorImpl.newInstance(NativeConstructorAccessorImpl.java:77)
	at java.base/jdk.internal.reflect.DelegatingConstructorAccessorImpl.newInstance(DelegatingConstructorAccessorImpl.java:45)
	at java.base/java.lang.reflect.Constructor.newInstanceWithCaller(Constructor.java:499)
	at java.base/java.lang.reflect.Constructor.newInstance(Constructor.java:480)
	at org.openqa.selenium.remote.codec.w3c.W3CHttpResponseCodec.createException(W3CHttpResponseCodec.java:200)
	at org.openqa.selenium.remote.codec.w3c.W3CHttpResponseCodec.decode(W3CHttpResponseCodec.java:133)
	at org.openqa.selenium.remote.codec.w3c.W3CHttpResponseCodec.decode(W3CHttpResponseCodec.java:52)
	at org.openqa.selenium.remote.HttpCommandExecutor.execute(HttpCommandExecutor.java:191)
	at org.openqa.selenium.remote.service.DriverCommandExecutor.invokeExecute(DriverCommandExecutor.java:196)
	at org.openqa.selenium.remote.service.DriverCommandExecutor.execute(DriverCommandExecutor.java:171)
	at org.openqa.selenium.remote.RemoteWebDriver.execute(RemoteWebDriver.java:602)
	at org.openqa.selenium.remote.RemoteWebDriver.get(RemoteWebDriver.java:304)
	at com.utils.DriverClass.openPage(DriverClass.java:28)
	at com.stepdefinition.OrangeLoginStepDefinition.open_browser_orange_hrm(OrangeLoginStepDefinition.java:20)
	at âœ½.Open Browser OrangeHRM "https://opensource-demo.orangehrmlive.com/web/index.php/auth/login"(file:///C:/Users/sjamadar/Desktop/SeleniumGit/Pilot_Project/PilotProjectOrangeHRM/src/test/resources/Features/Admin_Organization.feature:4)
</textarea>
										</td>
									</tr>
									<tr>
										<td>Sep 28, 2023 04:07:18 PM</td>
										<td class='linked' test-id='82'>com.stepdefinition.HooKs.setLogout()</td>
										<td>
											<textarea disabled class="code-block">org.openqa.selenium.NoSuchWindowException: no such window: target window already closed
from unknown error: web view not found
  (Session info: chrome=117.0.5938.92)
Build info: version: '4.12.1', revision: '8e34639b11'
System info: os.name: 'Windows 10', os.arch: 'amd64', os.version: '10.0', java.version: '17.0.7'
Driver info: org.openqa.selenium.chrome.ChromeDriver
Command: [aa84f62aea6a9863ef17d746000ba9b3, get {url=https://opensource-demo.orangehrmlive.com/web/index.php/auth/login}]
Capabilities {acceptInsecureCerts: false, browserName: chrome, browserVersion: 117.0.5938.92, chrome: {chromedriverVersion: 117.0.5938.92 (67649b10b92b..., userDataDir: C:\Users\sjamadar\AppData\L...}, fedcm:accounts: true, goog:chromeOptions: {debuggerAddress: localhost:56077}, networkConnectionEnabled: false, pageLoadStrategy: normal, platformName: windows, proxy: Proxy(), se:cdp: ws://localhost:56077/devtoo..., se:cdpVersion: 117.0.5938.92, setWindowRect: true, strictFileInteractability: false, timeouts: {implicit: 0, pageLoad: 300000, script: 30000}, unhandledPromptBehavior: dismiss and notify, webauthn:extension:credBlob: true, webauthn:extension:largeBlob: true, webauthn:extension:minPinLength: true, webauthn:extension:prf: true, webauthn:virtualAuthenticators: true}
Session ID: aa84f62aea6a9863ef17d746000ba9b3
	at java.base/jdk.internal.reflect.NativeConstructorAccessorImpl.newInstance0(Native Method)
	at java.base/jdk.internal.reflect.NativeConstructorAccessorImpl.newInstance(NativeConstructorAccessorImpl.java:77)
	at java.base/jdk.internal.reflect.DelegatingConstructorAccessorImpl.newInstance(DelegatingConstructorAccessorImpl.java:45)
	at java.base/java.lang.reflect.Constructor.newInstanceWithCaller(Constructor.java:499)
	at java.base/java.lang.reflect.Constructor.newInstance(Constructor.java:480)
	at org.openqa.selenium.remote.codec.w3c.W3CHttpResponseCodec.createException(W3CHttpResponseCodec.java:200)
	at org.openqa.selenium.remote.codec.w3c.W3CHttpResponseCodec.decode(W3CHttpResponseCodec.java:133)
	at org.openqa.selenium.remote.codec.w3c.W3CHttpResponseCodec.decode(W3CHttpResponseCodec.java:52)
	at org.openqa.selenium.remote.HttpCommandExecutor.execute(HttpCommandExecutor.java:191)
	at org.openqa.selenium.remote.service.DriverCommandExecutor.invokeExecute(DriverCommandExecutor.java:196)
	at org.openqa.selenium.remote.service.DriverCommandExecutor.execute(DriverCommandExecutor.java:171)
	at org.openqa.selenium.remote.RemoteWebDriver.execute(RemoteWebDriver.java:602)
	at org.openqa.selenium.remote.RemoteWebDriver.get(RemoteWebDriver.java:304)
	at com.utils.DriverClass.openPage(DriverClass.java:28)
	at com.stepdefinition.OrangeLoginStepDefinition.open_browser_orange_hrm(OrangeLoginStepDefinition.java:20)
	at âœ½.Open Browser OrangeHRM "https://opensource-demo.orangehrmlive.com/web/index.php/auth/login"(file:///C:/Users/sjamadar/Desktop/SeleniumGit/Pilot_Project/PilotProjectOrangeHRM/src/test/resources/Features/Admin_Organization.feature:4)
</textarea>
										</td>
									</tr>
								</tbody>
							</table>
						</div>
					</div>
				</li>
			</ul>
		</div>
	</div>
	<div class='subview-right left'>
		<div class='view-summary'>
			<h5 class='exception-name'></h5>
		</div>
	</div>
</div>
<!-- exception view --><div id='dashboard-view' class='view hide'>
	<div class='card-panel transparent np-v'>
		<h5>Dashboard</h5>

		<div class='row'>
			<div class='col s2'>
				<div class='card-panel r'>
					Features
					<div class='panel-lead'>4</div>
				</div>
			</div>
			<div class='col s2'>
				<div class='card-panel r'>
					Scenarios
					<div class='panel-lead'>8</div>
				</div>
			</div>
			<div class='col s2'>
				<div class='card-panel r'>
					Steps
					<div class='panel-lead'>69</div>
				</div>
			</div>
			<div class='col s2'>
				<div class='card-panel r'>
					Start
					<div class='panel-lead'>Sep 28, 2023 04:06:26 PM</div>
				</div>
			</div>
			<div class='col s2'>
				<div class='card-panel r'>
			 		End
			 		<div class='panel-lead'>Sep 28, 2023 04:07:18 PM</div>
				</div>
			</div>
			<div class='col s2'>
				<div class='card-panel r'>
					Time Taken
					<div class='panel-lead'>00 00 51.855</div>
				</div>
			</div>
			<div class='col s4'>
				<div class='card-panel dashboard-environment'>
					<span class='right label cyan white-text'>Environment</span><p>&nbsp;</p>
					
					<table>
						<tr>
							<th>Name</th>
							<th>Value</th>
						</tr>
							<tr>
								<td>version</td>
								<td>10</td>
							</tr>
							<tr>
								<td>os</td>
								<td>windows</td>
							</tr>
					</table>
				</div>
			</div>
			<div class='col s6'>
				<div class='card-panel dashboard-categories'>
					<span class='right label cyan white-text'>Categories</span><p>&nbsp;</p>
					
					<table>
						<tr>
							<th>Name</th>
							<th>Passed</th>
							<th>Failed</th>
							<th>Skipped</th>
							<th>Passed %</th>
						</tr>
						<tr>
							<td>@UserCreation</td>
							<td>0</td>
							<td>1</td>
							<td>0</td>
							<td>
									0%
							</td>
						</tr>
						<tr>
							<td>@UserCreationValidation</td>
							<td>0</td>
							<td>1</td>
							<td>0</td>
							<td>
									0%
							</td>
						</tr>
						<tr>
							<td>@CreatingUserByLocation</td>
							<td>0</td>
							<td>1</td>
							<td>0</td>
							<td>
									0%
							</td>
						</tr>
						<tr>
							<td>@Invalid_Credential</td>
							<td>0</td>
							<td>1</td>
							<td>0</td>
							<td>
									0%
							</td>
						</tr>
						<tr>
							<td>@ValidatingUserByLocationInOraganization</td>
							<td>0</td>
							<td>1</td>
							<td>0</td>
							<td>
									0%
							</td>
						</tr>
						<tr>
							<td>@ValidatingGeneralInfo</td>
							<td>0</td>
							<td>1</td>
							<td>0</td>
							<td>
									0%
							</td>
						</tr>
						<tr>
							<td>@Valid_Credential</td>
							<td>0</td>
							<td>1</td>
							<td>0</td>
							<td>
									0%
							</td>
						</tr>
						<tr>
							<td>@ValidatingPayGrade</td>
							<td>0</td>
							<td>1</td>
							<td>0</td>
							<td>
									0%
							</td>
						</tr>
					</table>
				</div>
			</div>
		</div>
	</div>
</div>
<!-- dashboard view -->
		</div>
		<!-- container -->
		<script>
			var statusGroup = {
                parentCount: 4,
				passParent: 0,
				failParent: 4,
				fatalParent: 0,
				errorParent: 0,
				warningParent: 0,
				skipParent: 0,
				childCount: 8,
				passChild: 0,
				failChild: 8,
				fatalChild: 0,
				errorChild: 0,
				warningChild: 0,
				skipChild: 0,
				infoChild: 0,
				grandChildCount: 69,
				passGrandChild: 1,
				failGrandChild: 23,
				fatalGrandChild: 0,
				errorGrandChild: 0,
				warningGrandChild: 0,
				skipGrandChild: 45,
				infoGrandChild: 0,
			};
			</script>
		
		<script>
			var timeline = {
			        "Validating the Admin Functionality in Pay Grades":50.288,"Validating the Admin Functionality in Organization":0.14,"Validating the Admin UserMagement Functionality":0.054,"Orange HRM Login feature test":0.069
			};
		</script>
		
		  <script src='http://cdn.jsdelivr.net/gh/extent-framework/extent-github-cdn@ff53917fbbdb5ef820abbbe4d199a6942dc771ff/v3html/js/extent.js' type='text/javascript'></script>
		
		
		<script type='text/javascript'>
				
		</script> 

	</body>
</html>