<?xml version="1.0" encoding="UTF-8"?>
<testng-results ignored="0" total="1" passed="1" failed="0" skipped="0">
  <reporter-output>
  </reporter-output>
  <suite started-at="2023-09-22T23:20:27 IST" name="Default suite" finished-at="2023-09-22T23:20:50 IST" duration-ms="22657">
    <groups>
      <group name="cucumber">
        <method signature="AbstractTestNGCucumberTests.runScenario(io.cucumber.testng.PickleWrapper,io.cucumber.testng.FeatureWrapper)[pri:0, instance:com.runner.RunnerClass$CucumberRunnerTests@548a24a]" name="runScenario" class="io.cucumber.testng.AbstractTestNGCucumberTests"/>
      </group> <!-- cucumber -->
    </groups>
    <test started-at="2023-09-22T23:20:27 IST" name="Default test" finished-at="2023-09-22T23:20:50 IST" duration-ms="22657">
      <class name="com.runner.RunnerClass$CucumberRunnerTests">
        <test-method is-config="true" signature="setUpClass(org.testng.ITestContext)[pri:0, instance:com.runner.RunnerClass$CucumberRunnerTests@548a24a]" started-at="2023-09-22T23:20:27 IST" name="setUpClass" finished-at="2023-09-22T23:20:28 IST" duration-ms="484" status="PASS">
          <params>
            <param index="0">
              <value>
                <![CDATA[org.testng.TestRunner@27dc627a]]>
              </value>
            </param>
          </params>
          <reporter-output>
          </reporter-output>
        </test-method> <!-- setUpClass -->
        <test-method signature="runScenario(io.cucumber.testng.PickleWrapper,io.cucumber.testng.FeatureWrapper)[pri:0, instance:com.runner.RunnerClass$CucumberRunnerTests@548a24a]" started-at="2023-09-22T23:20:28 IST" name="runScenario" description="Runs Cucumber Scenarios" data-provider="scenarios" finished-at="2023-09-22T23:20:50 IST" duration-ms="22108" status="PASS">
          <params>
            <param index="0">
              <value>
                <![CDATA["To validate the Login feature of the OrangeHRM"]]>
              </value>
            </param>
            <param index="1">
              <value>
                <![CDATA["Orange HRM Login feature test"]]>
              </value>
            </param>
          </params>
          <reporter-output>
          </reporter-output>
        </test-method> <!-- runScenario -->
        <test-method is-config="true" signature="tearDownClass()[pri:0, instance:com.runner.RunnerClass$CucumberRunnerTests@548a24a]" started-at="2023-09-22T23:20:50 IST" name="tearDownClass" finished-at="2023-09-22T23:20:50 IST" duration-ms="11" status="PASS">
          <reporter-output>
          </reporter-output>
        </test-method> <!-- tearDownClass -->
      </class> <!-- com.runner.RunnerClass$CucumberRunnerTests -->
    </test> <!-- Default test -->
  </suite> <!-- Default suite -->
</testng-results>
