<?xml version="1.0" encoding="UTF-8"?>
<testng-results ignored="0" total="1" passed="1" failed="0" skipped="0">
  <reporter-output>
  </reporter-output>
  <suite started-at="2023-09-29T12:29:41 IST" name="Default suite" finished-at="2023-09-29T12:29:51 IST" duration-ms="10087">
    <groups>
    </groups>
    <test started-at="2023-09-29T12:29:41 IST" name="Default test" finished-at="2023-09-29T12:29:51 IST" duration-ms="10087">
      <class name="com.runner.Orange">
        <test-method signature="f()[pri:0, instance:com.runner.Orange@7ef82753]" started-at="2023-09-29T12:29:41 IST" name="f" finished-at="2023-09-29T12:29:51 IST" duration-ms="10045" status="PASS">
          <reporter-output>
          </reporter-output>
        </test-method> <!-- f -->
      </class> <!-- com.runner.Orange -->
    </test> <!-- Default test -->
  </suite> <!-- Default suite -->
</testng-results>
